2024-10-14 17:20:14,414   INFO  **********************Start logging**********************
2024-10-14 17:20:14,414   INFO  CUDA_VISIBLE_DEVICES=2,3
2024-10-14 17:20:14,414   INFO  Training in distributed mode : total_batch_size: 6
2024-10-14 17:20:14,414   INFO  cfg_file         cfgs/waymo_models/centerpoint_dyn_pillar_1x.yaml
2024-10-14 17:20:14,414   INFO  batch_size       3
2024-10-14 17:20:14,414   INFO  epochs           80
2024-10-14 17:20:14,414   INFO  workers          4
2024-10-14 17:20:14,414   INFO  extra_tag        default
2024-10-14 17:20:14,414   INFO  ckpt             None
2024-10-14 17:20:14,414   INFO  pretrained_model /home/ailab/git/Team_3/baseline_code_and_model/03_3D객체검출차량용/02_baseline_code_and_model/output/waymo_models/centerpoint_dyn_pillar_1x/default/ckpt/checkpoint_epoch_62.pth
2024-10-14 17:20:14,414   INFO  launcher         pytorch
2024-10-14 17:20:14,414   INFO  tcp_port         18888
2024-10-14 17:20:14,414   INFO  sync_bn          False
2024-10-14 17:20:14,414   INFO  fix_random_seed  False
2024-10-14 17:20:14,414   INFO  ckpt_save_interval 1
2024-10-14 17:20:14,414   INFO  local_rank       0
2024-10-14 17:20:14,414   INFO  max_ckpt_save_num 30
2024-10-14 17:20:14,414   INFO  merge_all_iters_to_one_epoch False
2024-10-14 17:20:14,414   INFO  set_cfgs         None
2024-10-14 17:20:14,414   INFO  max_waiting_mins 0
2024-10-14 17:20:14,414   INFO  start_epoch      0
2024-10-14 17:20:14,414   INFO  num_epochs_to_eval 0
2024-10-14 17:20:14,414   INFO  save_to_file     False
2024-10-14 17:20:14,414   INFO  use_tqdm_to_record False
2024-10-14 17:20:14,414   INFO  logger_iter_interval 50
2024-10-14 17:20:14,414   INFO  ckpt_save_time_interval 300
2024-10-14 17:20:14,414   INFO  wo_gpu_stat      False
2024-10-14 17:20:14,414   INFO  use_amp          False
2024-10-14 17:20:14,414   INFO  cfg.ROOT_DIR: /home/ailab/git/Team_3/baseline_code_and_model/03_3D객체검출차량용/02_baseline_code_and_model
2024-10-14 17:20:14,415   INFO  cfg.LOCAL_RANK: 0
2024-10-14 17:20:14,415   INFO  cfg.CLASS_NAMES: ['Vehicle', 'Pedestrian', 'Cyclist']
2024-10-14 17:20:14,415   INFO  ----------- DATA_CONFIG -----------
2024-10-14 17:20:14,415   INFO  cfg.DATA_CONFIG.DATASET: CustomAvDataset
2024-10-14 17:20:14,415   INFO  cfg.DATA_CONFIG.DATA_PATH: /home/ailab/AILabDataset/01_Open_Dataset/39_AutoDna/3d_object_detection/3d_mod_av_db
2024-10-14 17:20:14,415   INFO  cfg.DATA_CONFIG.POINT_CLOUD_RANGE: [-70.0, -70.0, -4.0, 70.0, 70.0, 4.0]
2024-10-14 17:20:14,415   INFO  ----------- MAP_CLASS_TO_KITTI -----------
2024-10-14 17:20:14,415   INFO  cfg.DATA_CONFIG.MAP_CLASS_TO_KITTI.Vehicle: Car
2024-10-14 17:20:14,415   INFO  cfg.DATA_CONFIG.MAP_CLASS_TO_KITTI.Pedestrian: Pedestrian
2024-10-14 17:20:14,415   INFO  cfg.DATA_CONFIG.MAP_CLASS_TO_KITTI.Cyclist: Cyclist
2024-10-14 17:20:14,415   INFO  ----------- DATA_SPLIT -----------
2024-10-14 17:20:14,415   INFO  cfg.DATA_CONFIG.DATA_SPLIT.train: train
2024-10-14 17:20:14,415   INFO  cfg.DATA_CONFIG.DATA_SPLIT.test: val
2024-10-14 17:20:14,415   INFO  ----------- INFO_PATH -----------
2024-10-14 17:20:14,415   INFO  cfg.DATA_CONFIG.INFO_PATH.train: ['Team_3_custom_av_infos_train.pkl']
2024-10-14 17:20:14,415   INFO  cfg.DATA_CONFIG.INFO_PATH.test: ['Team_3_custom_av_infos_val.pkl']
2024-10-14 17:20:14,415   INFO  ----------- POINT_FEATURE_ENCODING -----------
2024-10-14 17:20:14,415   INFO  cfg.DATA_CONFIG.POINT_FEATURE_ENCODING.encoding_type: absolute_coordinates_encoding
2024-10-14 17:20:14,415   INFO  cfg.DATA_CONFIG.POINT_FEATURE_ENCODING.used_feature_list: ['x', 'y', 'z']
2024-10-14 17:20:14,415   INFO  cfg.DATA_CONFIG.POINT_FEATURE_ENCODING.src_feature_list: ['x', 'y', 'z', 'intensity']
2024-10-14 17:20:14,415   INFO  ----------- DATA_AUGMENTOR -----------
2024-10-14 17:20:14,415   INFO  cfg.DATA_CONFIG.DATA_AUGMENTOR.DISABLE_AUG_LIST: ['placeholder']
2024-10-14 17:20:14,415   INFO  cfg.DATA_CONFIG.DATA_AUGMENTOR.AUG_CONFIG_LIST: [{'NAME': 'gt_sampling', 'USE_ROAD_PLANE': False, 'DB_INFO_PATH': ['Team_3_custom_av_dbinfos_train.pkl'], 'PREPARE': {'filter_by_min_points': ['Vehicle:5', 'Pedestrian:5', 'Cyclist:5']}, 'SAMPLE_GROUPS': ['Vehicle:15', 'Pedestrian:10', 'Cyclist:10'], 'NUM_POINT_FEATURES': 4, 'DATABASE_WITH_FAKELIDAR': False, 'REMOVE_EXTRA_WIDTH': [0.0, 0.0, 0.0], 'LIMIT_WHOLE_SCENE': True}, {'NAME': 'random_world_flip', 'ALONG_AXIS_LIST': ['x', 'y']}, {'NAME': 'random_world_rotation', 'WORLD_ROT_ANGLE': [-0.78539816, 0.78539816]}, {'NAME': 'random_world_scaling', 'WORLD_SCALE_RANGE': [0.95, 1.05]}]
2024-10-14 17:20:14,415   INFO  cfg.DATA_CONFIG.DATA_PROCESSOR: [{'NAME': 'mask_points_and_boxes_outside_range', 'REMOVE_OUTSIDE_BOXES': True}, {'NAME': 'shuffle_points', 'SHUFFLE_ENABLED': {'train': True, 'test': True}}, {'NAME': 'transform_points_to_voxels_placeholder', 'VOXEL_SIZE': [0.25, 0.25, 8.0]}]
2024-10-14 17:20:14,415   INFO  cfg.DATA_CONFIG._BASE_CONFIG_: cfgs/dataset_configs/custom_av_dataset.yaml
2024-10-14 17:20:14,415   INFO  ----------- MODEL -----------
2024-10-14 17:20:14,415   INFO  cfg.MODEL.NAME: CenterPoint
2024-10-14 17:20:14,415   INFO  ----------- VFE -----------
2024-10-14 17:20:14,415   INFO  cfg.MODEL.VFE.NAME: DynPillarVFE
2024-10-14 17:20:14,415   INFO  cfg.MODEL.VFE.WITH_DISTANCE: False
2024-10-14 17:20:14,415   INFO  cfg.MODEL.VFE.USE_ABSLOTE_XYZ: True
2024-10-14 17:20:14,416   INFO  cfg.MODEL.VFE.USE_NORM: True
2024-10-14 17:20:14,416   INFO  cfg.MODEL.VFE.NUM_FILTERS: [64, 64]
2024-10-14 17:20:14,416   INFO  ----------- MAP_TO_BEV -----------
2024-10-14 17:20:14,416   INFO  cfg.MODEL.MAP_TO_BEV.NAME: PointPillarScatter
2024-10-14 17:20:14,416   INFO  cfg.MODEL.MAP_TO_BEV.NUM_BEV_FEATURES: 64
2024-10-14 17:20:14,416   INFO  ----------- BACKBONE_2D -----------
2024-10-14 17:20:14,416   INFO  cfg.MODEL.BACKBONE_2D.NAME: BaseBEVBackbone
2024-10-14 17:20:14,416   INFO  cfg.MODEL.BACKBONE_2D.LAYER_NUMS: [3, 5, 5]
2024-10-14 17:20:14,416   INFO  cfg.MODEL.BACKBONE_2D.LAYER_STRIDES: [1, 2, 2]
2024-10-14 17:20:14,416   INFO  cfg.MODEL.BACKBONE_2D.NUM_FILTERS: [64, 128, 256]
2024-10-14 17:20:14,416   INFO  cfg.MODEL.BACKBONE_2D.UPSAMPLE_STRIDES: [1, 2, 4]
2024-10-14 17:20:14,416   INFO  cfg.MODEL.BACKBONE_2D.NUM_UPSAMPLE_FILTERS: [128, 128, 128]
2024-10-14 17:20:14,416   INFO  ----------- DENSE_HEAD -----------
2024-10-14 17:20:14,416   INFO  cfg.MODEL.DENSE_HEAD.NAME: CenterHead
2024-10-14 17:20:14,416   INFO  cfg.MODEL.DENSE_HEAD.CLASS_AGNOSTIC: False
2024-10-14 17:20:14,416   INFO  cfg.MODEL.DENSE_HEAD.CLASS_NAMES_EACH_HEAD: [['Vehicle', 'Pedestrian', 'Cyclist']]
2024-10-14 17:20:14,416   INFO  cfg.MODEL.DENSE_HEAD.SHARED_CONV_CHANNEL: 64
2024-10-14 17:20:14,416   INFO  cfg.MODEL.DENSE_HEAD.USE_BIAS_BEFORE_NORM: True
2024-10-14 17:20:14,416   INFO  cfg.MODEL.DENSE_HEAD.NUM_HM_CONV: 2
2024-10-14 17:20:14,416   INFO  ----------- SEPARATE_HEAD_CFG -----------
2024-10-14 17:20:14,416   INFO  cfg.MODEL.DENSE_HEAD.SEPARATE_HEAD_CFG.HEAD_ORDER: ['center', 'center_z', 'dim', 'rot']
2024-10-14 17:20:14,416   INFO  ----------- HEAD_DICT -----------
2024-10-14 17:20:14,416   INFO  ----------- center -----------
2024-10-14 17:20:14,416   INFO  cfg.MODEL.DENSE_HEAD.SEPARATE_HEAD_CFG.HEAD_DICT.center.out_channels: 2
2024-10-14 17:20:14,416   INFO  cfg.MODEL.DENSE_HEAD.SEPARATE_HEAD_CFG.HEAD_DICT.center.num_conv: 2
2024-10-14 17:20:14,416   INFO  ----------- center_z -----------
2024-10-14 17:20:14,416   INFO  cfg.MODEL.DENSE_HEAD.SEPARATE_HEAD_CFG.HEAD_DICT.center_z.out_channels: 1
2024-10-14 17:20:14,417   INFO  cfg.MODEL.DENSE_HEAD.SEPARATE_HEAD_CFG.HEAD_DICT.center_z.num_conv: 2
2024-10-14 17:20:14,417   INFO  ----------- dim -----------
2024-10-14 17:20:14,417   INFO  cfg.MODEL.DENSE_HEAD.SEPARATE_HEAD_CFG.HEAD_DICT.dim.out_channels: 3
2024-10-14 17:20:14,417   INFO  cfg.MODEL.DENSE_HEAD.SEPARATE_HEAD_CFG.HEAD_DICT.dim.num_conv: 2
2024-10-14 17:20:14,417   INFO  ----------- rot -----------
2024-10-14 17:20:14,417   INFO  cfg.MODEL.DENSE_HEAD.SEPARATE_HEAD_CFG.HEAD_DICT.rot.out_channels: 2
2024-10-14 17:20:14,417   INFO  cfg.MODEL.DENSE_HEAD.SEPARATE_HEAD_CFG.HEAD_DICT.rot.num_conv: 2
2024-10-14 17:20:14,417   INFO  ----------- TARGET_ASSIGNER_CONFIG -----------
2024-10-14 17:20:14,417   INFO  cfg.MODEL.DENSE_HEAD.TARGET_ASSIGNER_CONFIG.FEATURE_MAP_STRIDE: 1
2024-10-14 17:20:14,417   INFO  cfg.MODEL.DENSE_HEAD.TARGET_ASSIGNER_CONFIG.NUM_MAX_OBJS: 500
2024-10-14 17:20:14,417   INFO  cfg.MODEL.DENSE_HEAD.TARGET_ASSIGNER_CONFIG.GAUSSIAN_OVERLAP: 0.1
2024-10-14 17:20:14,417   INFO  cfg.MODEL.DENSE_HEAD.TARGET_ASSIGNER_CONFIG.MIN_RADIUS: 2
2024-10-14 17:20:14,417   INFO  ----------- LOSS_CONFIG -----------
2024-10-14 17:20:14,417   INFO  ----------- LOSS_WEIGHTS -----------
2024-10-14 17:20:14,417   INFO  cfg.MODEL.DENSE_HEAD.LOSS_CONFIG.LOSS_WEIGHTS.cls_weight: 1.0
2024-10-14 17:20:14,417   INFO  cfg.MODEL.DENSE_HEAD.LOSS_CONFIG.LOSS_WEIGHTS.loc_weight: 2.0
2024-10-14 17:20:14,417   INFO  cfg.MODEL.DENSE_HEAD.LOSS_CONFIG.LOSS_WEIGHTS.code_weights: [1.0, 1.0, 1.0, 1.0, 1.0, 1.0, 1.0, 1.0]
2024-10-14 17:20:14,417   INFO  ----------- POST_PROCESSING -----------
2024-10-14 17:20:14,417   INFO  cfg.MODEL.DENSE_HEAD.POST_PROCESSING.SCORE_THRESH: 0.1
2024-10-14 17:20:14,417   INFO  cfg.MODEL.DENSE_HEAD.POST_PROCESSING.POST_CENTER_LIMIT_RANGE: [-80, -80, -10.0, 80, 80, 10.0]
2024-10-14 17:20:14,417   INFO  cfg.MODEL.DENSE_HEAD.POST_PROCESSING.MAX_OBJ_PER_SAMPLE: 500
2024-10-14 17:20:14,417   INFO  ----------- NMS_CONFIG -----------
2024-10-14 17:20:14,417   INFO  cfg.MODEL.DENSE_HEAD.POST_PROCESSING.NMS_CONFIG.NMS_TYPE: nms_gpu
2024-10-14 17:20:14,417   INFO  cfg.MODEL.DENSE_HEAD.POST_PROCESSING.NMS_CONFIG.NMS_THRESH: 0.7
2024-10-14 17:20:14,417   INFO  cfg.MODEL.DENSE_HEAD.POST_PROCESSING.NMS_CONFIG.NMS_PRE_MAXSIZE: 4096
2024-10-14 17:20:14,418   INFO  cfg.MODEL.DENSE_HEAD.POST_PROCESSING.NMS_CONFIG.NMS_POST_MAXSIZE: 500
2024-10-14 17:20:14,418   INFO  ----------- POST_PROCESSING -----------
2024-10-14 17:20:14,418   INFO  cfg.MODEL.POST_PROCESSING.RECALL_THRESH_LIST: [0.3, 0.5, 0.7]
2024-10-14 17:20:14,418   INFO  cfg.MODEL.POST_PROCESSING.EVAL_METRIC: waymo
2024-10-14 17:20:14,418   INFO  ----------- OPTIMIZATION -----------
2024-10-14 17:20:14,418   INFO  cfg.OPTIMIZATION.BATCH_SIZE_PER_GPU: 3
2024-10-14 17:20:14,418   INFO  cfg.OPTIMIZATION.NUM_EPOCHS: 80
2024-10-14 17:20:14,418   INFO  cfg.OPTIMIZATION.OPTIMIZER: adam_onecycle
2024-10-14 17:20:14,418   INFO  cfg.OPTIMIZATION.LR: 0.003
2024-10-14 17:20:14,418   INFO  cfg.OPTIMIZATION.WEIGHT_DECAY: 0.01
2024-10-14 17:20:14,418   INFO  cfg.OPTIMIZATION.MOMENTUM: 0.9
2024-10-14 17:20:14,418   INFO  cfg.OPTIMIZATION.MOMS: [0.95, 0.85]
2024-10-14 17:20:14,418   INFO  cfg.OPTIMIZATION.PCT_START: 0.4
2024-10-14 17:20:14,418   INFO  cfg.OPTIMIZATION.DIV_FACTOR: 10
2024-10-14 17:20:14,418   INFO  cfg.OPTIMIZATION.DECAY_STEP_LIST: [35, 45]
2024-10-14 17:20:14,418   INFO  cfg.OPTIMIZATION.LR_DECAY: 0.1
2024-10-14 17:20:14,418   INFO  cfg.OPTIMIZATION.LR_CLIP: 1e-07
2024-10-14 17:20:14,418   INFO  cfg.OPTIMIZATION.LR_WARMUP: False
2024-10-14 17:20:14,418   INFO  cfg.OPTIMIZATION.WARMUP_EPOCH: 1
2024-10-14 17:20:14,418   INFO  cfg.OPTIMIZATION.GRAD_NORM_CLIP: 10
2024-10-14 17:20:14,418   INFO  cfg.TAG: centerpoint_dyn_pillar_1x
2024-10-14 17:20:14,418   INFO  cfg.EXP_GROUP_PATH: waymo_models
2024-10-14 17:20:14,470   INFO  ----------- Create dataloader & network & optimizer -----------
2024-10-14 17:20:14,815   INFO  Database filter by min points Vehicle: 84700 => 83962
2024-10-14 17:20:14,822   INFO  Database filter by min points Pedestrian: 46175 => 45511
2024-10-14 17:20:14,823   INFO  Database filter by min points Cyclist: 3054 => 3018
2024-10-14 17:20:14,827   INFO  Loading Custom AV dataset.
2024-10-14 17:20:14,871   INFO  Total samples for Custom AV dataset: 3950
