2024-10-14 16:10:12,795   INFO  **********************Start logging**********************
2024-10-14 16:10:12,795   INFO  CUDA_VISIBLE_DEVICES=2,3
2024-10-14 16:10:12,795   INFO  Training in distributed mode : total_batch_size: 6
2024-10-14 16:10:12,795   INFO  cfg_file         cfgs/waymo_models/centerpoint_dyn_pillar_1x.yaml
2024-10-14 16:10:12,795   INFO  batch_size       3
2024-10-14 16:10:12,795   INFO  epochs           80
2024-10-14 16:10:12,795   INFO  workers          4
2024-10-14 16:10:12,795   INFO  extra_tag        default
2024-10-14 16:10:12,795   INFO  ckpt             None
2024-10-14 16:10:12,795   INFO  pretrained_model None
2024-10-14 16:10:12,796   INFO  launcher         pytorch
2024-10-14 16:10:12,796   INFO  tcp_port         18888
2024-10-14 16:10:12,796   INFO  sync_bn          False
2024-10-14 16:10:12,796   INFO  fix_random_seed  False
2024-10-14 16:10:12,796   INFO  ckpt_save_interval 1
2024-10-14 16:10:12,796   INFO  local_rank       0
2024-10-14 16:10:12,796   INFO  max_ckpt_save_num 30
2024-10-14 16:10:12,796   INFO  merge_all_iters_to_one_epoch False
2024-10-14 16:10:12,796   INFO  set_cfgs         None
2024-10-14 16:10:12,796   INFO  max_waiting_mins 0
2024-10-14 16:10:12,796   INFO  start_epoch      0
2024-10-14 16:10:12,796   INFO  num_epochs_to_eval 0
2024-10-14 16:10:12,796   INFO  save_to_file     False
2024-10-14 16:10:12,796   INFO  use_tqdm_to_record False
2024-10-14 16:10:12,796   INFO  logger_iter_interval 50
2024-10-14 16:10:12,796   INFO  ckpt_save_time_interval 300
2024-10-14 16:10:12,796   INFO  wo_gpu_stat      False
2024-10-14 16:10:12,796   INFO  use_amp          False
2024-10-14 16:10:12,796   INFO  cfg.ROOT_DIR: /home/ailab/git/Team_3/baseline_code_and_model/03_3D객체검출차량용/02_baseline_code_and_model
2024-10-14 16:10:12,796   INFO  cfg.LOCAL_RANK: 0
2024-10-14 16:10:12,797   INFO  cfg.CLASS_NAMES: ['Vehicle', 'Pedestrian', 'Cyclist']
2024-10-14 16:10:12,797   INFO  ----------- DATA_CONFIG -----------
2024-10-14 16:10:12,797   INFO  cfg.DATA_CONFIG.DATASET: CustomAvDataset
2024-10-14 16:10:12,797   INFO  cfg.DATA_CONFIG.DATA_PATH: /home/ailab/AILabDataset/01_Open_Dataset/39_AutoDna/3d_object_detection/3d_mod_av_db
2024-10-14 16:10:12,797   INFO  cfg.DATA_CONFIG.POINT_CLOUD_RANGE: [-70.0, -70.0, -4.0, 70.0, 70.0, 4.0]
2024-10-14 16:10:12,797   INFO  ----------- MAP_CLASS_TO_KITTI -----------
2024-10-14 16:10:12,797   INFO  cfg.DATA_CONFIG.MAP_CLASS_TO_KITTI.Vehicle: Car
2024-10-14 16:10:12,797   INFO  cfg.DATA_CONFIG.MAP_CLASS_TO_KITTI.Pedestrian: Pedestrian
2024-10-14 16:10:12,797   INFO  cfg.DATA_CONFIG.MAP_CLASS_TO_KITTI.Cyclist: Cyclist
2024-10-14 16:10:12,797   INFO  ----------- DATA_SPLIT -----------
2024-10-14 16:10:12,797   INFO  cfg.DATA_CONFIG.DATA_SPLIT.train: train
2024-10-14 16:10:12,797   INFO  cfg.DATA_CONFIG.DATA_SPLIT.test: val
2024-10-14 16:10:12,797   INFO  ----------- INFO_PATH -----------
2024-10-14 16:10:12,797   INFO  cfg.DATA_CONFIG.INFO_PATH.train: ['Team_3_custom_av_infos_train.pkl']
2024-10-14 16:10:12,797   INFO  cfg.DATA_CONFIG.INFO_PATH.test: ['Team_3_custom_av_infos_val.pkl']
2024-10-14 16:10:12,797   INFO  ----------- POINT_FEATURE_ENCODING -----------
2024-10-14 16:10:12,797   INFO  cfg.DATA_CONFIG.POINT_FEATURE_ENCODING.encoding_type: absolute_coordinates_encoding
2024-10-14 16:10:12,797   INFO  cfg.DATA_CONFIG.POINT_FEATURE_ENCODING.used_feature_list: ['x', 'y', 'z']
2024-10-14 16:10:12,798   INFO  cfg.DATA_CONFIG.POINT_FEATURE_ENCODING.src_feature_list: ['x', 'y', 'z', 'intensity']
2024-10-14 16:10:12,798   INFO  ----------- DATA_AUGMENTOR -----------
2024-10-14 16:10:12,798   INFO  cfg.DATA_CONFIG.DATA_AUGMENTOR.DISABLE_AUG_LIST: ['placeholder']
2024-10-14 16:10:12,798   INFO  cfg.DATA_CONFIG.DATA_AUGMENTOR.AUG_CONFIG_LIST: [{'NAME': 'gt_sampling', 'USE_ROAD_PLANE': False, 'DB_INFO_PATH': ['Team_3_custom_av_dbinfos_train.pkl'], 'PREPARE': {'filter_by_min_points': ['Vehicle:5', 'Pedestrian:5', 'Cyclist:5']}, 'SAMPLE_GROUPS': ['Vehicle:15', 'Pedestrian:10', 'Cyclist:10'], 'NUM_POINT_FEATURES': 4, 'DATABASE_WITH_FAKELIDAR': False, 'REMOVE_EXTRA_WIDTH': [0.0, 0.0, 0.0], 'LIMIT_WHOLE_SCENE': True}, {'NAME': 'random_world_flip', 'ALONG_AXIS_LIST': ['x', 'y']}, {'NAME': 'random_world_rotation', 'WORLD_ROT_ANGLE': [-0.78539816, 0.78539816]}, {'NAME': 'random_world_scaling', 'WORLD_SCALE_RANGE': [0.95, 1.05]}]
2024-10-14 16:10:12,798   INFO  cfg.DATA_CONFIG.DATA_PROCESSOR: [{'NAME': 'mask_points_and_boxes_outside_range', 'REMOVE_OUTSIDE_BOXES': True}, {'NAME': 'shuffle_points', 'SHUFFLE_ENABLED': {'train': True, 'test': True}}, {'NAME': 'transform_points_to_voxels_placeholder', 'VOXEL_SIZE': [0.25, 0.25, 8.0]}]
2024-10-14 16:10:12,798   INFO  cfg.DATA_CONFIG._BASE_CONFIG_: cfgs/dataset_configs/custom_av_dataset.yaml
2024-10-14 16:10:12,798   INFO  ----------- MODEL -----------
2024-10-14 16:10:12,798   INFO  cfg.MODEL.NAME: CenterPoint
2024-10-14 16:10:12,798   INFO  ----------- VFE -----------
2024-10-14 16:10:12,798   INFO  cfg.MODEL.VFE.NAME: DynPillarVFE
2024-10-14 16:10:12,798   INFO  cfg.MODEL.VFE.WITH_DISTANCE: False
2024-10-14 16:10:12,798   INFO  cfg.MODEL.VFE.USE_ABSLOTE_XYZ: True
2024-10-14 16:10:12,798   INFO  cfg.MODEL.VFE.USE_NORM: True
2024-10-14 16:10:12,798   INFO  cfg.MODEL.VFE.NUM_FILTERS: [64, 64]
2024-10-14 16:10:12,798   INFO  ----------- MAP_TO_BEV -----------
2024-10-14 16:10:12,798   INFO  cfg.MODEL.MAP_TO_BEV.NAME: PointPillarScatter
2024-10-14 16:10:12,798   INFO  cfg.MODEL.MAP_TO_BEV.NUM_BEV_FEATURES: 64
2024-10-14 16:10:12,798   INFO  ----------- BACKBONE_2D -----------
2024-10-14 16:10:12,799   INFO  cfg.MODEL.BACKBONE_2D.NAME: BaseBEVBackbone
2024-10-14 16:10:12,799   INFO  cfg.MODEL.BACKBONE_2D.LAYER_NUMS: [3, 5, 5]
2024-10-14 16:10:12,799   INFO  cfg.MODEL.BACKBONE_2D.LAYER_STRIDES: [1, 2, 2]
2024-10-14 16:10:12,799   INFO  cfg.MODEL.BACKBONE_2D.NUM_FILTERS: [64, 128, 256]
2024-10-14 16:10:12,799   INFO  cfg.MODEL.BACKBONE_2D.UPSAMPLE_STRIDES: [1, 2, 4]
2024-10-14 16:10:12,799   INFO  cfg.MODEL.BACKBONE_2D.NUM_UPSAMPLE_FILTERS: [128, 128, 128]
2024-10-14 16:10:12,799   INFO  ----------- DENSE_HEAD -----------
2024-10-14 16:10:12,799   INFO  cfg.MODEL.DENSE_HEAD.NAME: CenterHead
2024-10-14 16:10:12,799   INFO  cfg.MODEL.DENSE_HEAD.CLASS_AGNOSTIC: False
2024-10-14 16:10:12,799   INFO  cfg.MODEL.DENSE_HEAD.CLASS_NAMES_EACH_HEAD: [['Vehicle', 'Pedestrian', 'Cyclist']]
2024-10-14 16:10:12,799   INFO  cfg.MODEL.DENSE_HEAD.SHARED_CONV_CHANNEL: 64
2024-10-14 16:10:12,799   INFO  cfg.MODEL.DENSE_HEAD.USE_BIAS_BEFORE_NORM: True
2024-10-14 16:10:12,799   INFO  cfg.MODEL.DENSE_HEAD.NUM_HM_CONV: 2
2024-10-14 16:10:12,799   INFO  ----------- SEPARATE_HEAD_CFG -----------
2024-10-14 16:10:12,799   INFO  cfg.MODEL.DENSE_HEAD.SEPARATE_HEAD_CFG.HEAD_ORDER: ['center', 'center_z', 'dim', 'rot']
2024-10-14 16:10:12,799   INFO  ----------- HEAD_DICT -----------
2024-10-14 16:10:12,799   INFO  ----------- center -----------
2024-10-14 16:10:12,799   INFO  cfg.MODEL.DENSE_HEAD.SEPARATE_HEAD_CFG.HEAD_DICT.center.out_channels: 2
2024-10-14 16:10:12,799   INFO  cfg.MODEL.DENSE_HEAD.SEPARATE_HEAD_CFG.HEAD_DICT.center.num_conv: 2
2024-10-14 16:10:12,799   INFO  ----------- center_z -----------
2024-10-14 16:10:12,800   INFO  cfg.MODEL.DENSE_HEAD.SEPARATE_HEAD_CFG.HEAD_DICT.center_z.out_channels: 1
2024-10-14 16:10:12,800   INFO  cfg.MODEL.DENSE_HEAD.SEPARATE_HEAD_CFG.HEAD_DICT.center_z.num_conv: 2
2024-10-14 16:10:12,800   INFO  ----------- dim -----------
2024-10-14 16:10:12,800   INFO  cfg.MODEL.DENSE_HEAD.SEPARATE_HEAD_CFG.HEAD_DICT.dim.out_channels: 3
2024-10-14 16:10:12,800   INFO  cfg.MODEL.DENSE_HEAD.SEPARATE_HEAD_CFG.HEAD_DICT.dim.num_conv: 2
2024-10-14 16:10:12,800   INFO  ----------- rot -----------
2024-10-14 16:10:12,800   INFO  cfg.MODEL.DENSE_HEAD.SEPARATE_HEAD_CFG.HEAD_DICT.rot.out_channels: 2
2024-10-14 16:10:12,800   INFO  cfg.MODEL.DENSE_HEAD.SEPARATE_HEAD_CFG.HEAD_DICT.rot.num_conv: 2
2024-10-14 16:10:12,800   INFO  ----------- TARGET_ASSIGNER_CONFIG -----------
2024-10-14 16:10:12,800   INFO  cfg.MODEL.DENSE_HEAD.TARGET_ASSIGNER_CONFIG.FEATURE_MAP_STRIDE: 1
2024-10-14 16:10:12,800   INFO  cfg.MODEL.DENSE_HEAD.TARGET_ASSIGNER_CONFIG.NUM_MAX_OBJS: 500
2024-10-14 16:10:12,800   INFO  cfg.MODEL.DENSE_HEAD.TARGET_ASSIGNER_CONFIG.GAUSSIAN_OVERLAP: 0.1
2024-10-14 16:10:12,800   INFO  cfg.MODEL.DENSE_HEAD.TARGET_ASSIGNER_CONFIG.MIN_RADIUS: 2
2024-10-14 16:10:12,800   INFO  ----------- LOSS_CONFIG -----------
2024-10-14 16:10:12,800   INFO  ----------- LOSS_WEIGHTS -----------
2024-10-14 16:10:12,800   INFO  cfg.MODEL.DENSE_HEAD.LOSS_CONFIG.LOSS_WEIGHTS.cls_weight: 1.0
2024-10-14 16:10:12,800   INFO  cfg.MODEL.DENSE_HEAD.LOSS_CONFIG.LOSS_WEIGHTS.loc_weight: 2.0
2024-10-14 16:10:12,800   INFO  cfg.MODEL.DENSE_HEAD.LOSS_CONFIG.LOSS_WEIGHTS.code_weights: [1.0, 1.0, 1.0, 1.0, 1.0, 1.0, 1.0, 1.0]
2024-10-14 16:10:12,800   INFO  ----------- POST_PROCESSING -----------
2024-10-14 16:10:12,801   INFO  cfg.MODEL.DENSE_HEAD.POST_PROCESSING.SCORE_THRESH: 0.1
2024-10-14 16:10:12,801   INFO  cfg.MODEL.DENSE_HEAD.POST_PROCESSING.POST_CENTER_LIMIT_RANGE: [-80, -80, -10.0, 80, 80, 10.0]
2024-10-14 16:10:12,801   INFO  cfg.MODEL.DENSE_HEAD.POST_PROCESSING.MAX_OBJ_PER_SAMPLE: 500
2024-10-14 16:10:12,801   INFO  ----------- NMS_CONFIG -----------
2024-10-14 16:10:12,801   INFO  cfg.MODEL.DENSE_HEAD.POST_PROCESSING.NMS_CONFIG.NMS_TYPE: nms_gpu
2024-10-14 16:10:12,801   INFO  cfg.MODEL.DENSE_HEAD.POST_PROCESSING.NMS_CONFIG.NMS_THRESH: 0.7
2024-10-14 16:10:12,801   INFO  cfg.MODEL.DENSE_HEAD.POST_PROCESSING.NMS_CONFIG.NMS_PRE_MAXSIZE: 4096
2024-10-14 16:10:12,801   INFO  cfg.MODEL.DENSE_HEAD.POST_PROCESSING.NMS_CONFIG.NMS_POST_MAXSIZE: 500
2024-10-14 16:10:12,801   INFO  ----------- POST_PROCESSING -----------
2024-10-14 16:10:12,801   INFO  cfg.MODEL.POST_PROCESSING.RECALL_THRESH_LIST: [0.3, 0.5, 0.7]
2024-10-14 16:10:12,801   INFO  cfg.MODEL.POST_PROCESSING.EVAL_METRIC: waymo
2024-10-14 16:10:12,801   INFO  ----------- OPTIMIZATION -----------
2024-10-14 16:10:12,801   INFO  cfg.OPTIMIZATION.BATCH_SIZE_PER_GPU: 3
2024-10-14 16:10:12,801   INFO  cfg.OPTIMIZATION.NUM_EPOCHS: 80
2024-10-14 16:10:12,801   INFO  cfg.OPTIMIZATION.OPTIMIZER: adam_onecycle
2024-10-14 16:10:12,801   INFO  cfg.OPTIMIZATION.LR: 0.003
2024-10-14 16:10:12,801   INFO  cfg.OPTIMIZATION.WEIGHT_DECAY: 0.01
2024-10-14 16:10:12,801   INFO  cfg.OPTIMIZATION.MOMENTUM: 0.9
2024-10-14 16:10:12,802   INFO  cfg.OPTIMIZATION.MOMS: [0.95, 0.85]
2024-10-14 16:10:12,802   INFO  cfg.OPTIMIZATION.PCT_START: 0.4
2024-10-14 16:10:12,802   INFO  cfg.OPTIMIZATION.DIV_FACTOR: 10
2024-10-14 16:10:12,802   INFO  cfg.OPTIMIZATION.DECAY_STEP_LIST: [35, 45]
2024-10-14 16:10:12,802   INFO  cfg.OPTIMIZATION.LR_DECAY: 0.1
2024-10-14 16:10:12,802   INFO  cfg.OPTIMIZATION.LR_CLIP: 1e-07
2024-10-14 16:10:12,802   INFO  cfg.OPTIMIZATION.LR_WARMUP: False
2024-10-14 16:10:12,802   INFO  cfg.OPTIMIZATION.WARMUP_EPOCH: 1
2024-10-14 16:10:12,802   INFO  cfg.OPTIMIZATION.GRAD_NORM_CLIP: 10
2024-10-14 16:10:12,802   INFO  cfg.TAG: centerpoint_dyn_pillar_1x
2024-10-14 16:10:12,802   INFO  cfg.EXP_GROUP_PATH: waymo_models
2024-10-14 16:10:12,850   INFO  ----------- Create dataloader & network & optimizer -----------
2024-10-14 16:10:13,232   INFO  Database filter by min points Vehicle: 84700 => 83962
2024-10-14 16:10:13,239   INFO  Database filter by min points Pedestrian: 46175 => 45511
2024-10-14 16:10:13,240   INFO  Database filter by min points Cyclist: 3054 => 3018
2024-10-14 16:10:13,244   INFO  Loading Custom AV dataset.
2024-10-14 16:10:13,287   INFO  Total samples for Custom AV dataset: 3950
2024-10-14 16:10:16,524   INFO  ==> Loading parameters from checkpoint /home/ailab/git/Team_3/baseline_code_and_model/03_3D객체검출차량용/02_baseline_code_and_model/output/waymo_models/centerpoint_dyn_pillar_1x/default/ckpt/checkpoint_epoch_60.pth to CPU
2024-10-14 16:10:16,559   INFO  ==> Loading optimizer parameters from checkpoint /home/ailab/git/Team_3/baseline_code_and_model/03_3D객체검출차량용/02_baseline_code_and_model/output/waymo_models/centerpoint_dyn_pillar_1x/default/ckpt/checkpoint_epoch_60.pth to CPU
2024-10-14 16:10:16,591   INFO  ==> Done
2024-10-14 16:10:16,707   INFO  ----------- Model CenterPoint created, param count: 5223979 -----------
2024-10-14 16:10:16,707   INFO  DistributedDataParallel(
  (module): CenterPoint(
    (vfe): DynamicPillarVFE(
      (pfn_layers): ModuleList(
        (0): PFNLayerV2(
          (linear): Linear(in_features=9, out_features=32, bias=False)
          (norm): BatchNorm1d(32, eps=0.001, momentum=0.01, affine=True, track_running_stats=True)
          (relu): ReLU()
        )
        (1): PFNLayerV2(
          (linear): Linear(in_features=64, out_features=64, bias=False)
          (norm): BatchNorm1d(64, eps=0.001, momentum=0.01, affine=True, track_running_stats=True)
          (relu): ReLU()
        )
      )
    )
    (backbone_3d): None
    (map_to_bev_module): PointPillarScatter()
    (pfe): None
    (backbone_2d): BaseBEVBackbone(
      (blocks): ModuleList(
        (0): Sequential(
          (0): ZeroPad2d(padding=(1, 1, 1, 1), value=0.0)
          (1): Conv2d(64, 64, kernel_size=(3, 3), stride=(1, 1), bias=False)
          (2): BatchNorm2d(64, eps=0.001, momentum=0.01, affine=True, track_running_stats=True)
          (3): ReLU()
          (4): Conv2d(64, 64, kernel_size=(3, 3), stride=(1, 1), padding=(1, 1), bias=False)
          (5): BatchNorm2d(64, eps=0.001, momentum=0.01, affine=True, track_running_stats=True)
          (6): ReLU()
          (7): Conv2d(64, 64, kernel_size=(3, 3), stride=(1, 1), padding=(1, 1), bias=False)
          (8): BatchNorm2d(64, eps=0.001, momentum=0.01, affine=True, track_running_stats=True)
          (9): ReLU()
          (10): Conv2d(64, 64, kernel_size=(3, 3), stride=(1, 1), padding=(1, 1), bias=False)
          (11): BatchNorm2d(64, eps=0.001, momentum=0.01, affine=True, track_running_stats=True)
          (12): ReLU()
        )
        (1): Sequential(
          (0): ZeroPad2d(padding=(1, 1, 1, 1), value=0.0)
          (1): Conv2d(64, 128, kernel_size=(3, 3), stride=(2, 2), bias=False)
          (2): BatchNorm2d(128, eps=0.001, momentum=0.01, affine=True, track_running_stats=True)
          (3): ReLU()
          (4): Conv2d(128, 128, kernel_size=(3, 3), stride=(1, 1), padding=(1, 1), bias=False)
          (5): BatchNorm2d(128, eps=0.001, momentum=0.01, affine=True, track_running_stats=True)
          (6): ReLU()
          (7): Conv2d(128, 128, kernel_size=(3, 3), stride=(1, 1), padding=(1, 1), bias=False)
          (8): BatchNorm2d(128, eps=0.001, momentum=0.01, affine=True, track_running_stats=True)
          (9): ReLU()
          (10): Conv2d(128, 128, kernel_size=(3, 3), stride=(1, 1), padding=(1, 1), bias=False)
          (11): BatchNorm2d(128, eps=0.001, momentum=0.01, affine=True, track_running_stats=True)
          (12): ReLU()
          (13): Conv2d(128, 128, kernel_size=(3, 3), stride=(1, 1), padding=(1, 1), bias=False)
          (14): BatchNorm2d(128, eps=0.001, momentum=0.01, affine=True, track_running_stats=True)
          (15): ReLU()
          (16): Conv2d(128, 128, kernel_size=(3, 3), stride=(1, 1), padding=(1, 1), bias=False)
          (17): BatchNorm2d(128, eps=0.001, momentum=0.01, affine=True, track_running_stats=True)
          (18): ReLU()
        )
        (2): Sequential(
          (0): ZeroPad2d(padding=(1, 1, 1, 1), value=0.0)
          (1): Conv2d(128, 256, kernel_size=(3, 3), stride=(2, 2), bias=False)
          (2): BatchNorm2d(256, eps=0.001, momentum=0.01, affine=True, track_running_stats=True)
          (3): ReLU()
          (4): Conv2d(256, 256, kernel_size=(3, 3), stride=(1, 1), padding=(1, 1), bias=False)
          (5): BatchNorm2d(256, eps=0.001, momentum=0.01, affine=True, track_running_stats=True)
          (6): ReLU()
          (7): Conv2d(256, 256, kernel_size=(3, 3), stride=(1, 1), padding=(1, 1), bias=False)
          (8): BatchNorm2d(256, eps=0.001, momentum=0.01, affine=True, track_running_stats=True)
          (9): ReLU()
          (10): Conv2d(256, 256, kernel_size=(3, 3), stride=(1, 1), padding=(1, 1), bias=False)
          (11): BatchNorm2d(256, eps=0.001, momentum=0.01, affine=True, track_running_stats=True)
          (12): ReLU()
          (13): Conv2d(256, 256, kernel_size=(3, 3), stride=(1, 1), padding=(1, 1), bias=False)
          (14): BatchNorm2d(256, eps=0.001, momentum=0.01, affine=True, track_running_stats=True)
          (15): ReLU()
          (16): Conv2d(256, 256, kernel_size=(3, 3), stride=(1, 1), padding=(1, 1), bias=False)
          (17): BatchNorm2d(256, eps=0.001, momentum=0.01, affine=True, track_running_stats=True)
          (18): ReLU()
        )
      )
      (deblocks): ModuleList(
        (0): Sequential(
          (0): ConvTranspose2d(64, 128, kernel_size=(1, 1), stride=(1, 1), bias=False)
          (1): BatchNorm2d(128, eps=0.001, momentum=0.01, affine=True, track_running_stats=True)
          (2): ReLU()
        )
        (1): Sequential(
          (0): ConvTranspose2d(128, 128, kernel_size=(2, 2), stride=(2, 2), bias=False)
          (1): BatchNorm2d(128, eps=0.001, momentum=0.01, affine=True, track_running_stats=True)
          (2): ReLU()
        )
        (2): Sequential(
          (0): ConvTranspose2d(256, 128, kernel_size=(4, 4), stride=(4, 4), bias=False)
          (1): BatchNorm2d(128, eps=0.001, momentum=0.01, affine=True, track_running_stats=True)
          (2): ReLU()
        )
      )
    )
    (dense_head): CenterHead(
      (shared_conv): Sequential(
        (0): Conv2d(384, 64, kernel_size=(3, 3), stride=(1, 1), padding=(1, 1))
        (1): BatchNorm2d(64, eps=1e-05, momentum=0.1, affine=True, track_running_stats=True)
        (2): ReLU()
      )
      (heads_list): ModuleList(
        (0): SeparateHead(
          (center): Sequential(
            (0): Sequential(
              (0): Conv2d(64, 64, kernel_size=(3, 3), stride=(1, 1), padding=(1, 1))
              (1): BatchNorm2d(64, eps=1e-05, momentum=0.1, affine=True, track_running_stats=True)
              (2): ReLU()
            )
            (1): Conv2d(64, 2, kernel_size=(3, 3), stride=(1, 1), padding=(1, 1))
          )
          (center_z): Sequential(
            (0): Sequential(
              (0): Conv2d(64, 64, kernel_size=(3, 3), stride=(1, 1), padding=(1, 1))
              (1): BatchNorm2d(64, eps=1e-05, momentum=0.1, affine=True, track_running_stats=True)
              (2): ReLU()
            )
            (1): Conv2d(64, 1, kernel_size=(3, 3), stride=(1, 1), padding=(1, 1))
          )
          (dim): Sequential(
            (0): Sequential(
              (0): Conv2d(64, 64, kernel_size=(3, 3), stride=(1, 1), padding=(1, 1))
              (1): BatchNorm2d(64, eps=1e-05, momentum=0.1, affine=True, track_running_stats=True)
              (2): ReLU()
            )
            (1): Conv2d(64, 3, kernel_size=(3, 3), stride=(1, 1), padding=(1, 1))
          )
          (rot): Sequential(
            (0): Sequential(
              (0): Conv2d(64, 64, kernel_size=(3, 3), stride=(1, 1), padding=(1, 1))
              (1): BatchNorm2d(64, eps=1e-05, momentum=0.1, affine=True, track_running_stats=True)
              (2): ReLU()
            )
            (1): Conv2d(64, 2, kernel_size=(3, 3), stride=(1, 1), padding=(1, 1))
          )
          (hm): Sequential(
            (0): Sequential(
              (0): Conv2d(64, 64, kernel_size=(3, 3), stride=(1, 1), padding=(1, 1))
              (1): BatchNorm2d(64, eps=1e-05, momentum=0.1, affine=True, track_running_stats=True)
              (2): ReLU()
            )
            (1): Conv2d(64, 3, kernel_size=(3, 3), stride=(1, 1), padding=(1, 1))
          )
        )
      )
      (hm_loss_func): FocalLossCenterNet()
      (reg_loss_func): RegLossCenterNet()
    )
    (point_head): None
    (roi_head): None
  )
)
2024-10-14 16:10:16,708   INFO  **********************Start training waymo_models/centerpoint_dyn_pillar_1x(default)**********************
2024-10-14 16:10:52,528   INFO  Train:   61/80 ( 76%) [ 419/659 ( 64%)]  Loss: 2.497 (2.50)  LR: 2.192e-04  Time cost: 00:07/28:25 [00:35/25:11:07]  Acc_iter 237001      Data time: 6.52(6.52)  Forward time: 0.65(0.65)  Batch time: 7.16(7.16)
2024-10-14 16:14:29,206   INFO  Train:   61/80 ( 76%) [ 468/659 ( 71%)]  Loss: 2.141 (2.16)  LR: 2.154e-04  Time cost: 03:43/14:14 [04:12/15:48:14]  Acc_iter 237050      Data time: 1.63(2.18)  Forward time: 2.08(2.30)  Batch time: 3.72(4.48)
2024-10-14 16:15:45,652   INFO  Save latest model to /home/ailab/git/Team_3/baseline_code_and_model/03_3D객체검출차량용/02_baseline_code_and_model/output/waymo_models/centerpoint_dyn_pillar_1x/default/ckpt/latest_model
2024-10-14 16:17:36,959   INFO  Train:   61/80 ( 76%) [ 518/659 ( 79%)]  Loss: 2.106 (2.15)  LR: 2.116e-04  Time cost: 06:51/09:40 [07:20/14:28:28]  Acc_iter 237100      Data time: 0.00(1.99)  Forward time: 0.44(2.12)  Batch time: 0.44(4.12)
2024-10-14 16:20:43,979   INFO  Train:   61/80 ( 76%) [ 568/659 ( 86%)]  Loss: 2.469 (2.12)  LR: 2.078e-04  Time cost: 09:58/06:03 [10:27/13:58:46]  Acc_iter 237150      Data time: 16.14(2.00)  Forward time: 7.98(1.99)  Batch time: 24.12(3.99)
2024-10-14 16:20:44,285   INFO  3090-1                      Mon Oct 14 16:20:44 2024  470.223.02
[0] NVIDIA GeForce RTX 3090 | 34'C,   0 % |    10 / 24268 MB | gdm(4M) ailab(4M)
[1] NVIDIA GeForce RTX 3090 | 32'C,   0 % |    10 / 24268 MB | gdm(4M) ailab(4M)
[2] NVIDIA GeForce RTX 3090 | 40'C,  50 % | 20354 / 24268 MB | ailab(20341M) gdm(4M) ailab(4M)
[3] NVIDIA GeForce RTX 3090 | 40'C, 100 % | 20613 / 24260 MB | ailab(20349M) gdm(26M) gdm(73M) ailab(94M) ailab(63M)

2024-10-14 16:20:45,786   INFO  Save latest model to /home/ailab/git/Team_3/baseline_code_and_model/03_3D객체검출차량용/02_baseline_code_and_model/output/waymo_models/centerpoint_dyn_pillar_1x/default/ckpt/latest_model
2024-10-14 16:22:57,474   INFO  Train:   61/80 ( 76%) [ 618/659 ( 94%)]  Loss: 2.125 (2.13)  LR: 2.041e-04  Time cost: 12:12/02:30 [12:40/12:46:20]  Acc_iter 237200      Data time: 0.01(1.78)  Forward time: 0.44(1.88)  Batch time: 0.45(3.66)
2024-10-14 16:25:06,699   INFO  Train:   61/80 ( 76%) [ 658/659 (100%)]  Loss: 1.891 (2.13)  LR: 2.011e-04  Time cost: 14:21/00:03 [14:49/12:28:57]  Acc_iter 237240      Data time: 0.00(1.72)  Forward time: 0.45(1.87)  Batch time: 0.45(3.59)
2024-10-14 16:25:45,594   INFO  Train:   62/80 ( 78%) [   0/659 (  0%)]  Loss: 1.956 (1.96)  LR: 2.010e-04  Time cost: 00:14/2:40:02 [15:28/50:40:42]  Acc_iter 237241      Data time: 10.43(10.43)  Forward time: 4.12(4.12)  Batch time: 14.55(14.55)
2024-10-14 16:26:10,944   INFO  Train:   62/80 ( 78%) [   9/659 (  1%)]  Loss: 2.481 (2.16)  LR: 2.003e-04  Time cost: 00:39/43:14 [15:54/13:52:28]  Acc_iter 237250      Data time: 6.71(2.19)  Forward time: 7.16(1.80)  Batch time: 13.87(3.99)
2024-10-14 16:27:56,742   INFO  Train:   62/80 ( 78%) [  59/659 (  9%)]  Loss: 2.028 (2.10)  LR: 1.966e-04  Time cost: 02:25/24:17 [17:40/8:24:25]  Acc_iter 237300      Data time: 5.17(1.17)  Forward time: 5.60(1.26)  Batch time: 10.77(2.43)
2024-10-14 16:27:56,980   INFO  3090-1                      Mon Oct 14 16:27:56 2024  470.223.02
[0] NVIDIA GeForce RTX 3090 | 34'C,   0 % |    10 / 24268 MB | gdm(4M) ailab(4M)
[1] NVIDIA GeForce RTX 3090 | 33'C,   0 % |    10 / 24268 MB | gdm(4M) ailab(4M)
[2] NVIDIA GeForce RTX 3090 | 42'C,   2 % | 20354 / 24268 MB | ailab(20341M) gdm(4M) ailab(4M)
[3] NVIDIA GeForce RTX 3090 | 39'C,  98 % | 20613 / 24260 MB | ailab(20349M) gdm(26M) gdm(73M) ailab(94M) ailab(63M)

2024-10-14 16:30:32,849   INFO  Save latest model to /home/ailab/git/Team_3/baseline_code_and_model/03_3D객체검출차량용/02_baseline_code_and_model/output/waymo_models/centerpoint_dyn_pillar_1x/default/ckpt/latest_model
2024-10-14 16:30:34,214   INFO  Train:   62/80 ( 78%) [ 109/659 ( 17%)]  Loss: 2.559 (2.12)  LR: 1.929e-04  Time cost: 05:03/25:15 [20:17/9:30:10]  Acc_iter 237350      Data time: 0.01(1.25)  Forward time: 0.46(1.51)  Batch time: 0.47(2.76)
2024-10-14 16:33:16,590   INFO  Train:   62/80 ( 78%) [ 159/659 ( 24%)]  Loss: 2.229 (2.10)  LR: 1.893e-04  Time cost: 07:45/24:14 [22:59/9:59:30]  Acc_iter 237400      Data time: 0.00(1.32)  Forward time: 0.44(1.59)  Batch time: 0.45(2.91)
2024-10-14 16:35:07,095   INFO  Train:   62/80 ( 78%) [ 209/659 ( 32%)]  Loss: 1.753 (2.10)  LR: 1.857e-04  Time cost: 09:36/20:34 [24:50/9:22:54]  Acc_iter 237450      Data time: 0.00(1.22)  Forward time: 0.44(1.52)  Batch time: 0.45(2.74)
2024-10-14 16:35:07,336   INFO  3090-1                      Mon Oct 14 16:35:07 2024  470.223.02
[0] NVIDIA GeForce RTX 3090 | 34'C,   0 % |    10 / 24268 MB | gdm(4M) ailab(4M)
[1] NVIDIA GeForce RTX 3090 | 33'C,   0 % |    10 / 24268 MB | gdm(4M) ailab(4M)
[2] NVIDIA GeForce RTX 3090 | 44'C,  48 % | 20354 / 24268 MB | ailab(20341M) gdm(4M) ailab(4M)
[3] NVIDIA GeForce RTX 3090 | 40'C,  98 % | 20613 / 24260 MB | ailab(20349M) gdm(26M) gdm(73M) ailab(94M) ailab(63M)

2024-10-14 16:35:31,434   INFO  Save latest model to /home/ailab/git/Team_3/baseline_code_and_model/03_3D객체검출차량용/02_baseline_code_and_model/output/waymo_models/centerpoint_dyn_pillar_1x/default/ckpt/latest_model
2024-10-14 16:37:11,806   INFO  Train:   62/80 ( 78%) [ 259/659 ( 39%)]  Loss: 1.927 (2.10)  LR: 1.821e-04  Time cost: 11:40/17:58 [26:55/9:10:50]  Acc_iter 237500      Data time: 0.01(1.19)  Forward time: 0.45(1.51)  Batch time: 0.46(2.70)
2024-10-14 16:39:59,031   INFO  Train:   62/80 ( 78%) [ 309/659 ( 47%)]  Loss: 1.936 (2.10)  LR: 1.786e-04  Time cost: 14:28/16:20 [29:42/9:29:53]  Acc_iter 237550      Data time: 0.00(1.24)  Forward time: 0.44(1.56)  Batch time: 0.45(2.80)
2024-10-14 16:40:21,754   INFO  Train:   62/80 ( 78%) [ 359/659 ( 54%)]  Loss: 1.817 (2.10)  LR: 1.751e-04  Time cost: 14:50/12:22 [30:05/8:21:31]  Acc_iter 237600      Data time: 0.01(1.07)  Forward time: 0.45(1.41)  Batch time: 0.46(2.47)
2024-10-14 16:40:22,033   INFO  3090-1                      Mon Oct 14 16:40:22 2024  470.223.02
[0] NVIDIA GeForce RTX 3090 | 35'C,   0 % |    10 / 24268 MB | gdm(4M) ailab(4M)
[1] NVIDIA GeForce RTX 3090 | 34'C,   0 % |    10 / 24268 MB | gdm(4M) ailab(4M)
[2] NVIDIA GeForce RTX 3090 | 50'C,  28 % | 20354 / 24268 MB | ailab(20341M) gdm(4M) ailab(4M)
[3] NVIDIA GeForce RTX 3090 | 43'C,  98 % | 20613 / 24260 MB | ailab(20349M) gdm(26M) gdm(73M) ailab(94M) ailab(63M)

2024-10-14 16:40:31,298   INFO  Save latest model to /home/ailab/git/Team_3/baseline_code_and_model/03_3D객체검출차량용/02_baseline_code_and_model/output/waymo_models/centerpoint_dyn_pillar_1x/default/ckpt/latest_model
2024-10-14 16:40:44,980   INFO  Train:   62/80 ( 78%) [ 409/659 ( 62%)]  Loss: 2.100 (2.10)  LR: 1.716e-04  Time cost: 15:13/09:17 [30:28/7:29:59]  Acc_iter 237650      Data time: 0.01(0.94)  Forward time: 0.46(1.29)  Batch time: 0.47(2.23)
2024-10-14 16:41:07,859   INFO  Train:   62/80 ( 78%) [ 459/659 ( 70%)]  Loss: 2.227 (2.10)  LR: 1.682e-04  Time cost: 15:36/06:47 [30:51/6:49:25]  Acc_iter 237700      Data time: 0.00(0.84)  Forward time: 0.46(1.20)  Batch time: 0.46(2.04)
2024-10-14 16:41:30,550   INFO  Train:   62/80 ( 78%) [ 509/659 ( 77%)]  Loss: 1.892 (2.10)  LR: 1.648e-04  Time cost: 15:59/04:42 [31:13/6:16:39]  Acc_iter 237750      Data time: 0.00(0.76)  Forward time: 0.45(1.12)  Batch time: 0.45(1.88)
2024-10-14 16:41:30,841   INFO  3090-1                      Mon Oct 14 16:41:30 2024  470.223.02
[0] NVIDIA GeForce RTX 3090 | 36'C,   0 % |    10 / 24268 MB | gdm(4M) ailab(4M)
[1] NVIDIA GeForce RTX 3090 | 35'C,   0 % |    10 / 24268 MB | gdm(4M) ailab(4M)
[2] NVIDIA GeForce RTX 3090 | 51'C,  37 % | 20354 / 24268 MB | ailab(20341M) gdm(4M) ailab(4M)
[3] NVIDIA GeForce RTX 3090 | 44'C,  98 % | 20613 / 24260 MB | ailab(20349M) gdm(26M) gdm(73M) ailab(94M) ailab(63M)

2024-10-14 16:41:53,553   INFO  Train:   62/80 ( 78%) [ 559/659 ( 85%)]  Loss: 2.258 (2.09)  LR: 1.614e-04  Time cost: 16:22/02:55 [31:36/5:49:47]  Acc_iter 237800      Data time: 0.00(0.69)  Forward time: 0.46(1.06)  Batch time: 0.46(1.75)
2024-10-14 16:42:16,424   INFO  Train:   62/80 ( 78%) [ 609/659 ( 92%)]  Loss: 2.455 (2.09)  LR: 1.580e-04  Time cost: 16:45/01:22 [31:59/5:27:13]  Acc_iter 237850      Data time: 0.00(0.63)  Forward time: 0.45(1.01)  Batch time: 0.45(1.65)
2024-10-14 16:42:38,494   INFO  Train:   62/80 ( 78%) [ 658/659 (100%)]  Loss: 2.006 (2.09)  LR: 1.548e-04  Time cost: 17:07/00:01 [32:21/5:08:16]  Acc_iter 237899      Data time: 0.00(0.59)  Forward time: 0.19(0.97)  Batch time: 0.19(1.56)
2024-10-14 16:42:53,722   INFO  Train:   63/80 ( 79%) [   0/659 (  0%)]  Loss: 2.153 (2.15)  LR: 1.547e-04  Time cost: 00:00/08:05 [32:37/2:25:37]  Acc_iter 237900      Data time: 0.21(0.21)  Forward time: 0.50(0.50)  Batch time: 0.71(0.71)
2024-10-14 16:42:54,022   INFO  3090-1                      Mon Oct 14 16:42:54 2024  470.223.02
[0] NVIDIA GeForce RTX 3090 | 36'C,   0 % |    10 / 24268 MB | gdm(4M) ailab(4M)
[1] NVIDIA GeForce RTX 3090 | 35'C,   0 % |    10 / 24268 MB | gdm(4M) ailab(4M)
[2] NVIDIA GeForce RTX 3090 | 45'C,  32 % | 20354 / 24268 MB | ailab(20341M) gdm(4M) ailab(4M)
[3] NVIDIA GeForce RTX 3090 | 41'C, 100 % | 20613 / 24260 MB | ailab(20349M) gdm(26M) gdm(73M) ailab(94M) ailab(63M)

