2024-10-25 19:44:48,451   INFO  **********************Start logging**********************
2024-10-25 19:44:48,451   INFO  CUDA_VISIBLE_DEVICES=2,3
2024-10-25 19:44:48,451   INFO  Training in distributed mode : total_batch_size: 4
2024-10-25 19:44:48,451   INFO  cfg_file         cfgs/waymo_models/dsvt_voxel_whole.yaml
2024-10-25 19:44:48,451   INFO  batch_size       2
2024-10-25 19:44:48,451   INFO  epochs           40
2024-10-25 19:44:48,451   INFO  workers          4
2024-10-25 19:44:48,451   INFO  extra_tag        default
2024-10-25 19:44:48,451   INFO  ckpt             None
2024-10-25 19:44:48,451   INFO  pretrained_model None
2024-10-25 19:44:48,451   INFO  launcher         pytorch
2024-10-25 19:44:48,452   INFO  tcp_port         18888
2024-10-25 19:44:48,452   INFO  sync_bn          False
2024-10-25 19:44:48,452   INFO  fix_random_seed  False
2024-10-25 19:44:48,452   INFO  ckpt_save_interval 1
2024-10-25 19:44:48,452   INFO  local_rank       0
2024-10-25 19:44:48,452   INFO  max_ckpt_save_num 30
2024-10-25 19:44:48,452   INFO  merge_all_iters_to_one_epoch False
2024-10-25 19:44:48,452   INFO  set_cfgs         None
2024-10-25 19:44:48,452   INFO  max_waiting_mins 0
2024-10-25 19:44:48,452   INFO  start_epoch      0
2024-10-25 19:44:48,452   INFO  num_epochs_to_eval 0
2024-10-25 19:44:48,452   INFO  save_to_file     False
2024-10-25 19:44:48,452   INFO  use_tqdm_to_record False
2024-10-25 19:44:48,452   INFO  logger_iter_interval 50
2024-10-25 19:44:48,452   INFO  ckpt_save_time_interval 300
2024-10-25 19:44:48,452   INFO  wo_gpu_stat      False
2024-10-25 19:44:48,452   INFO  use_amp          False
2024-10-25 19:44:48,452   INFO  cfg.ROOT_DIR: /home/ailab/git/Team_3/baseline_code_and_model/03_3D객체검출차량용/02_baseline_code_and_model
2024-10-25 19:44:48,452   INFO  cfg.LOCAL_RANK: 0
2024-10-25 19:44:48,452   INFO  cfg.CLASS_NAMES: ['Vehicle', 'Pedestrian', 'Cyclist']
2024-10-25 19:44:48,452   INFO  ----------- DATA_CONFIG -----------
2024-10-25 19:44:48,452   INFO  cfg.DATA_CONFIG.DATASET: CustomAvDataset
2024-10-25 19:44:48,452   INFO  cfg.DATA_CONFIG.DATA_PATH: /home/ailab/AILabDataset/01_Open_Dataset/39_AutoDna/3d_object_detection/3d_mod_av_db
2024-10-25 19:44:48,452   INFO  cfg.DATA_CONFIG.POINT_CLOUD_RANGE: [-70.0, -70.0, -4.0, 70.0, 70.0, 4.0]
2024-10-25 19:44:48,452   INFO  ----------- MAP_CLASS_TO_KITTI -----------
2024-10-25 19:44:48,452   INFO  cfg.DATA_CONFIG.MAP_CLASS_TO_KITTI.Vehicle: Car
2024-10-25 19:44:48,452   INFO  cfg.DATA_CONFIG.MAP_CLASS_TO_KITTI.Pedestrian: Pedestrian
2024-10-25 19:44:48,452   INFO  cfg.DATA_CONFIG.MAP_CLASS_TO_KITTI.Cyclist: Cyclist
2024-10-25 19:44:48,452   INFO  ----------- DATA_SPLIT -----------
2024-10-25 19:44:48,452   INFO  cfg.DATA_CONFIG.DATA_SPLIT.train: train_origin2
2024-10-25 19:44:48,452   INFO  cfg.DATA_CONFIG.DATA_SPLIT.test: val_origin2
2024-10-25 19:44:48,452   INFO  ----------- INFO_PATH -----------
2024-10-25 19:44:48,452   INFO  cfg.DATA_CONFIG.INFO_PATH.train: ['Team_3_whole_infos_train_origin2.pkl']
2024-10-25 19:44:48,452   INFO  cfg.DATA_CONFIG.INFO_PATH.test: ['Team_3_whole_infos_val_origin2.pkl']
2024-10-25 19:44:48,452   INFO  ----------- POINT_FEATURE_ENCODING -----------
2024-10-25 19:44:48,452   INFO  cfg.DATA_CONFIG.POINT_FEATURE_ENCODING.encoding_type: absolute_coordinates_encoding
2024-10-25 19:44:48,452   INFO  cfg.DATA_CONFIG.POINT_FEATURE_ENCODING.used_feature_list: ['x', 'y', 'z']
2024-10-25 19:44:48,452   INFO  cfg.DATA_CONFIG.POINT_FEATURE_ENCODING.src_feature_list: ['x', 'y', 'z', 'intensity']
2024-10-25 19:44:48,452   INFO  ----------- DATA_AUGMENTOR -----------
2024-10-25 19:44:48,452   INFO  cfg.DATA_CONFIG.DATA_AUGMENTOR.DISABLE_AUG_LIST: ['placeholder']
2024-10-25 19:44:48,452   INFO  cfg.DATA_CONFIG.DATA_AUGMENTOR.AUG_CONFIG_LIST: [{'NAME': 'gt_sampling', 'USE_ROAD_PLANE': False, 'DB_INFO_PATH': ['Team_3_whole_dbinfos_train_origin2.pkl'], 'PREPARE': {'filter_by_min_points': ['Car:5', 'Pedestrian:5', 'Cyclist:5']}, 'SAMPLE_GROUPS': ['Vehicle:15', 'Pedestrian:10', 'Cyclist:10'], 'NUM_POINT_FEATURES': 4, 'DATABASE_WITH_FAKELIDAR': False, 'REMOVE_EXTRA_WIDTH': [0.0, 0.0, 0.0], 'LIMIT_WHOLE_SCENE': True}, {'NAME': 'random_world_flip', 'ALONG_AXIS_LIST': ['x', 'y']}, {'NAME': 'random_world_rotation', 'WORLD_ROT_ANGLE': [-0.78539816, 0.78539816]}, {'NAME': 'random_world_scaling', 'WORLD_SCALE_RANGE': [0.95, 1.05]}, {'NAME': 'random_world_translation', 'NOISE_TRANSLATE_STD': [0.5, 0.5, 0.5]}]
2024-10-25 19:44:48,452   INFO  cfg.DATA_CONFIG.DATA_PROCESSOR: [{'NAME': 'mask_points_and_boxes_outside_range', 'REMOVE_OUTSIDE_BOXES': True}, {'NAME': 'shuffle_points', 'SHUFFLE_ENABLED': {'train': True, 'test': False}}, {'NAME': 'transform_points_to_voxels_placeholder', 'VOXEL_SIZE': [0.25, 0.25, 0.25]}]
2024-10-25 19:44:48,452   INFO  cfg.DATA_CONFIG._BASE_CONFIG_: cfgs/dataset_configs/custom_av_dataset_whole.yaml
2024-10-25 19:44:48,453   INFO  ----------- MODEL -----------
2024-10-25 19:44:48,453   INFO  cfg.MODEL.NAME: CenterPoint
2024-10-25 19:44:48,453   INFO  ----------- VFE -----------
2024-10-25 19:44:48,453   INFO  cfg.MODEL.VFE.NAME: DynamicVoxelVFE
2024-10-25 19:44:48,453   INFO  cfg.MODEL.VFE.WITH_DISTANCE: False
2024-10-25 19:44:48,453   INFO  cfg.MODEL.VFE.USE_ABSLOTE_XYZ: True
2024-10-25 19:44:48,453   INFO  cfg.MODEL.VFE.USE_NORM: True
2024-10-25 19:44:48,453   INFO  cfg.MODEL.VFE.NUM_FILTERS: [192, 192]
2024-10-25 19:44:48,453   INFO  ----------- BACKBONE_3D -----------
2024-10-25 19:44:48,453   INFO  cfg.MODEL.BACKBONE_3D.NAME: DSVT
2024-10-25 19:44:48,453   INFO  ----------- INPUT_LAYER -----------
2024-10-25 19:44:48,453   INFO  cfg.MODEL.BACKBONE_3D.INPUT_LAYER.sparse_shape: [560, 560, 32]
2024-10-25 19:44:48,453   INFO  cfg.MODEL.BACKBONE_3D.INPUT_LAYER.downsample_stride: [[1, 1, 4], [1, 1, 4], [1, 1, 2]]
2024-10-25 19:44:48,453   INFO  cfg.MODEL.BACKBONE_3D.INPUT_LAYER.d_model: [192, 192, 192, 192]
2024-10-25 19:44:48,453   INFO  cfg.MODEL.BACKBONE_3D.INPUT_LAYER.set_info: [[48, 1], [48, 1], [48, 1], [48, 1]]
2024-10-25 19:44:48,453   INFO  cfg.MODEL.BACKBONE_3D.INPUT_LAYER.window_shape: [[12, 12, 32], [12, 12, 8], [12, 12, 2], [12, 12, 1]]
2024-10-25 19:44:48,453   INFO  cfg.MODEL.BACKBONE_3D.INPUT_LAYER.hybrid_factor: [2, 2, 1]
2024-10-25 19:44:48,453   INFO  cfg.MODEL.BACKBONE_3D.INPUT_LAYER.shifts_list: [[[0, 0, 0], [6, 6, 0]], [[0, 0, 0], [6, 6, 0]], [[0, 0, 0], [6, 6, 0]], [[0, 0, 0], [6, 6, 0]]]
2024-10-25 19:44:48,453   INFO  cfg.MODEL.BACKBONE_3D.INPUT_LAYER.normalize_pos: False
2024-10-25 19:44:48,453   INFO  cfg.MODEL.BACKBONE_3D.block_name: ['DSVTBlock', 'DSVTBlock', 'DSVTBlock', 'DSVTBlock']
2024-10-25 19:44:48,453   INFO  cfg.MODEL.BACKBONE_3D.set_info: [[48, 1], [48, 1], [48, 1], [48, 1]]
2024-10-25 19:44:48,453   INFO  cfg.MODEL.BACKBONE_3D.d_model: [192, 192, 192, 192]
2024-10-25 19:44:48,453   INFO  cfg.MODEL.BACKBONE_3D.nhead: [8, 8, 8, 8]
2024-10-25 19:44:48,453   INFO  cfg.MODEL.BACKBONE_3D.dim_feedforward: [384, 384, 384, 384]
2024-10-25 19:44:48,453   INFO  cfg.MODEL.BACKBONE_3D.dropout: 0.0
2024-10-25 19:44:48,453   INFO  cfg.MODEL.BACKBONE_3D.activation: gelu
2024-10-25 19:44:48,453   INFO  cfg.MODEL.BACKBONE_3D.reduction_type: attention
2024-10-25 19:44:48,453   INFO  cfg.MODEL.BACKBONE_3D.output_shape: [560, 560]
2024-10-25 19:44:48,453   INFO  cfg.MODEL.BACKBONE_3D.conv_out_channel: 192
2024-10-25 19:44:48,453   INFO  cfg.MODEL.BACKBONE_3D.USE_CHECKPOINT: True
2024-10-25 19:44:48,453   INFO  ----------- MAP_TO_BEV -----------
2024-10-25 19:44:48,453   INFO  cfg.MODEL.MAP_TO_BEV.NAME: PointPillarScatter3d
2024-10-25 19:44:48,453   INFO  cfg.MODEL.MAP_TO_BEV.INPUT_SHAPE: [560, 560, 1]
2024-10-25 19:44:48,453   INFO  cfg.MODEL.MAP_TO_BEV.NUM_BEV_FEATURES: 192
2024-10-25 19:44:48,453   INFO  ----------- BACKBONE_2D -----------
2024-10-25 19:44:48,453   INFO  cfg.MODEL.BACKBONE_2D.NAME: BaseBEVResBackbone
2024-10-25 19:44:48,453   INFO  cfg.MODEL.BACKBONE_2D.LAYER_NUMS: [1, 2, 2]
2024-10-25 19:44:48,453   INFO  cfg.MODEL.BACKBONE_2D.LAYER_STRIDES: [1, 2, 2]
2024-10-25 19:44:48,453   INFO  cfg.MODEL.BACKBONE_2D.NUM_FILTERS: [128, 128, 256]
2024-10-25 19:44:48,453   INFO  cfg.MODEL.BACKBONE_2D.UPSAMPLE_STRIDES: [1, 2, 4]
2024-10-25 19:44:48,453   INFO  cfg.MODEL.BACKBONE_2D.NUM_UPSAMPLE_FILTERS: [128, 128, 128]
2024-10-25 19:44:48,453   INFO  ----------- DENSE_HEAD -----------
2024-10-25 19:44:48,454   INFO  cfg.MODEL.DENSE_HEAD.NAME: CenterHead
2024-10-25 19:44:48,454   INFO  cfg.MODEL.DENSE_HEAD.CLASS_AGNOSTIC: False
2024-10-25 19:44:48,454   INFO  cfg.MODEL.DENSE_HEAD.CLASS_NAMES_EACH_HEAD: [['Vehicle', 'Pedestrian', 'Cyclist']]
2024-10-25 19:44:48,454   INFO  cfg.MODEL.DENSE_HEAD.SHARED_CONV_CHANNEL: 64
2024-10-25 19:44:48,454   INFO  cfg.MODEL.DENSE_HEAD.USE_BIAS_BEFORE_NORM: False
2024-10-25 19:44:48,454   INFO  cfg.MODEL.DENSE_HEAD.NUM_HM_CONV: 2
2024-10-25 19:44:48,454   INFO  cfg.MODEL.DENSE_HEAD.BN_EPS: 0.001
2024-10-25 19:44:48,454   INFO  cfg.MODEL.DENSE_HEAD.BN_MOM: 0.01
2024-10-25 19:44:48,454   INFO  ----------- SEPARATE_HEAD_CFG -----------
2024-10-25 19:44:48,454   INFO  cfg.MODEL.DENSE_HEAD.SEPARATE_HEAD_CFG.HEAD_ORDER: ['center', 'center_z', 'dim', 'rot']
2024-10-25 19:44:48,454   INFO  ----------- HEAD_DICT -----------
2024-10-25 19:44:48,454   INFO  ----------- center -----------
2024-10-25 19:44:48,454   INFO  cfg.MODEL.DENSE_HEAD.SEPARATE_HEAD_CFG.HEAD_DICT.center.out_channels: 2
2024-10-25 19:44:48,454   INFO  cfg.MODEL.DENSE_HEAD.SEPARATE_HEAD_CFG.HEAD_DICT.center.num_conv: 2
2024-10-25 19:44:48,454   INFO  ----------- center_z -----------
2024-10-25 19:44:48,454   INFO  cfg.MODEL.DENSE_HEAD.SEPARATE_HEAD_CFG.HEAD_DICT.center_z.out_channels: 1
2024-10-25 19:44:48,454   INFO  cfg.MODEL.DENSE_HEAD.SEPARATE_HEAD_CFG.HEAD_DICT.center_z.num_conv: 2
2024-10-25 19:44:48,454   INFO  ----------- dim -----------
2024-10-25 19:44:48,454   INFO  cfg.MODEL.DENSE_HEAD.SEPARATE_HEAD_CFG.HEAD_DICT.dim.out_channels: 3
2024-10-25 19:44:48,454   INFO  cfg.MODEL.DENSE_HEAD.SEPARATE_HEAD_CFG.HEAD_DICT.dim.num_conv: 2
2024-10-25 19:44:48,454   INFO  ----------- rot -----------
2024-10-25 19:44:48,454   INFO  cfg.MODEL.DENSE_HEAD.SEPARATE_HEAD_CFG.HEAD_DICT.rot.out_channels: 2
2024-10-25 19:44:48,454   INFO  cfg.MODEL.DENSE_HEAD.SEPARATE_HEAD_CFG.HEAD_DICT.rot.num_conv: 2
2024-10-25 19:44:48,454   INFO  ----------- iou -----------
2024-10-25 19:44:48,454   INFO  cfg.MODEL.DENSE_HEAD.SEPARATE_HEAD_CFG.HEAD_DICT.iou.out_channels: 1
2024-10-25 19:44:48,454   INFO  cfg.MODEL.DENSE_HEAD.SEPARATE_HEAD_CFG.HEAD_DICT.iou.num_conv: 2
2024-10-25 19:44:48,454   INFO  ----------- TARGET_ASSIGNER_CONFIG -----------
2024-10-25 19:44:48,454   INFO  cfg.MODEL.DENSE_HEAD.TARGET_ASSIGNER_CONFIG.FEATURE_MAP_STRIDE: 1
2024-10-25 19:44:48,454   INFO  cfg.MODEL.DENSE_HEAD.TARGET_ASSIGNER_CONFIG.NUM_MAX_OBJS: 500
2024-10-25 19:44:48,454   INFO  cfg.MODEL.DENSE_HEAD.TARGET_ASSIGNER_CONFIG.GAUSSIAN_OVERLAP: 0.1
2024-10-25 19:44:48,454   INFO  cfg.MODEL.DENSE_HEAD.TARGET_ASSIGNER_CONFIG.MIN_RADIUS: 2
2024-10-25 19:44:48,454   INFO  cfg.MODEL.DENSE_HEAD.IOU_REG_LOSS: True
2024-10-25 19:44:48,454   INFO  ----------- LOSS_CONFIG -----------
2024-10-25 19:44:48,454   INFO  ----------- LOSS_WEIGHTS -----------
2024-10-25 19:44:48,454   INFO  cfg.MODEL.DENSE_HEAD.LOSS_CONFIG.LOSS_WEIGHTS.cls_weight: 1.0
2024-10-25 19:44:48,454   INFO  cfg.MODEL.DENSE_HEAD.LOSS_CONFIG.LOSS_WEIGHTS.loc_weight: 2.0
2024-10-25 19:44:48,454   INFO  cfg.MODEL.DENSE_HEAD.LOSS_CONFIG.LOSS_WEIGHTS.code_weights: [1.0, 1.0, 1.0, 1.0, 1.0, 1.0, 1.0, 1.0]
2024-10-25 19:44:48,454   INFO  ----------- POST_PROCESSING -----------
2024-10-25 19:44:48,454   INFO  cfg.MODEL.DENSE_HEAD.POST_PROCESSING.SCORE_THRESH: 0.1
2024-10-25 19:44:48,454   INFO  cfg.MODEL.DENSE_HEAD.POST_PROCESSING.POST_CENTER_LIMIT_RANGE: [-80, -80, -10.0, 80, 80, 10.0]
2024-10-25 19:44:48,454   INFO  cfg.MODEL.DENSE_HEAD.POST_PROCESSING.MAX_OBJ_PER_SAMPLE: 500
2024-10-25 19:44:48,454   INFO  cfg.MODEL.DENSE_HEAD.POST_PROCESSING.USE_IOU_TO_RECTIFY_SCORE: True
2024-10-25 19:44:48,454   INFO  cfg.MODEL.DENSE_HEAD.POST_PROCESSING.IOU_RECTIFIER: [0.68, 0.71, 0.65]
2024-10-25 19:44:48,454   INFO  ----------- NMS_CONFIG -----------
2024-10-25 19:44:48,454   INFO  cfg.MODEL.DENSE_HEAD.POST_PROCESSING.NMS_CONFIG.NMS_TYPE: class_specific_nms
2024-10-25 19:44:48,455   INFO  cfg.MODEL.DENSE_HEAD.POST_PROCESSING.NMS_CONFIG.NMS_THRESH: [0.75, 0.6, 0.55]
2024-10-25 19:44:48,455   INFO  cfg.MODEL.DENSE_HEAD.POST_PROCESSING.NMS_CONFIG.NMS_PRE_MAXSIZE: [4096, 4096, 4096]
2024-10-25 19:44:48,455   INFO  cfg.MODEL.DENSE_HEAD.POST_PROCESSING.NMS_CONFIG.NMS_POST_MAXSIZE: [500, 500, 500]
2024-10-25 19:44:48,455   INFO  ----------- POST_PROCESSING -----------
2024-10-25 19:44:48,455   INFO  cfg.MODEL.POST_PROCESSING.RECALL_THRESH_LIST: [0.3, 0.5, 0.7]
2024-10-25 19:44:48,455   INFO  cfg.MODEL.POST_PROCESSING.EVAL_METRIC: waymo
2024-10-25 19:44:48,455   INFO  ----------- OPTIMIZATION -----------
2024-10-25 19:44:48,455   INFO  cfg.OPTIMIZATION.BATCH_SIZE_PER_GPU: 2
2024-10-25 19:44:48,455   INFO  cfg.OPTIMIZATION.NUM_EPOCHS: 40
2024-10-25 19:44:48,455   INFO  cfg.OPTIMIZATION.OPTIMIZER: adam_onecycle
2024-10-25 19:44:48,455   INFO  cfg.OPTIMIZATION.LR: 0.003
2024-10-25 19:44:48,455   INFO  cfg.OPTIMIZATION.WEIGHT_DECAY: 0.05
2024-10-25 19:44:48,455   INFO  cfg.OPTIMIZATION.MOMENTUM: 0.9
2024-10-25 19:44:48,455   INFO  cfg.OPTIMIZATION.MOMS: [0.95, 0.85]
2024-10-25 19:44:48,455   INFO  cfg.OPTIMIZATION.PCT_START: 0.1
2024-10-25 19:44:48,455   INFO  cfg.OPTIMIZATION.DIV_FACTOR: 100
2024-10-25 19:44:48,455   INFO  cfg.OPTIMIZATION.DECAY_STEP_LIST: [35, 45]
2024-10-25 19:44:48,455   INFO  cfg.OPTIMIZATION.LR_DECAY: 0.1
2024-10-25 19:44:48,455   INFO  cfg.OPTIMIZATION.LR_CLIP: 1e-07
2024-10-25 19:44:48,455   INFO  cfg.OPTIMIZATION.LR_WARMUP: False
2024-10-25 19:44:48,455   INFO  cfg.OPTIMIZATION.WARMUP_EPOCH: 1
2024-10-25 19:44:48,455   INFO  cfg.OPTIMIZATION.GRAD_NORM_CLIP: 10
2024-10-25 19:44:48,455   INFO  cfg.OPTIMIZATION.LOSS_SCALE_FP16: 32.0
2024-10-25 19:44:48,455   INFO  ----------- HOOK -----------
2024-10-25 19:44:48,455   INFO  ----------- DisableAugmentationHook -----------
2024-10-25 19:44:48,455   INFO  cfg.HOOK.DisableAugmentationHook.DISABLE_AUG_LIST: ['gt_sampling', 'random_world_flip', 'random_world_rotation', 'random_world_scaling', 'random_world_translation']
2024-10-25 19:44:48,455   INFO  cfg.HOOK.DisableAugmentationHook.NUM_LAST_EPOCHS: 1
2024-10-25 19:44:48,455   INFO  cfg.TAG: dsvt_voxel_whole
2024-10-25 19:44:48,455   INFO  cfg.EXP_GROUP_PATH: waymo_models
2024-10-25 19:44:48,495   INFO  ----------- Create dataloader & network & optimizer -----------
2024-10-25 19:44:51,646   INFO  Database filter by min points Pedestrian: 135951 => 131923
2024-10-25 19:44:51,650   INFO  Database filter by min points Cyclist: 11958 => 11684
2024-10-25 19:44:51,679   INFO  Loading Custom AV dataset.
2024-10-25 19:44:52,886   INFO  Total samples for Custom AV dataset: 13739
2024-10-25 19:44:56,511   INFO  ----------- Model CenterPoint created, param count: 9101996 -----------
2024-10-25 19:44:56,511   INFO  DistributedDataParallel(
  (module): CenterPoint(
    (vfe): DynamicVoxelVFE(
      (pfn_layers): ModuleList(
        (0): PFNLayerV2(
          (linear): Linear(in_features=9, out_features=96, bias=False)
          (norm): BatchNorm1d(96, eps=0.001, momentum=0.01, affine=True, track_running_stats=True)
          (relu): ReLU()
        )
        (1): PFNLayerV2(
          (linear): Linear(in_features=192, out_features=192, bias=False)
          (norm): BatchNorm1d(192, eps=0.001, momentum=0.01, affine=True, track_running_stats=True)
          (relu): ReLU()
        )
      )
    )
    (backbone_3d): DSVT(
      (input_layer): DSVTInputLayer(
        (posembed_layers): ModuleList(
          (0): ModuleList(
            (0): ModuleList(
              (0): PositionEmbeddingLearned(
                (position_embedding_head): Sequential(
                  (0): Linear(in_features=3, out_features=192, bias=True)
                  (1): BatchNorm1d(192, eps=1e-05, momentum=0.1, affine=True, track_running_stats=True)
                  (2): ReLU(inplace=True)
                  (3): Linear(in_features=192, out_features=192, bias=True)
                )
              )
              (1): PositionEmbeddingLearned(
                (position_embedding_head): Sequential(
                  (0): Linear(in_features=3, out_features=192, bias=True)
                  (1): BatchNorm1d(192, eps=1e-05, momentum=0.1, affine=True, track_running_stats=True)
                  (2): ReLU(inplace=True)
                  (3): Linear(in_features=192, out_features=192, bias=True)
                )
              )
            )
          )
          (1): ModuleList(
            (0): ModuleList(
              (0): PositionEmbeddingLearned(
                (position_embedding_head): Sequential(
                  (0): Linear(in_features=3, out_features=192, bias=True)
                  (1): BatchNorm1d(192, eps=1e-05, momentum=0.1, affine=True, track_running_stats=True)
                  (2): ReLU(inplace=True)
                  (3): Linear(in_features=192, out_features=192, bias=True)
                )
              )
              (1): PositionEmbeddingLearned(
                (position_embedding_head): Sequential(
                  (0): Linear(in_features=3, out_features=192, bias=True)
                  (1): BatchNorm1d(192, eps=1e-05, momentum=0.1, affine=True, track_running_stats=True)
                  (2): ReLU(inplace=True)
                  (3): Linear(in_features=192, out_features=192, bias=True)
                )
              )
            )
          )
          (2): ModuleList(
            (0): ModuleList(
              (0): PositionEmbeddingLearned(
                (position_embedding_head): Sequential(
                  (0): Linear(in_features=3, out_features=192, bias=True)
                  (1): BatchNorm1d(192, eps=1e-05, momentum=0.1, affine=True, track_running_stats=True)
                  (2): ReLU(inplace=True)
                  (3): Linear(in_features=192, out_features=192, bias=True)
                )
              )
              (1): PositionEmbeddingLearned(
                (position_embedding_head): Sequential(
                  (0): Linear(in_features=3, out_features=192, bias=True)
                  (1): BatchNorm1d(192, eps=1e-05, momentum=0.1, affine=True, track_running_stats=True)
                  (2): ReLU(inplace=True)
                  (3): Linear(in_features=192, out_features=192, bias=True)
                )
              )
            )
          )
          (3): ModuleList(
            (0): ModuleList(
              (0): PositionEmbeddingLearned(
                (position_embedding_head): Sequential(
                  (0): Linear(in_features=2, out_features=192, bias=True)
                  (1): BatchNorm1d(192, eps=1e-05, momentum=0.1, affine=True, track_running_stats=True)
                  (2): ReLU(inplace=True)
                  (3): Linear(in_features=192, out_features=192, bias=True)
                )
              )
              (1): PositionEmbeddingLearned(
                (position_embedding_head): Sequential(
                  (0): Linear(in_features=2, out_features=192, bias=True)
                  (1): BatchNorm1d(192, eps=1e-05, momentum=0.1, affine=True, track_running_stats=True)
                  (2): ReLU(inplace=True)
                  (3): Linear(in_features=192, out_features=192, bias=True)
                )
              )
            )
          )
        )
      )
      (stage_0): ModuleList(
        (0): DSVTBlock(
          (encoder_list): ModuleList(
            (0): DSVT_EncoderLayer(
              (win_attn): SetAttention(
                (self_attn): MultiheadAttention(
                  (out_proj): NonDynamicallyQuantizableLinear(in_features=192, out_features=192, bias=True)
                )
                (linear1): Linear(in_features=192, out_features=384, bias=True)
                (dropout): Dropout(p=0, inplace=False)
                (linear2): Linear(in_features=384, out_features=192, bias=True)
                (norm1): LayerNorm((192,), eps=1e-05, elementwise_affine=True)
                (norm2): LayerNorm((192,), eps=1e-05, elementwise_affine=True)
                (dropout1): Identity()
                (dropout2): Identity()
              )
              (norm): LayerNorm((192,), eps=1e-05, elementwise_affine=True)
            )
            (1): DSVT_EncoderLayer(
              (win_attn): SetAttention(
                (self_attn): MultiheadAttention(
                  (out_proj): NonDynamicallyQuantizableLinear(in_features=192, out_features=192, bias=True)
                )
                (linear1): Linear(in_features=192, out_features=384, bias=True)
                (dropout): Dropout(p=0, inplace=False)
                (linear2): Linear(in_features=384, out_features=192, bias=True)
                (norm1): LayerNorm((192,), eps=1e-05, elementwise_affine=True)
                (norm2): LayerNorm((192,), eps=1e-05, elementwise_affine=True)
                (dropout1): Identity()
                (dropout2): Identity()
              )
              (norm): LayerNorm((192,), eps=1e-05, elementwise_affine=True)
            )
          )
        )
      )
      (residual_norm_stage_0): ModuleList(
        (0): LayerNorm((192,), eps=1e-05, elementwise_affine=True)
      )
      (stage_0_reduction): Stage_ReductionAtt_Block(
        (query_func): MaxPool1d(kernel_size=4, stride=4, padding=0, dilation=1, ceil_mode=False)
        (norm): LayerNorm((192,), eps=1e-05, elementwise_affine=True)
        (self_attn): MultiheadAttention(
          (out_proj): NonDynamicallyQuantizableLinear(in_features=192, out_features=192, bias=True)
        )
      )
      (stage_1): ModuleList(
        (0): DSVTBlock(
          (encoder_list): ModuleList(
            (0): DSVT_EncoderLayer(
              (win_attn): SetAttention(
                (self_attn): MultiheadAttention(
                  (out_proj): NonDynamicallyQuantizableLinear(in_features=192, out_features=192, bias=True)
                )
                (linear1): Linear(in_features=192, out_features=384, bias=True)
                (dropout): Dropout(p=0, inplace=False)
                (linear2): Linear(in_features=384, out_features=192, bias=True)
                (norm1): LayerNorm((192,), eps=1e-05, elementwise_affine=True)
                (norm2): LayerNorm((192,), eps=1e-05, elementwise_affine=True)
                (dropout1): Identity()
                (dropout2): Identity()
              )
              (norm): LayerNorm((192,), eps=1e-05, elementwise_affine=True)
            )
            (1): DSVT_EncoderLayer(
              (win_attn): SetAttention(
                (self_attn): MultiheadAttention(
                  (out_proj): NonDynamicallyQuantizableLinear(in_features=192, out_features=192, bias=True)
                )
                (linear1): Linear(in_features=192, out_features=384, bias=True)
                (dropout): Dropout(p=0, inplace=False)
                (linear2): Linear(in_features=384, out_features=192, bias=True)
                (norm1): LayerNorm((192,), eps=1e-05, elementwise_affine=True)
                (norm2): LayerNorm((192,), eps=1e-05, elementwise_affine=True)
                (dropout1): Identity()
                (dropout2): Identity()
              )
              (norm): LayerNorm((192,), eps=1e-05, elementwise_affine=True)
            )
          )
        )
      )
      (residual_norm_stage_1): ModuleList(
        (0): LayerNorm((192,), eps=1e-05, elementwise_affine=True)
      )
      (stage_1_reduction): Stage_ReductionAtt_Block(
        (query_func): MaxPool1d(kernel_size=4, stride=4, padding=0, dilation=1, ceil_mode=False)
        (norm): LayerNorm((192,), eps=1e-05, elementwise_affine=True)
        (self_attn): MultiheadAttention(
          (out_proj): NonDynamicallyQuantizableLinear(in_features=192, out_features=192, bias=True)
        )
      )
      (stage_2): ModuleList(
        (0): DSVTBlock(
          (encoder_list): ModuleList(
            (0): DSVT_EncoderLayer(
              (win_attn): SetAttention(
                (self_attn): MultiheadAttention(
                  (out_proj): NonDynamicallyQuantizableLinear(in_features=192, out_features=192, bias=True)
                )
                (linear1): Linear(in_features=192, out_features=384, bias=True)
                (dropout): Dropout(p=0, inplace=False)
                (linear2): Linear(in_features=384, out_features=192, bias=True)
                (norm1): LayerNorm((192,), eps=1e-05, elementwise_affine=True)
                (norm2): LayerNorm((192,), eps=1e-05, elementwise_affine=True)
                (dropout1): Identity()
                (dropout2): Identity()
              )
              (norm): LayerNorm((192,), eps=1e-05, elementwise_affine=True)
            )
            (1): DSVT_EncoderLayer(
              (win_attn): SetAttention(
                (self_attn): MultiheadAttention(
                  (out_proj): NonDynamicallyQuantizableLinear(in_features=192, out_features=192, bias=True)
                )
                (linear1): Linear(in_features=192, out_features=384, bias=True)
                (dropout): Dropout(p=0, inplace=False)
                (linear2): Linear(in_features=384, out_features=192, bias=True)
                (norm1): LayerNorm((192,), eps=1e-05, elementwise_affine=True)
                (norm2): LayerNorm((192,), eps=1e-05, elementwise_affine=True)
                (dropout1): Identity()
                (dropout2): Identity()
              )
              (norm): LayerNorm((192,), eps=1e-05, elementwise_affine=True)
            )
          )
        )
      )
      (residual_norm_stage_2): ModuleList(
        (0): LayerNorm((192,), eps=1e-05, elementwise_affine=True)
      )
      (stage_2_reduction): Stage_ReductionAtt_Block(
        (query_func): MaxPool1d(kernel_size=2, stride=2, padding=0, dilation=1, ceil_mode=False)
        (norm): LayerNorm((192,), eps=1e-05, elementwise_affine=True)
        (self_attn): MultiheadAttention(
          (out_proj): NonDynamicallyQuantizableLinear(in_features=192, out_features=192, bias=True)
        )
      )
      (stage_3): ModuleList(
        (0): DSVTBlock(
          (encoder_list): ModuleList(
            (0): DSVT_EncoderLayer(
              (win_attn): SetAttention(
                (self_attn): MultiheadAttention(
                  (out_proj): NonDynamicallyQuantizableLinear(in_features=192, out_features=192, bias=True)
                )
                (linear1): Linear(in_features=192, out_features=384, bias=True)
                (dropout): Dropout(p=0, inplace=False)
                (linear2): Linear(in_features=384, out_features=192, bias=True)
                (norm1): LayerNorm((192,), eps=1e-05, elementwise_affine=True)
                (norm2): LayerNorm((192,), eps=1e-05, elementwise_affine=True)
                (dropout1): Identity()
                (dropout2): Identity()
              )
              (norm): LayerNorm((192,), eps=1e-05, elementwise_affine=True)
            )
            (1): DSVT_EncoderLayer(
              (win_attn): SetAttention(
                (self_attn): MultiheadAttention(
                  (out_proj): NonDynamicallyQuantizableLinear(in_features=192, out_features=192, bias=True)
                )
                (linear1): Linear(in_features=192, out_features=384, bias=True)
                (dropout): Dropout(p=0, inplace=False)
                (linear2): Linear(in_features=384, out_features=192, bias=True)
                (norm1): LayerNorm((192,), eps=1e-05, elementwise_affine=True)
                (norm2): LayerNorm((192,), eps=1e-05, elementwise_affine=True)
                (dropout1): Identity()
                (dropout2): Identity()
              )
              (norm): LayerNorm((192,), eps=1e-05, elementwise_affine=True)
            )
          )
        )
      )
      (residual_norm_stage_3): ModuleList(
        (0): LayerNorm((192,), eps=1e-05, elementwise_affine=True)
      )
    )
    (map_to_bev_module): PointPillarScatter3d()
    (pfe): None
    (backbone_2d): BaseBEVResBackbone(
      (blocks): ModuleList(
        (0): Sequential(
          (0): BasicBlock(
            (conv1): Conv2d(192, 128, kernel_size=(3, 3), stride=(1, 1), padding=(1, 1), bias=False)
            (bn1): BatchNorm2d(128, eps=0.001, momentum=0.01, affine=True, track_running_stats=True)
            (relu1): ReLU()
            (conv2): Conv2d(128, 128, kernel_size=(3, 3), stride=(1, 1), padding=(1, 1), bias=False)
            (bn2): BatchNorm2d(128, eps=0.001, momentum=0.01, affine=True, track_running_stats=True)
            (relu2): ReLU()
            (downsample_layer): Sequential(
              (0): Conv2d(192, 128, kernel_size=(1, 1), stride=(1, 1), bias=False)
              (1): BatchNorm2d(128, eps=0.001, momentum=0.01, affine=True, track_running_stats=True)
            )
          )
          (1): BasicBlock(
            (conv1): Conv2d(128, 128, kernel_size=(3, 3), stride=(1, 1), padding=(1, 1), bias=False)
            (bn1): BatchNorm2d(128, eps=0.001, momentum=0.01, affine=True, track_running_stats=True)
            (relu1): ReLU()
            (conv2): Conv2d(128, 128, kernel_size=(3, 3), stride=(1, 1), padding=(1, 1), bias=False)
            (bn2): BatchNorm2d(128, eps=0.001, momentum=0.01, affine=True, track_running_stats=True)
            (relu2): ReLU()
          )
        )
        (1): Sequential(
          (0): BasicBlock(
            (conv1): Conv2d(128, 128, kernel_size=(3, 3), stride=(2, 2), padding=(1, 1), bias=False)
            (bn1): BatchNorm2d(128, eps=0.001, momentum=0.01, affine=True, track_running_stats=True)
            (relu1): ReLU()
            (conv2): Conv2d(128, 128, kernel_size=(3, 3), stride=(1, 1), padding=(1, 1), bias=False)
            (bn2): BatchNorm2d(128, eps=0.001, momentum=0.01, affine=True, track_running_stats=True)
            (relu2): ReLU()
            (downsample_layer): Sequential(
              (0): Conv2d(128, 128, kernel_size=(1, 1), stride=(2, 2), bias=False)
              (1): BatchNorm2d(128, eps=0.001, momentum=0.01, affine=True, track_running_stats=True)
            )
          )
          (1): BasicBlock(
            (conv1): Conv2d(128, 128, kernel_size=(3, 3), stride=(1, 1), padding=(1, 1), bias=False)
            (bn1): BatchNorm2d(128, eps=0.001, momentum=0.01, affine=True, track_running_stats=True)
            (relu1): ReLU()
            (conv2): Conv2d(128, 128, kernel_size=(3, 3), stride=(1, 1), padding=(1, 1), bias=False)
            (bn2): BatchNorm2d(128, eps=0.001, momentum=0.01, affine=True, track_running_stats=True)
            (relu2): ReLU()
          )
          (2): BasicBlock(
            (conv1): Conv2d(128, 128, kernel_size=(3, 3), stride=(1, 1), padding=(1, 1), bias=False)
            (bn1): BatchNorm2d(128, eps=0.001, momentum=0.01, affine=True, track_running_stats=True)
            (relu1): ReLU()
            (conv2): Conv2d(128, 128, kernel_size=(3, 3), stride=(1, 1), padding=(1, 1), bias=False)
            (bn2): BatchNorm2d(128, eps=0.001, momentum=0.01, affine=True, track_running_stats=True)
            (relu2): ReLU()
          )
        )
        (2): Sequential(
          (0): BasicBlock(
            (conv1): Conv2d(128, 256, kernel_size=(3, 3), stride=(2, 2), padding=(1, 1), bias=False)
            (bn1): BatchNorm2d(256, eps=0.001, momentum=0.01, affine=True, track_running_stats=True)
            (relu1): ReLU()
            (conv2): Conv2d(256, 256, kernel_size=(3, 3), stride=(1, 1), padding=(1, 1), bias=False)
            (bn2): BatchNorm2d(256, eps=0.001, momentum=0.01, affine=True, track_running_stats=True)
            (relu2): ReLU()
            (downsample_layer): Sequential(
              (0): Conv2d(128, 256, kernel_size=(1, 1), stride=(2, 2), bias=False)
              (1): BatchNorm2d(256, eps=0.001, momentum=0.01, affine=True, track_running_stats=True)
            )
          )
          (1): BasicBlock(
            (conv1): Conv2d(256, 256, kernel_size=(3, 3), stride=(1, 1), padding=(1, 1), bias=False)
            (bn1): BatchNorm2d(256, eps=0.001, momentum=0.01, affine=True, track_running_stats=True)
            (relu1): ReLU()
            (conv2): Conv2d(256, 256, kernel_size=(3, 3), stride=(1, 1), padding=(1, 1), bias=False)
            (bn2): BatchNorm2d(256, eps=0.001, momentum=0.01, affine=True, track_running_stats=True)
            (relu2): ReLU()
          )
          (2): BasicBlock(
            (conv1): Conv2d(256, 256, kernel_size=(3, 3), stride=(1, 1), padding=(1, 1), bias=False)
            (bn1): BatchNorm2d(256, eps=0.001, momentum=0.01, affine=True, track_running_stats=True)
            (relu1): ReLU()
            (conv2): Conv2d(256, 256, kernel_size=(3, 3), stride=(1, 1), padding=(1, 1), bias=False)
            (bn2): BatchNorm2d(256, eps=0.001, momentum=0.01, affine=True, track_running_stats=True)
            (relu2): ReLU()
          )
        )
      )
      (deblocks): ModuleList(
        (0): Sequential(
          (0): ConvTranspose2d(128, 128, kernel_size=(1, 1), stride=(1, 1), bias=False)
          (1): BatchNorm2d(128, eps=0.001, momentum=0.01, affine=True, track_running_stats=True)
          (2): ReLU()
        )
        (1): Sequential(
          (0): ConvTranspose2d(128, 128, kernel_size=(2, 2), stride=(2, 2), bias=False)
          (1): BatchNorm2d(128, eps=0.001, momentum=0.01, affine=True, track_running_stats=True)
          (2): ReLU()
        )
        (2): Sequential(
          (0): ConvTranspose2d(256, 128, kernel_size=(4, 4), stride=(4, 4), bias=False)
          (1): BatchNorm2d(128, eps=0.001, momentum=0.01, affine=True, track_running_stats=True)
          (2): ReLU()
        )
      )
    )
    (dense_head): CenterHead(
      (shared_conv): Sequential(
        (0): Conv2d(384, 64, kernel_size=(3, 3), stride=(1, 1), padding=(1, 1), bias=False)
        (1): BatchNorm2d(64, eps=0.001, momentum=0.01, affine=True, track_running_stats=True)
        (2): ReLU()
      )
      (heads_list): ModuleList(
        (0): SeparateHead(
          (center): Sequential(
            (0): Sequential(
              (0): Conv2d(64, 64, kernel_size=(3, 3), stride=(1, 1), padding=(1, 1), bias=False)
              (1): BatchNorm2d(64, eps=0.001, momentum=0.01, affine=True, track_running_stats=True)
              (2): ReLU()
            )
            (1): Conv2d(64, 2, kernel_size=(3, 3), stride=(1, 1), padding=(1, 1))
          )
          (center_z): Sequential(
            (0): Sequential(
              (0): Conv2d(64, 64, kernel_size=(3, 3), stride=(1, 1), padding=(1, 1), bias=False)
              (1): BatchNorm2d(64, eps=0.001, momentum=0.01, affine=True, track_running_stats=True)
              (2): ReLU()
            )
            (1): Conv2d(64, 1, kernel_size=(3, 3), stride=(1, 1), padding=(1, 1))
          )
          (dim): Sequential(
            (0): Sequential(
              (0): Conv2d(64, 64, kernel_size=(3, 3), stride=(1, 1), padding=(1, 1), bias=False)
              (1): BatchNorm2d(64, eps=0.001, momentum=0.01, affine=True, track_running_stats=True)
              (2): ReLU()
            )
            (1): Conv2d(64, 3, kernel_size=(3, 3), stride=(1, 1), padding=(1, 1))
          )
          (rot): Sequential(
            (0): Sequential(
              (0): Conv2d(64, 64, kernel_size=(3, 3), stride=(1, 1), padding=(1, 1), bias=False)
              (1): BatchNorm2d(64, eps=0.001, momentum=0.01, affine=True, track_running_stats=True)
              (2): ReLU()
            )
            (1): Conv2d(64, 2, kernel_size=(3, 3), stride=(1, 1), padding=(1, 1))
          )
          (iou): Sequential(
            (0): Sequential(
              (0): Conv2d(64, 64, kernel_size=(3, 3), stride=(1, 1), padding=(1, 1), bias=False)
              (1): BatchNorm2d(64, eps=0.001, momentum=0.01, affine=True, track_running_stats=True)
              (2): ReLU()
            )
            (1): Conv2d(64, 1, kernel_size=(3, 3), stride=(1, 1), padding=(1, 1))
          )
          (hm): Sequential(
            (0): Sequential(
              (0): Conv2d(64, 64, kernel_size=(3, 3), stride=(1, 1), padding=(1, 1), bias=False)
              (1): BatchNorm2d(64, eps=0.001, momentum=0.01, affine=True, track_running_stats=True)
              (2): ReLU()
            )
            (1): Conv2d(64, 3, kernel_size=(3, 3), stride=(1, 1), padding=(1, 1))
          )
        )
      )
      (hm_loss_func): FocalLossCenterNet()
      (reg_loss_func): RegLossCenterNet()
    )
    (point_head): None
    (roi_head): None
  )
)
2024-10-25 19:44:56,515   INFO  **********************Start training waymo_models/dsvt_voxel_whole(default)**********************
2024-10-25 19:46:09,593   INFO  Train:    1/40 (  2%) [   0/3435 (  0%)]  Loss: 57.15 (57.2)  LR: 3.000e-05  Time cost: 00:02/2:31:18 [01:13/100:52:28]  Acc_iter 1           Data time: 0.49(0.49)  Forward time: 1.67(1.67)  Batch time: 2.16(2.16)
2024-10-25 19:46:59,635   INFO  Train:    1/40 (  2%) [  49/3435 (  1%)]  Loss: 20.44 (31.1)  LR: 3.009e-05  Time cost: 00:52/59:27 [02:03/40:12:07]  Acc_iter 50          Data time: 0.00(0.01)  Forward time: 1.07(1.03)  Batch time: 1.07(1.04)
2024-10-25 19:47:51,045   INFO  Train:    1/40 (  2%) [  99/3435 (  3%)]  Loss: 15.36 (24.6)  LR: 3.038e-05  Time cost: 01:44/57:52 [02:54/39:42:03]  Acc_iter 100         Data time: 0.00(0.01)  Forward time: 1.02(1.03)  Batch time: 1.02(1.04)
2024-10-25 19:48:40,720   INFO  Train:    1/40 (  2%) [ 149/3435 (  4%)]  Loss: 13.10 (21.0)  LR: 3.086e-05  Time cost: 02:33/56:08 [03:44/39:05:00]  Acc_iter 150         Data time: 0.00(0.01)  Forward time: 1.03(1.02)  Batch time: 1.03(1.02)
2024-10-25 19:48:41,042   INFO  3090-1                      Fri Oct 25 19:48:41 2024  470.223.02
[0] NVIDIA GeForce RTX 3090 | 74'C,  99 % | 23240 / 24268 MB | ailab(23227M) gdm(4M) ailab(4M)
[1] NVIDIA GeForce RTX 3090 | 65'C, 100 % | 21776 / 24268 MB | ailab(21763M) gdm(4M) ailab(4M)
[2] NVIDIA GeForce RTX 3090 | 61'C,   0 % | 24236 / 24268 MB | ailab(24223M) gdm(4M) ailab(4M)
[3] NVIDIA GeForce RTX 3090 | 53'C, 100 % | 24112 / 24260 MB | ailab(23883M) gdm(26M) gdm(39M) ailab(93M) ailab(63M)

2024-10-25 19:49:47,758   INFO  Train:    1/40 (  2%) [ 199/3435 (  6%)]  Loss: 11.05 (18.9)  LR: 3.154e-05  Time cost: 03:40/59:32 [04:51/42:04:35]  Acc_iter 200         Data time: 0.00(0.04)  Forward time: 1.20(1.06)  Batch time: 1.20(1.10)
2024-10-25 19:50:56,221   INFO  Train:    1/40 (  2%) [ 249/3435 (  7%)]  Loss: 11.00 (17.5)  LR: 3.241e-05  Time cost: 04:49/1:01:26 [05:59/44:04:55]  Acc_iter 250         Data time: 0.00(0.07)  Forward time: 1.06(1.09)  Batch time: 1.07(1.16)
2024-10-25 19:51:07,706   INFO  Save latest model to /home/ailab/git/Team_3/baseline_code_and_model/03_3D객체검출차량용/02_baseline_code_and_model/output/waymo_models/dsvt_voxel_whole/default/ckpt/latest_model
2024-10-25 19:52:52,519   INFO  Train:    1/40 (  2%) [ 299/3435 (  9%)]  Loss: 11.06 (16.5)  LR: 3.347e-05  Time cost: 06:45/1:10:39 [07:56/51:29:06]  Acc_iter 300         Data time: 0.00(0.18)  Forward time: 1.05(1.17)  Batch time: 1.06(1.35)
2024-10-25 19:52:52,846   INFO  3090-1                      Fri Oct 25 19:52:52 2024  470.223.02
[0] NVIDIA GeForce RTX 3090 | 65'C,  92 % | 23240 / 24268 MB | ailab(23227M) gdm(4M) ailab(4M)
[1] NVIDIA GeForce RTX 3090 | 62'C,  93 % | 21776 / 24268 MB | ailab(21763M) gdm(4M) ailab(4M)
[2] NVIDIA GeForce RTX 3090 | 60'C,  19 % | 24236 / 24268 MB | ailab(24223M) gdm(4M) ailab(4M)
[3] NVIDIA GeForce RTX 3090 | 53'C,  94 % | 24034 / 24260 MB | ailab(23805M) gdm(26M) gdm(39M) ailab(93M) ailab(63M)

2024-10-25 19:54:10,230   INFO  Train:    1/40 (  2%) [ 349/3435 ( 10%)]  Loss: 10.84 (15.8)  LR: 3.473e-05  Time cost: 08:03/1:11:01 [09:13/52:33:59]  Acc_iter 350         Data time: 0.00(0.19)  Forward time: 1.10(1.19)  Batch time: 1.10(1.38)
2024-10-25 19:55:01,217   INFO  Train:    1/40 (  2%) [ 399/3435 ( 12%)]  Loss: 9.808 (15.2)  LR: 3.618e-05  Time cost: 08:54/1:07:35 [10:04/50:49:47]  Acc_iter 400         Data time: 0.00(0.17)  Forward time: 1.00(1.17)  Batch time: 1.00(1.33)
2024-10-25 19:55:53,257   INFO  Train:    1/40 (  2%) [ 449/3435 ( 13%)]  Loss: 10.22 (14.6)  LR: 3.782e-05  Time cost: 09:46/1:04:50 [10:56/49:33:53]  Acc_iter 450         Data time: 0.00(0.15)  Forward time: 0.94(1.15)  Batch time: 0.94(1.30)
2024-10-25 19:55:53,600   INFO  3090-1                      Fri Oct 25 19:55:53 2024  470.223.02
[0] NVIDIA GeForce RTX 3090 | 74'C,  98 % | 23240 / 24268 MB | ailab(23227M) gdm(4M) ailab(4M)
[1] NVIDIA GeForce RTX 3090 | 67'C,  99 % | 21776 / 24268 MB | ailab(21763M) gdm(4M) ailab(4M)
[2] NVIDIA GeForce RTX 3090 | 61'C,  16 % | 24238 / 24268 MB | ailab(24225M) gdm(4M) ailab(4M)
[3] NVIDIA GeForce RTX 3090 | 53'C,  96 % | 24036 / 24260 MB | ailab(23807M) gdm(26M) gdm(39M) ailab(93M) ailab(63M)

2024-10-25 19:56:07,318   INFO  Save latest model to /home/ailab/git/Team_3/baseline_code_and_model/03_3D객체검출차량용/02_baseline_code_and_model/output/waymo_models/dsvt_voxel_whole/default/ckpt/latest_model
2024-10-25 19:56:44,731   INFO  Train:    1/40 (  2%) [ 499/3435 ( 15%)]  Loss: 10.49 (14.2)  LR: 3.966e-05  Time cost: 10:37/1:02:25 [11:48/48:30:25]  Acc_iter 500         Data time: 0.00(0.14)  Forward time: 1.21(1.14)  Batch time: 1.22(1.27)
2024-10-25 19:57:36,111   INFO  Train:    1/40 (  2%) [ 549/3435 ( 16%)]  Loss: 9.721 (13.8)  LR: 4.168e-05  Time cost: 11:29/1:00:16 [12:39/47:37:56]  Acc_iter 550         Data time: 0.00(0.12)  Forward time: 0.92(1.13)  Batch time: 0.92(1.25)
2024-10-25 19:58:27,913   INFO  Train:    1/40 (  2%) [ 599/3435 ( 17%)]  Loss: 9.268 (13.5)  LR: 4.391e-05  Time cost: 12:20/58:22 [13:31/46:55:40]  Acc_iter 600         Data time: 0.00(0.11)  Forward time: 1.14(1.12)  Batch time: 1.14(1.23)
2024-10-25 19:58:28,237   INFO  3090-1                      Fri Oct 25 19:58:28 2024  470.223.02
[0] NVIDIA GeForce RTX 3090 | 77'C,  91 % | 23240 / 24268 MB | ailab(23227M) gdm(4M) ailab(4M)
[1] NVIDIA GeForce RTX 3090 | 69'C,  94 % | 21776 / 24268 MB | ailab(21763M) gdm(4M) ailab(4M)
[2] NVIDIA GeForce RTX 3090 | 63'C,   0 % | 24238 / 24268 MB | ailab(24225M) gdm(4M) ailab(4M)
[3] NVIDIA GeForce RTX 3090 | 54'C, 100 % | 24200 / 24260 MB | ailab(23971M) gdm(26M) gdm(39M) ailab(93M) ailab(63M)

2024-10-25 19:59:20,611   INFO  Train:    1/40 (  2%) [ 649/3435 ( 19%)]  Loss: 8.855 (13.1)  LR: 4.632e-05  Time cost: 13:13/56:41 [14:24/46:22:55]  Acc_iter 650         Data time: 0.00(0.11)  Forward time: 1.14(1.11)  Batch time: 1.14(1.22)
2024-10-25 20:00:11,717   INFO  Train:    1/40 (  2%) [ 699/3435 ( 20%)]  Loss: 9.405 (12.9)  LR: 4.893e-05  Time cost: 14:04/55:01 [15:15/45:49:32]  Acc_iter 700         Data time: 0.00(0.10)  Forward time: 0.96(1.11)  Batch time: 0.96(1.21)
2024-10-25 20:01:01,976   INFO  Train:    1/40 (  2%) [ 749/3435 ( 22%)]  Loss: 9.717 (12.6)  LR: 5.172e-05  Time cost: 14:55/53:25 [16:05/45:17:54]  Acc_iter 750         Data time: 0.00(0.09)  Forward time: 1.09(1.10)  Batch time: 1.09(1.19)
2024-10-25 20:01:02,292   INFO  3090-1                      Fri Oct 25 20:01:02 2024  470.223.02
[0] NVIDIA GeForce RTX 3090 | 55'C,   0 % | 23240 / 24268 MB | ailab(23227M) gdm(4M) ailab(4M)
[1] NVIDIA GeForce RTX 3090 | 51'C,   0 % | 21776 / 24268 MB | ailab(21763M) gdm(4M) ailab(4M)
[2] NVIDIA GeForce RTX 3090 | 63'C,  26 % | 24238 / 24268 MB | ailab(24225M) gdm(4M) ailab(4M)
[3] NVIDIA GeForce RTX 3090 | 56'C,  94 % | 24200 / 24260 MB | ailab(23971M) gdm(26M) gdm(39M) ailab(93M) ailab(63M)

2024-10-25 20:01:07,250   INFO  Save latest model to /home/ailab/git/Team_3/baseline_code_and_model/03_3D객체검출차량용/02_baseline_code_and_model/output/waymo_models/dsvt_voxel_whole/default/ckpt/latest_model
2024-10-25 20:01:53,651   INFO  Train:    1/40 (  2%) [ 799/3435 ( 23%)]  Loss: 9.167 (12.4)  LR: 5.471e-05  Time cost: 15:46/51:59 [16:57/44:54:10]  Acc_iter 800         Data time: 0.00(0.09)  Forward time: 1.12(1.10)  Batch time: 1.12(1.18)
2024-10-25 20:02:43,980   INFO  Train:    1/40 (  2%) [ 849/3435 ( 25%)]  Loss: 9.702 (12.2)  LR: 5.789e-05  Time cost: 16:37/50:33 [17:47/44:29:31]  Acc_iter 850         Data time: 0.00(0.08)  Forward time: 1.03(1.09)  Batch time: 1.03(1.17)
2024-10-25 20:03:34,149   INFO  Train:    1/40 (  2%) [ 899/3435 ( 26%)]  Loss: 8.316 (12.0)  LR: 6.126e-05  Time cost: 17:27/49:10 [18:37/44:07:06]  Acc_iter 900         Data time: 0.00(0.08)  Forward time: 1.06(1.09)  Batch time: 1.06(1.16)
2024-10-25 20:03:34,471   INFO  3090-1                      Fri Oct 25 20:03:34 2024  470.223.02
[0] NVIDIA GeForce RTX 3090 | 77'C,  83 % | 23240 / 24268 MB | ailab(23227M) gdm(4M) ailab(4M)
[1] NVIDIA GeForce RTX 3090 | 69'C,  80 % | 21776 / 24268 MB | ailab(21763M) gdm(4M) ailab(4M)
[2] NVIDIA GeForce RTX 3090 | 63'C,  37 % | 24238 / 24268 MB | ailab(24225M) gdm(4M) ailab(4M)
[3] NVIDIA GeForce RTX 3090 | 56'C,  94 % | 24200 / 24260 MB | ailab(23971M) gdm(26M) gdm(39M) ailab(93M) ailab(63M)

