2024-10-25 20:08:25,431   INFO  **********************Start logging**********************
2024-10-25 20:08:25,431   INFO  CUDA_VISIBLE_DEVICES=2,3
2024-10-25 20:08:25,431   INFO  Training in distributed mode : total_batch_size: 2
2024-10-25 20:08:25,431   INFO  cfg_file         cfgs/waymo_models/dsvt_voxel_whole.yaml
2024-10-25 20:08:25,431   INFO  batch_size       1
2024-10-25 20:08:25,431   INFO  epochs           40
2024-10-25 20:08:25,431   INFO  workers          4
2024-10-25 20:08:25,431   INFO  extra_tag        default
2024-10-25 20:08:25,431   INFO  ckpt             None
2024-10-25 20:08:25,431   INFO  pretrained_model None
2024-10-25 20:08:25,431   INFO  launcher         pytorch
2024-10-25 20:08:25,431   INFO  tcp_port         18888
2024-10-25 20:08:25,431   INFO  sync_bn          False
2024-10-25 20:08:25,431   INFO  fix_random_seed  False
2024-10-25 20:08:25,431   INFO  ckpt_save_interval 1
2024-10-25 20:08:25,431   INFO  local_rank       0
2024-10-25 20:08:25,431   INFO  max_ckpt_save_num 30
2024-10-25 20:08:25,431   INFO  merge_all_iters_to_one_epoch False
2024-10-25 20:08:25,431   INFO  set_cfgs         None
2024-10-25 20:08:25,431   INFO  max_waiting_mins 0
2024-10-25 20:08:25,432   INFO  start_epoch      0
2024-10-25 20:08:25,432   INFO  num_epochs_to_eval 0
2024-10-25 20:08:25,432   INFO  save_to_file     False
2024-10-25 20:08:25,432   INFO  use_tqdm_to_record False
2024-10-25 20:08:25,432   INFO  logger_iter_interval 50
2024-10-25 20:08:25,432   INFO  ckpt_save_time_interval 300
2024-10-25 20:08:25,432   INFO  wo_gpu_stat      False
2024-10-25 20:08:25,432   INFO  use_amp          False
2024-10-25 20:08:25,432   INFO  cfg.ROOT_DIR: /home/ailab/git/Team_3/baseline_code_and_model/03_3D객체검출차량용/02_baseline_code_and_model
2024-10-25 20:08:25,432   INFO  cfg.LOCAL_RANK: 0
2024-10-25 20:08:25,432   INFO  cfg.CLASS_NAMES: ['Vehicle', 'Pedestrian', 'Cyclist']
2024-10-25 20:08:25,432   INFO  ----------- DATA_CONFIG -----------
2024-10-25 20:08:25,432   INFO  cfg.DATA_CONFIG.DATASET: CustomAvDataset
2024-10-25 20:08:25,432   INFO  cfg.DATA_CONFIG.DATA_PATH: /home/ailab/AILabDataset/01_Open_Dataset/39_AutoDna/3d_object_detection/3d_mod_av_db
2024-10-25 20:08:25,432   INFO  cfg.DATA_CONFIG.POINT_CLOUD_RANGE: [-70.0, -70.0, -4.0, 70.0, 70.0, 4.0]
2024-10-25 20:08:25,432   INFO  ----------- MAP_CLASS_TO_KITTI -----------
2024-10-25 20:08:25,432   INFO  cfg.DATA_CONFIG.MAP_CLASS_TO_KITTI.Vehicle: Car
2024-10-25 20:08:25,432   INFO  cfg.DATA_CONFIG.MAP_CLASS_TO_KITTI.Pedestrian: Pedestrian
2024-10-25 20:08:25,432   INFO  cfg.DATA_CONFIG.MAP_CLASS_TO_KITTI.Cyclist: Cyclist
2024-10-25 20:08:25,432   INFO  ----------- DATA_SPLIT -----------
2024-10-25 20:08:25,432   INFO  cfg.DATA_CONFIG.DATA_SPLIT.train: train_origin2
2024-10-25 20:08:25,432   INFO  cfg.DATA_CONFIG.DATA_SPLIT.test: val_origin2
2024-10-25 20:08:25,432   INFO  ----------- INFO_PATH -----------
2024-10-25 20:08:25,432   INFO  cfg.DATA_CONFIG.INFO_PATH.train: ['Team_3_whole_infos_train_origin2.pkl']
2024-10-25 20:08:25,432   INFO  cfg.DATA_CONFIG.INFO_PATH.test: ['Team_3_whole_infos_val_origin2.pkl']
2024-10-25 20:08:25,433   INFO  ----------- POINT_FEATURE_ENCODING -----------
2024-10-25 20:08:25,433   INFO  cfg.DATA_CONFIG.POINT_FEATURE_ENCODING.encoding_type: absolute_coordinates_encoding
2024-10-25 20:08:25,433   INFO  cfg.DATA_CONFIG.POINT_FEATURE_ENCODING.used_feature_list: ['x', 'y', 'z']
2024-10-25 20:08:25,433   INFO  cfg.DATA_CONFIG.POINT_FEATURE_ENCODING.src_feature_list: ['x', 'y', 'z', 'intensity']
2024-10-25 20:08:25,433   INFO  ----------- DATA_AUGMENTOR -----------
2024-10-25 20:08:25,433   INFO  cfg.DATA_CONFIG.DATA_AUGMENTOR.DISABLE_AUG_LIST: ['placeholder']
2024-10-25 20:08:25,433   INFO  cfg.DATA_CONFIG.DATA_AUGMENTOR.AUG_CONFIG_LIST: [{'NAME': 'gt_sampling', 'USE_ROAD_PLANE': False, 'DB_INFO_PATH': ['Team_3_whole_dbinfos_train_origin2.pkl'], 'PREPARE': {'filter_by_min_points': ['Car:5', 'Pedestrian:5', 'Cyclist:5']}, 'SAMPLE_GROUPS': ['Vehicle:15', 'Pedestrian:10', 'Cyclist:10'], 'NUM_POINT_FEATURES': 4, 'DATABASE_WITH_FAKELIDAR': False, 'REMOVE_EXTRA_WIDTH': [0.0, 0.0, 0.0], 'LIMIT_WHOLE_SCENE': True}, {'NAME': 'random_world_flip', 'ALONG_AXIS_LIST': ['x', 'y']}, {'NAME': 'random_world_rotation', 'WORLD_ROT_ANGLE': [-0.78539816, 0.78539816]}, {'NAME': 'random_world_scaling', 'WORLD_SCALE_RANGE': [0.95, 1.05]}, {'NAME': 'random_world_translation', 'NOISE_TRANSLATE_STD': [0.5, 0.5, 0.5]}]
2024-10-25 20:08:25,433   INFO  cfg.DATA_CONFIG.DATA_PROCESSOR: [{'NAME': 'mask_points_and_boxes_outside_range', 'REMOVE_OUTSIDE_BOXES': True}, {'NAME': 'shuffle_points', 'SHUFFLE_ENABLED': {'train': True, 'test': False}}, {'NAME': 'transform_points_to_voxels_placeholder', 'VOXEL_SIZE': [0.25, 0.25, 0.25]}]
2024-10-25 20:08:25,433   INFO  cfg.DATA_CONFIG._BASE_CONFIG_: cfgs/dataset_configs/custom_av_dataset_whole.yaml
2024-10-25 20:08:25,433   INFO  ----------- MODEL -----------
2024-10-25 20:08:25,433   INFO  cfg.MODEL.NAME: CenterPoint
2024-10-25 20:08:25,433   INFO  ----------- VFE -----------
2024-10-25 20:08:25,433   INFO  cfg.MODEL.VFE.NAME: DynamicVoxelVFE
2024-10-25 20:08:25,433   INFO  cfg.MODEL.VFE.WITH_DISTANCE: False
2024-10-25 20:08:25,433   INFO  cfg.MODEL.VFE.USE_ABSLOTE_XYZ: True
2024-10-25 20:08:25,433   INFO  cfg.MODEL.VFE.USE_NORM: True
2024-10-25 20:08:25,433   INFO  cfg.MODEL.VFE.NUM_FILTERS: [192, 192]
2024-10-25 20:08:25,433   INFO  ----------- BACKBONE_3D -----------
2024-10-25 20:08:25,433   INFO  cfg.MODEL.BACKBONE_3D.NAME: DSVT
2024-10-25 20:08:25,433   INFO  ----------- INPUT_LAYER -----------
2024-10-25 20:08:25,433   INFO  cfg.MODEL.BACKBONE_3D.INPUT_LAYER.sparse_shape: [560, 560, 32]
2024-10-25 20:08:25,434   INFO  cfg.MODEL.BACKBONE_3D.INPUT_LAYER.downsample_stride: [[1, 1, 4], [1, 1, 4], [1, 1, 2]]
2024-10-25 20:08:25,434   INFO  cfg.MODEL.BACKBONE_3D.INPUT_LAYER.d_model: [192, 192, 192, 192]
2024-10-25 20:08:25,434   INFO  cfg.MODEL.BACKBONE_3D.INPUT_LAYER.set_info: [[48, 1], [48, 1], [48, 1], [48, 1]]
2024-10-25 20:08:25,434   INFO  cfg.MODEL.BACKBONE_3D.INPUT_LAYER.window_shape: [[12, 12, 32], [12, 12, 8], [12, 12, 2], [12, 12, 1]]
2024-10-25 20:08:25,434   INFO  cfg.MODEL.BACKBONE_3D.INPUT_LAYER.hybrid_factor: [2, 2, 1]
2024-10-25 20:08:25,434   INFO  cfg.MODEL.BACKBONE_3D.INPUT_LAYER.shifts_list: [[[0, 0, 0], [6, 6, 0]], [[0, 0, 0], [6, 6, 0]], [[0, 0, 0], [6, 6, 0]], [[0, 0, 0], [6, 6, 0]]]
2024-10-25 20:08:25,434   INFO  cfg.MODEL.BACKBONE_3D.INPUT_LAYER.normalize_pos: False
2024-10-25 20:08:25,434   INFO  cfg.MODEL.BACKBONE_3D.block_name: ['DSVTBlock', 'DSVTBlock', 'DSVTBlock', 'DSVTBlock']
2024-10-25 20:08:25,434   INFO  cfg.MODEL.BACKBONE_3D.set_info: [[48, 1], [48, 1], [48, 1], [48, 1]]
2024-10-25 20:08:25,434   INFO  cfg.MODEL.BACKBONE_3D.d_model: [192, 192, 192, 192]
2024-10-25 20:08:25,434   INFO  cfg.MODEL.BACKBONE_3D.nhead: [8, 8, 8, 8]
2024-10-25 20:08:25,434   INFO  cfg.MODEL.BACKBONE_3D.dim_feedforward: [384, 384, 384, 384]
2024-10-25 20:08:25,434   INFO  cfg.MODEL.BACKBONE_3D.dropout: 0.0
2024-10-25 20:08:25,434   INFO  cfg.MODEL.BACKBONE_3D.activation: gelu
2024-10-25 20:08:25,434   INFO  cfg.MODEL.BACKBONE_3D.reduction_type: attention
2024-10-25 20:08:25,434   INFO  cfg.MODEL.BACKBONE_3D.output_shape: [560, 560]
2024-10-25 20:08:25,434   INFO  cfg.MODEL.BACKBONE_3D.conv_out_channel: 192
2024-10-25 20:08:25,434   INFO  cfg.MODEL.BACKBONE_3D.USE_CHECKPOINT: True
2024-10-25 20:08:25,434   INFO  ----------- MAP_TO_BEV -----------
2024-10-25 20:08:25,434   INFO  cfg.MODEL.MAP_TO_BEV.NAME: PointPillarScatter3d
2024-10-25 20:08:25,434   INFO  cfg.MODEL.MAP_TO_BEV.INPUT_SHAPE: [560, 560, 1]
2024-10-25 20:08:25,434   INFO  cfg.MODEL.MAP_TO_BEV.NUM_BEV_FEATURES: 192
2024-10-25 20:08:25,434   INFO  ----------- BACKBONE_2D -----------
2024-10-25 20:08:25,434   INFO  cfg.MODEL.BACKBONE_2D.NAME: BaseBEVResBackbone
2024-10-25 20:08:25,435   INFO  cfg.MODEL.BACKBONE_2D.LAYER_NUMS: [1, 2, 2]
2024-10-25 20:08:25,435   INFO  cfg.MODEL.BACKBONE_2D.LAYER_STRIDES: [1, 2, 2]
2024-10-25 20:08:25,435   INFO  cfg.MODEL.BACKBONE_2D.NUM_FILTERS: [128, 128, 256]
2024-10-25 20:08:25,435   INFO  cfg.MODEL.BACKBONE_2D.UPSAMPLE_STRIDES: [1, 2, 4]
2024-10-25 20:08:25,435   INFO  cfg.MODEL.BACKBONE_2D.NUM_UPSAMPLE_FILTERS: [128, 128, 128]
2024-10-25 20:08:25,435   INFO  ----------- DENSE_HEAD -----------
2024-10-25 20:08:25,435   INFO  cfg.MODEL.DENSE_HEAD.NAME: CenterHead
2024-10-25 20:08:25,435   INFO  cfg.MODEL.DENSE_HEAD.CLASS_AGNOSTIC: False
2024-10-25 20:08:25,435   INFO  cfg.MODEL.DENSE_HEAD.CLASS_NAMES_EACH_HEAD: [['Vehicle', 'Pedestrian', 'Cyclist']]
2024-10-25 20:08:25,435   INFO  cfg.MODEL.DENSE_HEAD.SHARED_CONV_CHANNEL: 64
2024-10-25 20:08:25,435   INFO  cfg.MODEL.DENSE_HEAD.USE_BIAS_BEFORE_NORM: False
2024-10-25 20:08:25,435   INFO  cfg.MODEL.DENSE_HEAD.NUM_HM_CONV: 2
2024-10-25 20:08:25,435   INFO  cfg.MODEL.DENSE_HEAD.BN_EPS: 0.001
2024-10-25 20:08:25,435   INFO  cfg.MODEL.DENSE_HEAD.BN_MOM: 0.01
2024-10-25 20:08:25,435   INFO  ----------- SEPARATE_HEAD_CFG -----------
2024-10-25 20:08:25,435   INFO  cfg.MODEL.DENSE_HEAD.SEPARATE_HEAD_CFG.HEAD_ORDER: ['center', 'center_z', 'dim', 'rot']
2024-10-25 20:08:25,435   INFO  ----------- HEAD_DICT -----------
2024-10-25 20:08:25,435   INFO  ----------- center -----------
2024-10-25 20:08:25,435   INFO  cfg.MODEL.DENSE_HEAD.SEPARATE_HEAD_CFG.HEAD_DICT.center.out_channels: 2
2024-10-25 20:08:25,435   INFO  cfg.MODEL.DENSE_HEAD.SEPARATE_HEAD_CFG.HEAD_DICT.center.num_conv: 2
2024-10-25 20:08:25,435   INFO  ----------- center_z -----------
2024-10-25 20:08:25,435   INFO  cfg.MODEL.DENSE_HEAD.SEPARATE_HEAD_CFG.HEAD_DICT.center_z.out_channels: 1
2024-10-25 20:08:25,435   INFO  cfg.MODEL.DENSE_HEAD.SEPARATE_HEAD_CFG.HEAD_DICT.center_z.num_conv: 2
2024-10-25 20:08:25,435   INFO  ----------- dim -----------
2024-10-25 20:08:25,436   INFO  cfg.MODEL.DENSE_HEAD.SEPARATE_HEAD_CFG.HEAD_DICT.dim.out_channels: 3
2024-10-25 20:08:25,436   INFO  cfg.MODEL.DENSE_HEAD.SEPARATE_HEAD_CFG.HEAD_DICT.dim.num_conv: 2
2024-10-25 20:08:25,436   INFO  ----------- rot -----------
2024-10-25 20:08:25,436   INFO  cfg.MODEL.DENSE_HEAD.SEPARATE_HEAD_CFG.HEAD_DICT.rot.out_channels: 2
2024-10-25 20:08:25,436   INFO  cfg.MODEL.DENSE_HEAD.SEPARATE_HEAD_CFG.HEAD_DICT.rot.num_conv: 2
2024-10-25 20:08:25,436   INFO  ----------- iou -----------
2024-10-25 20:08:25,436   INFO  cfg.MODEL.DENSE_HEAD.SEPARATE_HEAD_CFG.HEAD_DICT.iou.out_channels: 1
2024-10-25 20:08:25,436   INFO  cfg.MODEL.DENSE_HEAD.SEPARATE_HEAD_CFG.HEAD_DICT.iou.num_conv: 2
2024-10-25 20:08:25,436   INFO  ----------- TARGET_ASSIGNER_CONFIG -----------
2024-10-25 20:08:25,436   INFO  cfg.MODEL.DENSE_HEAD.TARGET_ASSIGNER_CONFIG.FEATURE_MAP_STRIDE: 1
2024-10-25 20:08:25,436   INFO  cfg.MODEL.DENSE_HEAD.TARGET_ASSIGNER_CONFIG.NUM_MAX_OBJS: 500
2024-10-25 20:08:25,436   INFO  cfg.MODEL.DENSE_HEAD.TARGET_ASSIGNER_CONFIG.GAUSSIAN_OVERLAP: 0.1
2024-10-25 20:08:25,436   INFO  cfg.MODEL.DENSE_HEAD.TARGET_ASSIGNER_CONFIG.MIN_RADIUS: 2
2024-10-25 20:08:25,436   INFO  cfg.MODEL.DENSE_HEAD.IOU_REG_LOSS: True
2024-10-25 20:08:25,436   INFO  ----------- LOSS_CONFIG -----------
2024-10-25 20:08:25,436   INFO  ----------- LOSS_WEIGHTS -----------
2024-10-25 20:08:25,436   INFO  cfg.MODEL.DENSE_HEAD.LOSS_CONFIG.LOSS_WEIGHTS.cls_weight: 1.0
2024-10-25 20:08:25,436   INFO  cfg.MODEL.DENSE_HEAD.LOSS_CONFIG.LOSS_WEIGHTS.loc_weight: 2.0
2024-10-25 20:08:25,436   INFO  cfg.MODEL.DENSE_HEAD.LOSS_CONFIG.LOSS_WEIGHTS.code_weights: [1.0, 1.0, 1.0, 1.0, 1.0, 1.0, 1.0, 1.0]
2024-10-25 20:08:25,436   INFO  ----------- POST_PROCESSING -----------
2024-10-25 20:08:25,436   INFO  cfg.MODEL.DENSE_HEAD.POST_PROCESSING.SCORE_THRESH: 0.1
2024-10-25 20:08:25,436   INFO  cfg.MODEL.DENSE_HEAD.POST_PROCESSING.POST_CENTER_LIMIT_RANGE: [-80, -80, -10.0, 80, 80, 10.0]
2024-10-25 20:08:25,436   INFO  cfg.MODEL.DENSE_HEAD.POST_PROCESSING.MAX_OBJ_PER_SAMPLE: 500
2024-10-25 20:08:25,436   INFO  cfg.MODEL.DENSE_HEAD.POST_PROCESSING.USE_IOU_TO_RECTIFY_SCORE: True
2024-10-25 20:08:25,436   INFO  cfg.MODEL.DENSE_HEAD.POST_PROCESSING.IOU_RECTIFIER: [0.68, 0.71, 0.65]
2024-10-25 20:08:25,436   INFO  ----------- NMS_CONFIG -----------
2024-10-25 20:08:25,437   INFO  cfg.MODEL.DENSE_HEAD.POST_PROCESSING.NMS_CONFIG.NMS_TYPE: class_specific_nms
2024-10-25 20:08:25,437   INFO  cfg.MODEL.DENSE_HEAD.POST_PROCESSING.NMS_CONFIG.NMS_THRESH: [0.75, 0.6, 0.55]
2024-10-25 20:08:25,437   INFO  cfg.MODEL.DENSE_HEAD.POST_PROCESSING.NMS_CONFIG.NMS_PRE_MAXSIZE: [4096, 4096, 4096]
2024-10-25 20:08:25,437   INFO  cfg.MODEL.DENSE_HEAD.POST_PROCESSING.NMS_CONFIG.NMS_POST_MAXSIZE: [500, 500, 500]
2024-10-25 20:08:25,437   INFO  ----------- POST_PROCESSING -----------
2024-10-25 20:08:25,437   INFO  cfg.MODEL.POST_PROCESSING.RECALL_THRESH_LIST: [0.3, 0.5, 0.7]
2024-10-25 20:08:25,437   INFO  cfg.MODEL.POST_PROCESSING.EVAL_METRIC: waymo
2024-10-25 20:08:25,437   INFO  ----------- OPTIMIZATION -----------
2024-10-25 20:08:25,437   INFO  cfg.OPTIMIZATION.BATCH_SIZE_PER_GPU: 1
2024-10-25 20:08:25,437   INFO  cfg.OPTIMIZATION.NUM_EPOCHS: 40
2024-10-25 20:08:25,437   INFO  cfg.OPTIMIZATION.OPTIMIZER: adam_onecycle
2024-10-25 20:08:25,437   INFO  cfg.OPTIMIZATION.LR: 0.003
2024-10-25 20:08:25,437   INFO  cfg.OPTIMIZATION.WEIGHT_DECAY: 0.05
2024-10-25 20:08:25,437   INFO  cfg.OPTIMIZATION.MOMENTUM: 0.9
2024-10-25 20:08:25,437   INFO  cfg.OPTIMIZATION.MOMS: [0.95, 0.85]
2024-10-25 20:08:25,437   INFO  cfg.OPTIMIZATION.PCT_START: 0.1
2024-10-25 20:08:25,437   INFO  cfg.OPTIMIZATION.DIV_FACTOR: 100
2024-10-25 20:08:25,437   INFO  cfg.OPTIMIZATION.DECAY_STEP_LIST: [35, 45]
2024-10-25 20:08:25,437   INFO  cfg.OPTIMIZATION.LR_DECAY: 0.1
2024-10-25 20:08:25,437   INFO  cfg.OPTIMIZATION.LR_CLIP: 1e-07
2024-10-25 20:08:25,437   INFO  cfg.OPTIMIZATION.LR_WARMUP: False
2024-10-25 20:08:25,437   INFO  cfg.OPTIMIZATION.WARMUP_EPOCH: 1
2024-10-25 20:08:25,437   INFO  cfg.OPTIMIZATION.GRAD_NORM_CLIP: 10
2024-10-25 20:08:25,437   INFO  cfg.OPTIMIZATION.LOSS_SCALE_FP16: 32.0
2024-10-25 20:08:25,438   INFO  ----------- HOOK -----------
2024-10-25 20:08:25,438   INFO  ----------- DisableAugmentationHook -----------
2024-10-25 20:08:25,438   INFO  cfg.HOOK.DisableAugmentationHook.DISABLE_AUG_LIST: ['gt_sampling', 'random_world_flip', 'random_world_rotation', 'random_world_scaling', 'random_world_translation']
2024-10-25 20:08:25,438   INFO  cfg.HOOK.DisableAugmentationHook.NUM_LAST_EPOCHS: 1
2024-10-25 20:08:25,438   INFO  cfg.TAG: dsvt_voxel_whole
2024-10-25 20:08:25,438   INFO  cfg.EXP_GROUP_PATH: waymo_models
2024-10-25 20:08:25,496   INFO  ----------- Create dataloader & network & optimizer -----------
2024-10-25 20:08:27,275   INFO  Database filter by min points Pedestrian: 135951 => 131923
2024-10-25 20:08:27,278   INFO  Database filter by min points Cyclist: 11958 => 11684
2024-10-25 20:08:27,326   INFO  Loading Custom AV dataset.
2024-10-25 20:08:27,888   INFO  Total samples for Custom AV dataset: 13739
2024-10-25 20:08:31,360   INFO  ==> Loading parameters from checkpoint /home/ailab/git/Team_3/baseline_code_and_model/03_3D객체검출차량용/02_baseline_code_and_model/output/waymo_models/dsvt_voxel_whole/default/ckpt/latest_model.pth to CPU
2024-10-25 20:08:31,576   INFO  ==> Loading optimizer parameters from checkpoint /home/ailab/git/Team_3/baseline_code_and_model/03_3D객체검출차량용/02_baseline_code_and_model/output/waymo_models/dsvt_voxel_whole/default/ckpt/latest_model.pth to CPU
2024-10-25 20:08:31,635   INFO  ==> Done
2024-10-25 20:08:31,747   INFO  ----------- Model CenterPoint created, param count: 9101996 -----------
2024-10-25 20:08:31,747   INFO  DistributedDataParallel(
  (module): CenterPoint(
    (vfe): DynamicVoxelVFE(
      (pfn_layers): ModuleList(
        (0): PFNLayerV2(
          (linear): Linear(in_features=9, out_features=96, bias=False)
          (norm): BatchNorm1d(96, eps=0.001, momentum=0.01, affine=True, track_running_stats=True)
          (relu): ReLU()
        )
        (1): PFNLayerV2(
          (linear): Linear(in_features=192, out_features=192, bias=False)
          (norm): BatchNorm1d(192, eps=0.001, momentum=0.01, affine=True, track_running_stats=True)
          (relu): ReLU()
        )
      )
    )
    (backbone_3d): DSVT(
      (input_layer): DSVTInputLayer(
        (posembed_layers): ModuleList(
          (0): ModuleList(
            (0): ModuleList(
              (0): PositionEmbeddingLearned(
                (position_embedding_head): Sequential(
                  (0): Linear(in_features=3, out_features=192, bias=True)
                  (1): BatchNorm1d(192, eps=1e-05, momentum=0.1, affine=True, track_running_stats=True)
                  (2): ReLU(inplace=True)
                  (3): Linear(in_features=192, out_features=192, bias=True)
                )
              )
              (1): PositionEmbeddingLearned(
                (position_embedding_head): Sequential(
                  (0): Linear(in_features=3, out_features=192, bias=True)
                  (1): BatchNorm1d(192, eps=1e-05, momentum=0.1, affine=True, track_running_stats=True)
                  (2): ReLU(inplace=True)
                  (3): Linear(in_features=192, out_features=192, bias=True)
                )
              )
            )
          )
          (1): ModuleList(
            (0): ModuleList(
              (0): PositionEmbeddingLearned(
                (position_embedding_head): Sequential(
                  (0): Linear(in_features=3, out_features=192, bias=True)
                  (1): BatchNorm1d(192, eps=1e-05, momentum=0.1, affine=True, track_running_stats=True)
                  (2): ReLU(inplace=True)
                  (3): Linear(in_features=192, out_features=192, bias=True)
                )
              )
              (1): PositionEmbeddingLearned(
                (position_embedding_head): Sequential(
                  (0): Linear(in_features=3, out_features=192, bias=True)
                  (1): BatchNorm1d(192, eps=1e-05, momentum=0.1, affine=True, track_running_stats=True)
                  (2): ReLU(inplace=True)
                  (3): Linear(in_features=192, out_features=192, bias=True)
                )
              )
            )
          )
          (2): ModuleList(
            (0): ModuleList(
              (0): PositionEmbeddingLearned(
                (position_embedding_head): Sequential(
                  (0): Linear(in_features=3, out_features=192, bias=True)
                  (1): BatchNorm1d(192, eps=1e-05, momentum=0.1, affine=True, track_running_stats=True)
                  (2): ReLU(inplace=True)
                  (3): Linear(in_features=192, out_features=192, bias=True)
                )
              )
              (1): PositionEmbeddingLearned(
                (position_embedding_head): Sequential(
                  (0): Linear(in_features=3, out_features=192, bias=True)
                  (1): BatchNorm1d(192, eps=1e-05, momentum=0.1, affine=True, track_running_stats=True)
                  (2): ReLU(inplace=True)
                  (3): Linear(in_features=192, out_features=192, bias=True)
                )
              )
            )
          )
          (3): ModuleList(
            (0): ModuleList(
              (0): PositionEmbeddingLearned(
                (position_embedding_head): Sequential(
                  (0): Linear(in_features=2, out_features=192, bias=True)
                  (1): BatchNorm1d(192, eps=1e-05, momentum=0.1, affine=True, track_running_stats=True)
                  (2): ReLU(inplace=True)
                  (3): Linear(in_features=192, out_features=192, bias=True)
                )
              )
              (1): PositionEmbeddingLearned(
                (position_embedding_head): Sequential(
                  (0): Linear(in_features=2, out_features=192, bias=True)
                  (1): BatchNorm1d(192, eps=1e-05, momentum=0.1, affine=True, track_running_stats=True)
                  (2): ReLU(inplace=True)
                  (3): Linear(in_features=192, out_features=192, bias=True)
                )
              )
            )
          )
        )
      )
      (stage_0): ModuleList(
        (0): DSVTBlock(
          (encoder_list): ModuleList(
            (0): DSVT_EncoderLayer(
              (win_attn): SetAttention(
                (self_attn): MultiheadAttention(
                  (out_proj): NonDynamicallyQuantizableLinear(in_features=192, out_features=192, bias=True)
                )
                (linear1): Linear(in_features=192, out_features=384, bias=True)
                (dropout): Dropout(p=0, inplace=False)
                (linear2): Linear(in_features=384, out_features=192, bias=True)
                (norm1): LayerNorm((192,), eps=1e-05, elementwise_affine=True)
                (norm2): LayerNorm((192,), eps=1e-05, elementwise_affine=True)
                (dropout1): Identity()
                (dropout2): Identity()
              )
              (norm): LayerNorm((192,), eps=1e-05, elementwise_affine=True)
            )
            (1): DSVT_EncoderLayer(
              (win_attn): SetAttention(
                (self_attn): MultiheadAttention(
                  (out_proj): NonDynamicallyQuantizableLinear(in_features=192, out_features=192, bias=True)
                )
                (linear1): Linear(in_features=192, out_features=384, bias=True)
                (dropout): Dropout(p=0, inplace=False)
                (linear2): Linear(in_features=384, out_features=192, bias=True)
                (norm1): LayerNorm((192,), eps=1e-05, elementwise_affine=True)
                (norm2): LayerNorm((192,), eps=1e-05, elementwise_affine=True)
                (dropout1): Identity()
                (dropout2): Identity()
              )
              (norm): LayerNorm((192,), eps=1e-05, elementwise_affine=True)
            )
          )
        )
      )
      (residual_norm_stage_0): ModuleList(
        (0): LayerNorm((192,), eps=1e-05, elementwise_affine=True)
      )
      (stage_0_reduction): Stage_ReductionAtt_Block(
        (query_func): MaxPool1d(kernel_size=4, stride=4, padding=0, dilation=1, ceil_mode=False)
        (norm): LayerNorm((192,), eps=1e-05, elementwise_affine=True)
        (self_attn): MultiheadAttention(
          (out_proj): NonDynamicallyQuantizableLinear(in_features=192, out_features=192, bias=True)
        )
      )
      (stage_1): ModuleList(
        (0): DSVTBlock(
          (encoder_list): ModuleList(
            (0): DSVT_EncoderLayer(
              (win_attn): SetAttention(
                (self_attn): MultiheadAttention(
                  (out_proj): NonDynamicallyQuantizableLinear(in_features=192, out_features=192, bias=True)
                )
                (linear1): Linear(in_features=192, out_features=384, bias=True)
                (dropout): Dropout(p=0, inplace=False)
                (linear2): Linear(in_features=384, out_features=192, bias=True)
                (norm1): LayerNorm((192,), eps=1e-05, elementwise_affine=True)
                (norm2): LayerNorm((192,), eps=1e-05, elementwise_affine=True)
                (dropout1): Identity()
                (dropout2): Identity()
              )
              (norm): LayerNorm((192,), eps=1e-05, elementwise_affine=True)
            )
            (1): DSVT_EncoderLayer(
              (win_attn): SetAttention(
                (self_attn): MultiheadAttention(
                  (out_proj): NonDynamicallyQuantizableLinear(in_features=192, out_features=192, bias=True)
                )
                (linear1): Linear(in_features=192, out_features=384, bias=True)
                (dropout): Dropout(p=0, inplace=False)
                (linear2): Linear(in_features=384, out_features=192, bias=True)
                (norm1): LayerNorm((192,), eps=1e-05, elementwise_affine=True)
                (norm2): LayerNorm((192,), eps=1e-05, elementwise_affine=True)
                (dropout1): Identity()
                (dropout2): Identity()
              )
              (norm): LayerNorm((192,), eps=1e-05, elementwise_affine=True)
            )
          )
        )
      )
      (residual_norm_stage_1): ModuleList(
        (0): LayerNorm((192,), eps=1e-05, elementwise_affine=True)
      )
      (stage_1_reduction): Stage_ReductionAtt_Block(
        (query_func): MaxPool1d(kernel_size=4, stride=4, padding=0, dilation=1, ceil_mode=False)
        (norm): LayerNorm((192,), eps=1e-05, elementwise_affine=True)
        (self_attn): MultiheadAttention(
          (out_proj): NonDynamicallyQuantizableLinear(in_features=192, out_features=192, bias=True)
        )
      )
      (stage_2): ModuleList(
        (0): DSVTBlock(
          (encoder_list): ModuleList(
            (0): DSVT_EncoderLayer(
              (win_attn): SetAttention(
                (self_attn): MultiheadAttention(
                  (out_proj): NonDynamicallyQuantizableLinear(in_features=192, out_features=192, bias=True)
                )
                (linear1): Linear(in_features=192, out_features=384, bias=True)
                (dropout): Dropout(p=0, inplace=False)
                (linear2): Linear(in_features=384, out_features=192, bias=True)
                (norm1): LayerNorm((192,), eps=1e-05, elementwise_affine=True)
                (norm2): LayerNorm((192,), eps=1e-05, elementwise_affine=True)
                (dropout1): Identity()
                (dropout2): Identity()
              )
              (norm): LayerNorm((192,), eps=1e-05, elementwise_affine=True)
            )
            (1): DSVT_EncoderLayer(
              (win_attn): SetAttention(
                (self_attn): MultiheadAttention(
                  (out_proj): NonDynamicallyQuantizableLinear(in_features=192, out_features=192, bias=True)
                )
                (linear1): Linear(in_features=192, out_features=384, bias=True)
                (dropout): Dropout(p=0, inplace=False)
                (linear2): Linear(in_features=384, out_features=192, bias=True)
                (norm1): LayerNorm((192,), eps=1e-05, elementwise_affine=True)
                (norm2): LayerNorm((192,), eps=1e-05, elementwise_affine=True)
                (dropout1): Identity()
                (dropout2): Identity()
              )
              (norm): LayerNorm((192,), eps=1e-05, elementwise_affine=True)
            )
          )
        )
      )
      (residual_norm_stage_2): ModuleList(
        (0): LayerNorm((192,), eps=1e-05, elementwise_affine=True)
      )
      (stage_2_reduction): Stage_ReductionAtt_Block(
        (query_func): MaxPool1d(kernel_size=2, stride=2, padding=0, dilation=1, ceil_mode=False)
        (norm): LayerNorm((192,), eps=1e-05, elementwise_affine=True)
        (self_attn): MultiheadAttention(
          (out_proj): NonDynamicallyQuantizableLinear(in_features=192, out_features=192, bias=True)
        )
      )
      (stage_3): ModuleList(
        (0): DSVTBlock(
          (encoder_list): ModuleList(
            (0): DSVT_EncoderLayer(
              (win_attn): SetAttention(
                (self_attn): MultiheadAttention(
                  (out_proj): NonDynamicallyQuantizableLinear(in_features=192, out_features=192, bias=True)
                )
                (linear1): Linear(in_features=192, out_features=384, bias=True)
                (dropout): Dropout(p=0, inplace=False)
                (linear2): Linear(in_features=384, out_features=192, bias=True)
                (norm1): LayerNorm((192,), eps=1e-05, elementwise_affine=True)
                (norm2): LayerNorm((192,), eps=1e-05, elementwise_affine=True)
                (dropout1): Identity()
                (dropout2): Identity()
              )
              (norm): LayerNorm((192,), eps=1e-05, elementwise_affine=True)
            )
            (1): DSVT_EncoderLayer(
              (win_attn): SetAttention(
                (self_attn): MultiheadAttention(
                  (out_proj): NonDynamicallyQuantizableLinear(in_features=192, out_features=192, bias=True)
                )
                (linear1): Linear(in_features=192, out_features=384, bias=True)
                (dropout): Dropout(p=0, inplace=False)
                (linear2): Linear(in_features=384, out_features=192, bias=True)
                (norm1): LayerNorm((192,), eps=1e-05, elementwise_affine=True)
                (norm2): LayerNorm((192,), eps=1e-05, elementwise_affine=True)
                (dropout1): Identity()
                (dropout2): Identity()
              )
              (norm): LayerNorm((192,), eps=1e-05, elementwise_affine=True)
            )
          )
        )
      )
      (residual_norm_stage_3): ModuleList(
        (0): LayerNorm((192,), eps=1e-05, elementwise_affine=True)
      )
    )
    (map_to_bev_module): PointPillarScatter3d()
    (pfe): None
    (backbone_2d): BaseBEVResBackbone(
      (blocks): ModuleList(
        (0): Sequential(
          (0): BasicBlock(
            (conv1): Conv2d(192, 128, kernel_size=(3, 3), stride=(1, 1), padding=(1, 1), bias=False)
            (bn1): BatchNorm2d(128, eps=0.001, momentum=0.01, affine=True, track_running_stats=True)
            (relu1): ReLU()
            (conv2): Conv2d(128, 128, kernel_size=(3, 3), stride=(1, 1), padding=(1, 1), bias=False)
            (bn2): BatchNorm2d(128, eps=0.001, momentum=0.01, affine=True, track_running_stats=True)
            (relu2): ReLU()
            (downsample_layer): Sequential(
              (0): Conv2d(192, 128, kernel_size=(1, 1), stride=(1, 1), bias=False)
              (1): BatchNorm2d(128, eps=0.001, momentum=0.01, affine=True, track_running_stats=True)
            )
          )
          (1): BasicBlock(
            (conv1): Conv2d(128, 128, kernel_size=(3, 3), stride=(1, 1), padding=(1, 1), bias=False)
            (bn1): BatchNorm2d(128, eps=0.001, momentum=0.01, affine=True, track_running_stats=True)
            (relu1): ReLU()
            (conv2): Conv2d(128, 128, kernel_size=(3, 3), stride=(1, 1), padding=(1, 1), bias=False)
            (bn2): BatchNorm2d(128, eps=0.001, momentum=0.01, affine=True, track_running_stats=True)
            (relu2): ReLU()
          )
        )
        (1): Sequential(
          (0): BasicBlock(
            (conv1): Conv2d(128, 128, kernel_size=(3, 3), stride=(2, 2), padding=(1, 1), bias=False)
            (bn1): BatchNorm2d(128, eps=0.001, momentum=0.01, affine=True, track_running_stats=True)
            (relu1): ReLU()
            (conv2): Conv2d(128, 128, kernel_size=(3, 3), stride=(1, 1), padding=(1, 1), bias=False)
            (bn2): BatchNorm2d(128, eps=0.001, momentum=0.01, affine=True, track_running_stats=True)
            (relu2): ReLU()
            (downsample_layer): Sequential(
              (0): Conv2d(128, 128, kernel_size=(1, 1), stride=(2, 2), bias=False)
              (1): BatchNorm2d(128, eps=0.001, momentum=0.01, affine=True, track_running_stats=True)
            )
          )
          (1): BasicBlock(
            (conv1): Conv2d(128, 128, kernel_size=(3, 3), stride=(1, 1), padding=(1, 1), bias=False)
            (bn1): BatchNorm2d(128, eps=0.001, momentum=0.01, affine=True, track_running_stats=True)
            (relu1): ReLU()
            (conv2): Conv2d(128, 128, kernel_size=(3, 3), stride=(1, 1), padding=(1, 1), bias=False)
            (bn2): BatchNorm2d(128, eps=0.001, momentum=0.01, affine=True, track_running_stats=True)
            (relu2): ReLU()
          )
          (2): BasicBlock(
            (conv1): Conv2d(128, 128, kernel_size=(3, 3), stride=(1, 1), padding=(1, 1), bias=False)
            (bn1): BatchNorm2d(128, eps=0.001, momentum=0.01, affine=True, track_running_stats=True)
            (relu1): ReLU()
            (conv2): Conv2d(128, 128, kernel_size=(3, 3), stride=(1, 1), padding=(1, 1), bias=False)
            (bn2): BatchNorm2d(128, eps=0.001, momentum=0.01, affine=True, track_running_stats=True)
            (relu2): ReLU()
          )
        )
        (2): Sequential(
          (0): BasicBlock(
            (conv1): Conv2d(128, 256, kernel_size=(3, 3), stride=(2, 2), padding=(1, 1), bias=False)
            (bn1): BatchNorm2d(256, eps=0.001, momentum=0.01, affine=True, track_running_stats=True)
            (relu1): ReLU()
            (conv2): Conv2d(256, 256, kernel_size=(3, 3), stride=(1, 1), padding=(1, 1), bias=False)
            (bn2): BatchNorm2d(256, eps=0.001, momentum=0.01, affine=True, track_running_stats=True)
            (relu2): ReLU()
            (downsample_layer): Sequential(
              (0): Conv2d(128, 256, kernel_size=(1, 1), stride=(2, 2), bias=False)
              (1): BatchNorm2d(256, eps=0.001, momentum=0.01, affine=True, track_running_stats=True)
            )
          )
          (1): BasicBlock(
            (conv1): Conv2d(256, 256, kernel_size=(3, 3), stride=(1, 1), padding=(1, 1), bias=False)
            (bn1): BatchNorm2d(256, eps=0.001, momentum=0.01, affine=True, track_running_stats=True)
            (relu1): ReLU()
            (conv2): Conv2d(256, 256, kernel_size=(3, 3), stride=(1, 1), padding=(1, 1), bias=False)
            (bn2): BatchNorm2d(256, eps=0.001, momentum=0.01, affine=True, track_running_stats=True)
            (relu2): ReLU()
          )
          (2): BasicBlock(
            (conv1): Conv2d(256, 256, kernel_size=(3, 3), stride=(1, 1), padding=(1, 1), bias=False)
            (bn1): BatchNorm2d(256, eps=0.001, momentum=0.01, affine=True, track_running_stats=True)
            (relu1): ReLU()
            (conv2): Conv2d(256, 256, kernel_size=(3, 3), stride=(1, 1), padding=(1, 1), bias=False)
            (bn2): BatchNorm2d(256, eps=0.001, momentum=0.01, affine=True, track_running_stats=True)
            (relu2): ReLU()
          )
        )
      )
      (deblocks): ModuleList(
        (0): Sequential(
          (0): ConvTranspose2d(128, 128, kernel_size=(1, 1), stride=(1, 1), bias=False)
          (1): BatchNorm2d(128, eps=0.001, momentum=0.01, affine=True, track_running_stats=True)
          (2): ReLU()
        )
        (1): Sequential(
          (0): ConvTranspose2d(128, 128, kernel_size=(2, 2), stride=(2, 2), bias=False)
          (1): BatchNorm2d(128, eps=0.001, momentum=0.01, affine=True, track_running_stats=True)
          (2): ReLU()
        )
        (2): Sequential(
          (0): ConvTranspose2d(256, 128, kernel_size=(4, 4), stride=(4, 4), bias=False)
          (1): BatchNorm2d(128, eps=0.001, momentum=0.01, affine=True, track_running_stats=True)
          (2): ReLU()
        )
      )
    )
    (dense_head): CenterHead(
      (shared_conv): Sequential(
        (0): Conv2d(384, 64, kernel_size=(3, 3), stride=(1, 1), padding=(1, 1), bias=False)
        (1): BatchNorm2d(64, eps=0.001, momentum=0.01, affine=True, track_running_stats=True)
        (2): ReLU()
      )
      (heads_list): ModuleList(
        (0): SeparateHead(
          (center): Sequential(
            (0): Sequential(
              (0): Conv2d(64, 64, kernel_size=(3, 3), stride=(1, 1), padding=(1, 1), bias=False)
              (1): BatchNorm2d(64, eps=0.001, momentum=0.01, affine=True, track_running_stats=True)
              (2): ReLU()
            )
            (1): Conv2d(64, 2, kernel_size=(3, 3), stride=(1, 1), padding=(1, 1))
          )
          (center_z): Sequential(
            (0): Sequential(
              (0): Conv2d(64, 64, kernel_size=(3, 3), stride=(1, 1), padding=(1, 1), bias=False)
              (1): BatchNorm2d(64, eps=0.001, momentum=0.01, affine=True, track_running_stats=True)
              (2): ReLU()
            )
            (1): Conv2d(64, 1, kernel_size=(3, 3), stride=(1, 1), padding=(1, 1))
          )
          (dim): Sequential(
            (0): Sequential(
              (0): Conv2d(64, 64, kernel_size=(3, 3), stride=(1, 1), padding=(1, 1), bias=False)
              (1): BatchNorm2d(64, eps=0.001, momentum=0.01, affine=True, track_running_stats=True)
              (2): ReLU()
            )
            (1): Conv2d(64, 3, kernel_size=(3, 3), stride=(1, 1), padding=(1, 1))
          )
          (rot): Sequential(
            (0): Sequential(
              (0): Conv2d(64, 64, kernel_size=(3, 3), stride=(1, 1), padding=(1, 1), bias=False)
              (1): BatchNorm2d(64, eps=0.001, momentum=0.01, affine=True, track_running_stats=True)
              (2): ReLU()
            )
            (1): Conv2d(64, 2, kernel_size=(3, 3), stride=(1, 1), padding=(1, 1))
          )
          (iou): Sequential(
            (0): Sequential(
              (0): Conv2d(64, 64, kernel_size=(3, 3), stride=(1, 1), padding=(1, 1), bias=False)
              (1): BatchNorm2d(64, eps=0.001, momentum=0.01, affine=True, track_running_stats=True)
              (2): ReLU()
            )
            (1): Conv2d(64, 1, kernel_size=(3, 3), stride=(1, 1), padding=(1, 1))
          )
          (hm): Sequential(
            (0): Sequential(
              (0): Conv2d(64, 64, kernel_size=(3, 3), stride=(1, 1), padding=(1, 1), bias=False)
              (1): BatchNorm2d(64, eps=0.001, momentum=0.01, affine=True, track_running_stats=True)
              (2): ReLU()
            )
            (1): Conv2d(64, 3, kernel_size=(3, 3), stride=(1, 1), padding=(1, 1))
          )
        )
      )
      (hm_loss_func): FocalLossCenterNet()
      (reg_loss_func): RegLossCenterNet()
    )
    (point_head): None
    (roi_head): None
  )
)
2024-10-25 20:08:31,751   INFO  **********************Start training waymo_models/dsvt_voxel_whole(default)**********************
2024-10-25 20:09:43,198   INFO  Train:    1/40 (  2%) [ 755/6870 ( 11%)]  Loss: 9.356 (9.36)  LR: 3.553e-05  Time cost: 00:01/1:42:13 [01:11/76:21:04]  Acc_iter 756         Data time: 0.27(0.27)  Forward time: 0.66(0.66)  Batch time: 0.93(0.93)
2024-10-25 20:10:08,738   INFO  Train:    1/40 (  2%) [ 799/6870 ( 12%)]  Loss: 8.038 (8.99)  LR: 3.619e-05  Time cost: 00:26/59:40 [01:36/44:53:39]  Acc_iter 800         Data time: 0.00(0.01)  Forward time: 0.60(0.58)  Batch time: 0.61(0.59)
2024-10-25 20:10:37,672   INFO  Train:    1/40 (  2%) [ 849/6870 ( 12%)]  Loss: 9.627 (8.96)  LR: 3.699e-05  Time cost: 00:55/58:36 [02:05/44:26:17]  Acc_iter 850         Data time: 0.01(0.01)  Forward time: 0.56(0.58)  Batch time: 0.57(0.58)
2024-10-25 20:11:07,538   INFO  Train:    1/40 (  2%) [ 899/6870 ( 13%)]  Loss: 8.484 (9.02)  LR: 3.784e-05  Time cost: 01:25/58:34 [02:35/44:46:51]  Acc_iter 900         Data time: 0.00(0.01)  Forward time: 0.56(0.58)  Batch time: 0.56(0.59)
2024-10-25 20:11:07,844   INFO  3090-1                      Fri Oct 25 20:11:07 2024  470.223.02
[0] NVIDIA GeForce RTX 3090 | 72'C, 100 % | 23240 / 24268 MB | ailab(23227M) gdm(4M) ailab(4M)
[1] NVIDIA GeForce RTX 3090 | 65'C, 100 % | 21776 / 24268 MB | ailab(21763M) gdm(4M) ailab(4M)
[2] NVIDIA GeForce RTX 3090 | 59'C,   7 % | 15228 / 24268 MB | ailab(15215M) gdm(4M) ailab(4M)
[3] NVIDIA GeForce RTX 3090 | 52'C, 100 % | 15288 / 24260 MB | ailab(15059M) gdm(26M) gdm(39M) ailab(93M) ailab(63M)

2024-10-25 20:11:36,824   INFO  Train:    1/40 (  2%) [ 949/6870 ( 14%)]  Loss: 7.234 (8.99)  LR: 3.873e-05  Time cost: 01:54/58:00 [03:05/44:43:01]  Acc_iter 950         Data time: 0.00(0.01)  Forward time: 0.55(0.58)  Batch time: 0.55(0.59)
2024-10-25 20:12:05,989   INFO  Train:    1/40 (  2%) [ 999/6870 ( 15%)]  Loss: 9.770 (9.00)  LR: 3.967e-05  Time cost: 02:23/57:25 [03:34/44:38:17]  Acc_iter 1000        Data time: 0.00(0.01)  Forward time: 0.65(0.58)  Batch time: 0.65(0.59)
2024-10-25 20:12:34,054   INFO  Train:    1/40 (  2%) [1049/6870 ( 15%)]  Loss: 9.503 (8.96)  LR: 4.067e-05  Time cost: 02:51/56:31 [04:02/44:17:59]  Acc_iter 1050        Data time: 0.01(0.01)  Forward time: 0.52(0.58)  Batch time: 0.53(0.58)
2024-10-25 20:12:34,369   INFO  3090-1                      Fri Oct 25 20:12:34 2024  470.223.02
[0] NVIDIA GeForce RTX 3090 | 74'C,  99 % | 23240 / 24268 MB | ailab(23227M) gdm(4M) ailab(4M)
[1] NVIDIA GeForce RTX 3090 | 67'C, 100 % | 21776 / 24268 MB | ailab(21763M) gdm(4M) ailab(4M)
[2] NVIDIA GeForce RTX 3090 | 61'C,   0 % | 15228 / 24268 MB | ailab(15215M) gdm(4M) ailab(4M)
[3] NVIDIA GeForce RTX 3090 | 52'C, 100 % | 15288 / 24260 MB | ailab(15059M) gdm(26M) gdm(39M) ailab(93M) ailab(63M)

2024-10-25 20:13:03,774   INFO  Train:    1/40 (  2%) [1099/6870 ( 16%)]  Loss: 8.063 (8.92)  LR: 4.171e-05  Time cost: 03:21/56:11 [04:32/44:25:19]  Acc_iter 1100        Data time: 0.01(0.01)  Forward time: 0.56(0.58)  Batch time: 0.57(0.58)
2024-10-25 20:13:33,182   INFO  Train:    1/40 (  2%) [1149/6870 ( 17%)]  Loss: 8.480 (8.89)  LR: 4.279e-05  Time cost: 03:50/55:45 [05:01/44:27:04]  Acc_iter 1150        Data time: 0.00(0.01)  Forward time: 0.66(0.58)  Batch time: 0.66(0.58)
2024-10-25 20:14:02,317   INFO  Train:    1/40 (  2%) [1199/6870 ( 17%)]  Loss: 8.724 (8.86)  LR: 4.393e-05  Time cost: 04:20/55:14 [05:30/44:25:31]  Acc_iter 1200        Data time: 0.00(0.01)  Forward time: 0.46(0.58)  Batch time: 0.46(0.58)
2024-10-25 20:14:02,659   INFO  3090-1                      Fri Oct 25 20:14:02 2024  470.223.02
[0] NVIDIA GeForce RTX 3090 | 75'C,  63 % | 23240 / 24268 MB | ailab(23227M) gdm(4M) ailab(4M)
[1] NVIDIA GeForce RTX 3090 | 67'C,  80 % | 21776 / 24268 MB | ailab(21763M) gdm(4M) ailab(4M)
[2] NVIDIA GeForce RTX 3090 | 61'C,  10 % | 15228 / 24268 MB | ailab(15215M) gdm(4M) ailab(4M)
[3] NVIDIA GeForce RTX 3090 | 54'C,  95 % | 15290 / 24260 MB | ailab(15061M) gdm(26M) gdm(39M) ailab(93M) ailab(63M)

2024-10-25 20:14:31,697   INFO  Train:    1/40 (  2%) [1249/6870 ( 18%)]  Loss: 8.241 (8.83)  LR: 4.511e-05  Time cost: 04:49/54:47 [05:59/44:26:27]  Acc_iter 1250        Data time: 0.00(0.01)  Forward time: 0.56(0.58)  Batch time: 0.56(0.58)
2024-10-25 20:14:42,783   INFO  Save latest model to /home/ailab/git/Team_3/baseline_code_and_model/03_3D객체검출차량용/02_baseline_code_and_model/output/waymo_models/dsvt_voxel_whole/default/ckpt/latest_model
2024-10-25 20:15:00,680   INFO  Train:    1/40 (  2%) [1299/6870 ( 19%)]  Loss: 8.242 (8.80)  LR: 4.634e-05  Time cost: 05:18/54:15 [06:28/44:23:47]  Acc_iter 1300        Data time: 0.01(0.01)  Forward time: 0.46(0.58)  Batch time: 0.46(0.58)
2024-10-25 20:15:29,497   INFO  Train:    1/40 (  2%) [1349/6870 ( 20%)]  Loss: 8.593 (8.78)  LR: 4.762e-05  Time cost: 05:47/53:42 [06:57/44:20:13]  Acc_iter 1350        Data time: 0.00(0.01)  Forward time: 0.60(0.58)  Batch time: 0.60(0.58)
2024-10-25 20:15:29,837   INFO  3090-1                      Fri Oct 25 20:15:29 2024  470.223.02
[0] NVIDIA GeForce RTX 3090 | 76'C, 100 % | 23240 / 24268 MB | ailab(23227M) gdm(4M) ailab(4M)
[1] NVIDIA GeForce RTX 3090 | 68'C, 100 % | 21776 / 24268 MB | ailab(21763M) gdm(4M) ailab(4M)
[2] NVIDIA GeForce RTX 3090 | 62'C,  27 % | 15228 / 24268 MB | ailab(15215M) gdm(4M) ailab(4M)
[3] NVIDIA GeForce RTX 3090 | 54'C,  95 % | 15290 / 24260 MB | ailab(15061M) gdm(26M) gdm(39M) ailab(93M) ailab(63M)

2024-10-25 20:15:58,613   INFO  Train:    1/40 (  2%) [1399/6870 ( 20%)]  Loss: 8.361 (8.75)  LR: 4.895e-05  Time cost: 06:16/53:12 [07:26/44:19:15]  Acc_iter 1400        Data time: 0.01(0.01)  Forward time: 0.56(0.58)  Batch time: 0.57(0.58)
2024-10-25 20:16:27,549   INFO  Train:    1/40 (  2%) [1449/6870 ( 21%)]  Loss: 8.590 (8.74)  LR: 5.033e-05  Time cost: 06:45/52:41 [07:55/44:17:10]  Acc_iter 1450        Data time: 0.00(0.01)  Forward time: 0.47(0.58)  Batch time: 0.47(0.58)
2024-10-25 20:16:56,246   INFO  Train:    1/40 (  2%) [1499/6870 ( 22%)]  Loss: 10.07 (8.73)  LR: 5.175e-05  Time cost: 07:14/52:09 [08:24/44:13:50]  Acc_iter 1500        Data time: 0.00(0.01)  Forward time: 0.68(0.58)  Batch time: 0.69(0.58)
2024-10-25 20:16:56,568   INFO  3090-1                      Fri Oct 25 20:16:56 2024  470.223.02
[0] NVIDIA GeForce RTX 3090 | 76'C, 100 % | 23240 / 24268 MB | ailab(23227M) gdm(4M) ailab(4M)
[1] NVIDIA GeForce RTX 3090 | 69'C, 100 % | 21776 / 24268 MB | ailab(21763M) gdm(4M) ailab(4M)
[2] NVIDIA GeForce RTX 3090 | 62'C,  14 % | 15228 / 24268 MB | ailab(15215M) gdm(4M) ailab(4M)
[3] NVIDIA GeForce RTX 3090 | 54'C,  96 % | 15292 / 24260 MB | ailab(15063M) gdm(26M) gdm(39M) ailab(93M) ailab(63M)

2024-10-25 20:17:25,238   INFO  Train:    1/40 (  2%) [1549/6870 ( 23%)]  Loss: 8.516 (8.72)  LR: 5.322e-05  Time cost: 07:43/51:39 [08:53/44:12:33]  Acc_iter 1550        Data time: 0.00(0.01)  Forward time: 0.46(0.58)  Batch time: 0.46(0.58)
2024-10-25 20:17:54,592   INFO  Train:    1/40 (  2%) [1599/6870 ( 23%)]  Loss: 6.944 (8.70)  LR: 5.474e-05  Time cost: 08:12/51:11 [09:22/44:13:19]  Acc_iter 1600        Data time: 0.01(0.01)  Forward time: 0.60(0.58)  Batch time: 0.61(0.58)
2024-10-25 20:18:23,422   INFO  Train:    1/40 (  2%) [1649/6870 ( 24%)]  Loss: 7.496 (8.67)  LR: 5.631e-05  Time cost: 08:41/50:40 [09:51/44:11:16]  Acc_iter 1650        Data time: 0.00(0.01)  Forward time: 0.44(0.58)  Batch time: 0.44(0.58)
2024-10-25 20:18:23,790   INFO  3090-1                      Fri Oct 25 20:18:23 2024  470.223.02
[0] NVIDIA GeForce RTX 3090 | 77'C, 100 % | 23240 / 24268 MB | ailab(23227M) gdm(4M) ailab(4M)
[1] NVIDIA GeForce RTX 3090 | 69'C, 100 % | 21776 / 24268 MB | ailab(21763M) gdm(4M) ailab(4M)
[2] NVIDIA GeForce RTX 3090 | 62'C,  11 % | 15228 / 24268 MB | ailab(15215M) gdm(4M) ailab(4M)
[3] NVIDIA GeForce RTX 3090 | 55'C,  98 % | 15292 / 24260 MB | ailab(15063M) gdm(26M) gdm(39M) ailab(93M) ailab(63M)

2024-10-25 20:18:52,205   INFO  Train:    1/40 (  2%) [1699/6870 ( 25%)]  Loss: 6.720 (8.63)  LR: 5.792e-05  Time cost: 09:10/50:09 [10:20/44:09:10]  Acc_iter 1700        Data time: 0.00(0.01)  Forward time: 0.56(0.58)  Batch time: 0.56(0.58)
2024-10-25 20:19:20,819   INFO  Train:    1/40 (  2%) [1749/6870 ( 25%)]  Loss: 8.089 (8.61)  LR: 5.959e-05  Time cost: 09:38/49:38 [10:49/44:06:27]  Acc_iter 1750        Data time: 0.01(0.01)  Forward time: 0.58(0.58)  Batch time: 0.59(0.58)
2024-10-25 20:19:42,853   INFO  Save latest model to /home/ailab/git/Team_3/baseline_code_and_model/03_3D객체검출차량용/02_baseline_code_and_model/output/waymo_models/dsvt_voxel_whole/default/ckpt/latest_model
2024-10-25 20:19:50,610   INFO  Train:    1/40 (  2%) [1799/6870 ( 26%)]  Loss: 7.175 (8.58)  LR: 6.130e-05  Time cost: 10:08/49:12 [11:18/44:09:05]  Acc_iter 1800        Data time: 0.00(0.01)  Forward time: 0.56(0.58)  Batch time: 0.56(0.58)
2024-10-25 20:19:50,980   INFO  3090-1                      Fri Oct 25 20:19:50 2024  470.223.02
[0] NVIDIA GeForce RTX 3090 | 77'C,  74 % | 23240 / 24268 MB | ailab(23227M) gdm(4M) ailab(4M)
[1] NVIDIA GeForce RTX 3090 | 69'C,  84 % | 21776 / 24268 MB | ailab(21763M) gdm(4M) ailab(4M)
[2] NVIDIA GeForce RTX 3090 | 62'C,  24 % | 15228 / 24268 MB | ailab(15215M) gdm(4M) ailab(4M)
[3] NVIDIA GeForce RTX 3090 | 55'C,  94 % | 15294 / 24260 MB | ailab(15063M) gdm(26M) gdm(39M) ailab(93M) ailab(64M)

2024-10-25 20:20:20,022   INFO  Train:    1/40 (  2%) [1849/6870 ( 27%)]  Loss: 8.107 (8.56)  LR: 6.305e-05  Time cost: 10:37/48:44 [11:48/44:09:51]  Acc_iter 1850        Data time: 0.00(0.01)  Forward time: 0.64(0.58)  Batch time: 0.64(0.58)
2024-10-25 20:20:49,022   INFO  Train:    1/40 (  2%) [1899/6870 ( 28%)]  Loss: 8.105 (8.53)  LR: 6.486e-05  Time cost: 11:06/48:15 [12:17/44:08:52]  Acc_iter 1900        Data time: 0.00(0.01)  Forward time: 0.61(0.58)  Batch time: 0.61(0.58)
2024-10-25 20:21:18,017   INFO  Train:    1/40 (  2%) [1949/6870 ( 28%)]  Loss: 9.615 (8.51)  LR: 6.671e-05  Time cost: 11:35/47:45 [12:46/44:07:54]  Acc_iter 1950        Data time: 0.01(0.01)  Forward time: 0.61(0.58)  Batch time: 0.62(0.58)
2024-10-25 20:21:18,346   INFO  3090-1                      Fri Oct 25 20:21:18 2024  470.223.02
[0] NVIDIA GeForce RTX 3090 | 76'C, 100 % | 23240 / 24268 MB | ailab(23227M) gdm(4M) ailab(4M)
[1] NVIDIA GeForce RTX 3090 | 68'C, 100 % | 21776 / 24268 MB | ailab(21763M) gdm(4M) ailab(4M)
[2] NVIDIA GeForce RTX 3090 | 63'C,  41 % | 15228 / 24268 MB | ailab(15215M) gdm(4M) ailab(4M)
[3] NVIDIA GeForce RTX 3090 | 56'C,  95 % | 15294 / 24260 MB | ailab(15063M) gdm(26M) gdm(39M) ailab(93M) ailab(64M)

2024-10-25 20:21:47,722   INFO  Train:    1/40 (  2%) [1999/6870 ( 29%)]  Loss: 7.595 (8.50)  LR: 6.861e-05  Time cost: 12:05/47:18 [13:15/44:09:35]  Acc_iter 2000        Data time: 0.01(0.01)  Forward time: 0.54(0.58)  Batch time: 0.56(0.58)
2024-10-25 20:22:17,011   INFO  Train:    1/40 (  2%) [2049/6870 ( 30%)]  Loss: 8.443 (8.48)  LR: 7.056e-05  Time cost: 12:34/46:50 [13:45/44:09:38]  Acc_iter 2050        Data time: 0.01(0.01)  Forward time: 0.59(0.58)  Batch time: 0.60(0.58)
2024-10-25 20:22:46,521   INFO  Train:    1/40 (  2%) [2099/6870 ( 31%)]  Loss: 8.122 (8.46)  LR: 7.255e-05  Time cost: 13:04/46:22 [14:14/44:10:23]  Acc_iter 2100        Data time: 0.00(0.01)  Forward time: 0.50(0.58)  Batch time: 0.50(0.58)
2024-10-25 20:22:46,849   INFO  3090-1                      Fri Oct 25 20:22:46 2024  470.223.02
[0] NVIDIA GeForce RTX 3090 | 77'C,  99 % | 23240 / 24268 MB | ailab(23227M) gdm(4M) ailab(4M)
[1] NVIDIA GeForce RTX 3090 | 68'C,  96 % | 21776 / 24268 MB | ailab(21763M) gdm(4M) ailab(4M)
[2] NVIDIA GeForce RTX 3090 | 63'C,   3 % | 15228 / 24268 MB | ailab(15215M) gdm(4M) ailab(4M)
[3] NVIDIA GeForce RTX 3090 | 55'C, 100 % | 15294 / 24260 MB | ailab(15063M) gdm(26M) gdm(39M) ailab(93M) ailab(64M)

2024-10-25 20:23:15,529   INFO  Train:    1/40 (  2%) [2149/6870 ( 31%)]  Loss: 6.463 (8.43)  LR: 7.459e-05  Time cost: 13:33/45:52 [14:43/44:09:25]  Acc_iter 2150        Data time: 0.00(0.01)  Forward time: 0.63(0.58)  Batch time: 0.64(0.58)
2024-10-25 20:23:43,840   INFO  Train:    1/40 (  2%) [2199/6870 ( 32%)]  Loss: 8.052 (8.41)  LR: 7.668e-05  Time cost: 14:01/45:20 [15:12/44:06:17]  Acc_iter 2200        Data time: 0.00(0.01)  Forward time: 0.69(0.58)  Batch time: 0.69(0.58)
2024-10-25 20:24:12,353   INFO  Train:    1/40 (  2%) [2249/6870 ( 33%)]  Loss: 7.745 (8.38)  LR: 7.881e-05  Time cost: 14:30/44:49 [15:40/44:03:57]  Acc_iter 2250        Data time: 0.01(0.01)  Forward time: 0.48(0.58)  Batch time: 0.49(0.58)
2024-10-25 20:24:12,666   INFO  3090-1                      Fri Oct 25 20:24:12 2024  470.223.02
[0] NVIDIA GeForce RTX 3090 | 77'C,  76 % | 23240 / 24268 MB | ailab(23227M) gdm(4M) ailab(4M)
[1] NVIDIA GeForce RTX 3090 | 69'C,  94 % | 21776 / 24268 MB | ailab(21763M) gdm(4M) ailab(4M)
[2] NVIDIA GeForce RTX 3090 | 63'C,  28 % | 15228 / 24268 MB | ailab(15215M) gdm(4M) ailab(4M)
[3] NVIDIA GeForce RTX 3090 | 56'C,  84 % | 15294 / 24260 MB | ailab(15063M) gdm(26M) gdm(39M) ailab(93M) ailab(64M)

2024-10-25 20:24:41,517   INFO  Train:    1/40 (  2%) [2299/6870 ( 33%)]  Loss: 9.602 (8.36)  LR: 8.100e-05  Time cost: 14:59/44:20 [16:09/44:03:38]  Acc_iter 2300        Data time: 0.01(0.01)  Forward time: 0.56(0.58)  Batch time: 0.57(0.58)
2024-10-25 20:24:42,884   INFO  Save latest model to /home/ailab/git/Team_3/baseline_code_and_model/03_3D객체검출차량용/02_baseline_code_and_model/output/waymo_models/dsvt_voxel_whole/default/ckpt/latest_model
2024-10-25 20:25:10,819   INFO  Train:    1/40 (  2%) [2349/6870 ( 34%)]  Loss: 7.707 (8.34)  LR: 8.323e-05  Time cost: 15:28/43:52 [16:39/44:03:43]  Acc_iter 2350        Data time: 0.00(0.01)  Forward time: 0.45(0.58)  Batch time: 0.45(0.58)
2024-10-25 20:25:39,681   INFO  Train:    1/40 (  2%) [2399/6870 ( 35%)]  Loss: 7.594 (8.32)  LR: 8.550e-05  Time cost: 15:57/43:22 [17:07/44:02:33]  Acc_iter 2400        Data time: 0.00(0.01)  Forward time: 0.53(0.58)  Batch time: 0.53(0.58)
2024-10-25 20:25:40,006   INFO  3090-1                      Fri Oct 25 20:25:39 2024  470.223.02
[0] NVIDIA GeForce RTX 3090 | 77'C,  79 % | 23240 / 24268 MB | ailab(23227M) gdm(4M) ailab(4M)
[1] NVIDIA GeForce RTX 3090 | 70'C,  75 % | 21776 / 24268 MB | ailab(21763M) gdm(4M) ailab(4M)
[2] NVIDIA GeForce RTX 3090 | 63'C,  16 % | 15228 / 24268 MB | ailab(15215M) gdm(4M) ailab(4M)
[3] NVIDIA GeForce RTX 3090 | 56'C,  96 % | 15294 / 24260 MB | ailab(15063M) gdm(26M) gdm(39M) ailab(93M) ailab(64M)

2024-10-25 20:26:08,435   INFO  Train:    1/40 (  2%) [2449/6870 ( 36%)]  Loss: 9.137 (8.30)  LR: 8.782e-05  Time cost: 16:26/42:52 [17:36/44:01:08]  Acc_iter 2450        Data time: 0.00(0.01)  Forward time: 0.66(0.58)  Batch time: 0.66(0.58)
2024-10-25 20:26:36,870   INFO  Train:    1/40 (  2%) [2499/6870 ( 36%)]  Loss: 7.261 (8.28)  LR: 9.019e-05  Time cost: 16:54/42:21 [18:05/43:58:56]  Acc_iter 2500        Data time: 0.01(0.01)  Forward time: 0.50(0.58)  Batch time: 0.50(0.58)
2024-10-25 20:27:05,459   INFO  Train:    1/40 (  2%) [2549/6870 ( 37%)]  Loss: 7.922 (8.26)  LR: 9.261e-05  Time cost: 17:23/41:51 [18:33/43:57:13]  Acc_iter 2550        Data time: 0.00(0.01)  Forward time: 0.54(0.58)  Batch time: 0.55(0.58)
2024-10-25 20:27:05,773   INFO  3090-1                      Fri Oct 25 20:27:05 2024  470.223.02
[0] NVIDIA GeForce RTX 3090 | 77'C, 100 % | 23240 / 24268 MB | ailab(23227M) gdm(4M) ailab(4M)
[1] NVIDIA GeForce RTX 3090 | 68'C,  99 % | 21776 / 24268 MB | ailab(21763M) gdm(4M) ailab(4M)
[2] NVIDIA GeForce RTX 3090 | 63'C,  18 % | 15228 / 24268 MB | ailab(15215M) gdm(4M) ailab(4M)
[3] NVIDIA GeForce RTX 3090 | 56'C,  94 % | 15294 / 24260 MB | ailab(15063M) gdm(26M) gdm(39M) ailab(93M) ailab(65M)

2024-10-25 20:27:34,274   INFO  Train:    1/40 (  2%) [2599/6870 ( 38%)]  Loss: 8.911 (8.24)  LR: 9.507e-05  Time cost: 17:52/41:21 [19:02/43:56:08]  Acc_iter 2600        Data time: 0.00(0.01)  Forward time: 0.58(0.57)  Batch time: 0.58(0.58)
2024-10-25 20:28:02,156   INFO  Train:    1/40 (  2%) [2649/6870 ( 39%)]  Loss: 8.079 (8.22)  LR: 9.758e-05  Time cost: 18:19/40:50 [19:30/43:52:51]  Acc_iter 2650        Data time: 0.01(0.01)  Forward time: 0.56(0.57)  Batch time: 0.57(0.58)
2024-10-25 20:28:31,577   INFO  Train:    1/40 (  2%) [2699/6870 ( 39%)]  Loss: 7.913 (8.21)  LR: 1.001e-04  Time cost: 18:49/40:21 [19:59/43:53:17]  Acc_iter 2700        Data time: 0.00(0.01)  Forward time: 0.61(0.57)  Batch time: 0.62(0.58)
2024-10-25 20:28:31,918   INFO  3090-1                      Fri Oct 25 20:28:31 2024  470.223.02
[0] NVIDIA GeForce RTX 3090 | 75'C,  97 % | 23240 / 24268 MB | ailab(23227M) gdm(4M) ailab(4M)
[1] NVIDIA GeForce RTX 3090 | 67'C,  85 % | 21776 / 24268 MB | ailab(21763M) gdm(4M) ailab(4M)
[2] NVIDIA GeForce RTX 3090 | 63'C,   0 % | 15228 / 24268 MB | ailab(15215M) gdm(4M) ailab(4M)
[3] NVIDIA GeForce RTX 3090 | 55'C, 100 % | 15294 / 24260 MB | ailab(15063M) gdm(26M) gdm(39M) ailab(93M) ailab(64M)

2024-10-25 20:29:00,661   INFO  Train:    1/40 (  2%) [2749/6870 ( 40%)]  Loss: 6.357 (8.18)  LR: 1.027e-04  Time cost: 19:18/39:53 [20:28/43:52:55]  Acc_iter 2750        Data time: 0.01(0.01)  Forward time: 0.60(0.57)  Batch time: 0.61(0.58)
2024-10-25 20:29:29,683   INFO  Train:    1/40 (  2%) [2799/6870 ( 41%)]  Loss: 7.438 (8.16)  LR: 1.054e-04  Time cost: 19:47/39:23 [20:57/43:52:25]  Acc_iter 2800        Data time: 0.01(0.01)  Forward time: 0.53(0.57)  Batch time: 0.54(0.58)
2024-10-25 20:29:42,650   INFO  Save latest model to /home/ailab/git/Team_3/baseline_code_and_model/03_3D객체검출차량용/02_baseline_code_and_model/output/waymo_models/dsvt_voxel_whole/default/ckpt/latest_model
2024-10-25 20:30:00,118   INFO  Train:    1/40 (  2%) [2849/6870 ( 41%)]  Loss: 6.429 (8.14)  LR: 1.081e-04  Time cost: 20:17/38:57 [21:28/43:54:58]  Acc_iter 2850        Data time: 0.00(0.01)  Forward time: 0.58(0.58)  Batch time: 0.59(0.58)
2024-10-25 20:30:00,454   INFO  3090-1                      Fri Oct 25 20:30:00 2024  470.223.02
[0] NVIDIA GeForce RTX 3090 | 78'C, 100 % | 23240 / 24268 MB | ailab(23227M) gdm(4M) ailab(4M)
[1] NVIDIA GeForce RTX 3090 | 70'C, 100 % | 21776 / 24268 MB | ailab(21763M) gdm(4M) ailab(4M)
[2] NVIDIA GeForce RTX 3090 | 63'C,   0 % | 15228 / 24268 MB | ailab(15215M) gdm(4M) ailab(4M)
[3] NVIDIA GeForce RTX 3090 | 55'C, 100 % | 15294 / 24260 MB | ailab(15063M) gdm(26M) gdm(39M) ailab(93M) ailab(64M)

2024-10-25 20:30:29,105   INFO  Train:    1/40 (  2%) [2899/6870 ( 42%)]  Loss: 7.284 (8.13)  LR: 1.108e-04  Time cost: 20:46/38:28 [21:57/43:54:18]  Acc_iter 2900        Data time: 0.00(0.01)  Forward time: 0.58(0.58)  Batch time: 0.58(0.58)
2024-10-25 20:30:58,617   INFO  Train:    1/40 (  2%) [2949/6870 ( 43%)]  Loss: 7.086 (8.11)  LR: 1.136e-04  Time cost: 21:16/38:00 [22:26/43:54:44]  Acc_iter 2950        Data time: 0.00(0.01)  Forward time: 0.54(0.58)  Batch time: 0.54(0.58)
2024-10-25 20:31:27,813   INFO  Train:    1/40 (  2%) [2999/6870 ( 44%)]  Loss: 10.84 (8.09)  LR: 1.164e-04  Time cost: 21:45/37:31 [22:56/43:54:30]  Acc_iter 3000        Data time: 0.00(0.01)  Forward time: 0.55(0.58)  Batch time: 0.55(0.58)
2024-10-25 20:31:28,165   INFO  3090-1                      Fri Oct 25 20:31:28 2024  470.223.02
[0] NVIDIA GeForce RTX 3090 | 77'C,  99 % | 23240 / 24268 MB | ailab(23227M) gdm(4M) ailab(4M)
[1] NVIDIA GeForce RTX 3090 | 68'C,  99 % | 21776 / 24268 MB | ailab(21763M) gdm(4M) ailab(4M)
[2] NVIDIA GeForce RTX 3090 | 63'C,  36 % | 15228 / 24268 MB | ailab(15215M) gdm(4M) ailab(4M)
[3] NVIDIA GeForce RTX 3090 | 55'C,  95 % | 15294 / 24260 MB | ailab(15063M) gdm(26M) gdm(39M) ailab(93M) ailab(64M)

2024-10-25 20:31:56,763   INFO  Train:    1/40 (  2%) [3049/6870 ( 44%)]  Loss: 6.443 (8.07)  LR: 1.193e-04  Time cost: 22:14/37:01 [23:25/43:53:46]  Acc_iter 3050        Data time: 0.00(0.01)  Forward time: 0.65(0.58)  Batch time: 0.65(0.58)
2024-10-25 20:32:25,510   INFO  Train:    1/40 (  2%) [3099/6870 ( 45%)]  Loss: 6.808 (8.05)  LR: 1.222e-04  Time cost: 22:43/36:32 [23:53/43:52:39]  Acc_iter 3100        Data time: 0.00(0.01)  Forward time: 0.55(0.58)  Batch time: 0.56(0.58)
2024-10-25 20:32:55,247   INFO  Train:    1/40 (  2%) [3149/6870 ( 46%)]  Loss: 8.324 (8.03)  LR: 1.252e-04  Time cost: 23:13/36:04 [24:23/43:53:25]  Acc_iter 3150        Data time: 0.01(0.01)  Forward time: 0.62(0.58)  Batch time: 0.62(0.58)
2024-10-25 20:32:55,573   INFO  3090-1                      Fri Oct 25 20:32:55 2024  470.223.02
[0] NVIDIA GeForce RTX 3090 | 77'C,  93 % | 23240 / 24268 MB | ailab(23227M) gdm(4M) ailab(4M)
[1] NVIDIA GeForce RTX 3090 | 69'C,  86 % | 21776 / 24268 MB | ailab(21763M) gdm(4M) ailab(4M)
[2] NVIDIA GeForce RTX 3090 | 63'C,   0 % | 15228 / 24268 MB | ailab(15215M) gdm(4M) ailab(4M)
[3] NVIDIA GeForce RTX 3090 | 55'C, 100 % | 15294 / 24260 MB | ailab(15063M) gdm(26M) gdm(39M) ailab(93M) ailab(64M)

2024-10-25 20:33:24,468   INFO  Train:    1/40 (  2%) [3199/6870 ( 47%)]  Loss: 6.477 (8.02)  LR: 1.282e-04  Time cost: 23:42/35:35 [24:52/43:53:12]  Acc_iter 3200        Data time: 0.01(0.01)  Forward time: 0.55(0.58)  Batch time: 0.56(0.58)
2024-10-25 20:33:53,591   INFO  Train:    1/40 (  2%) [3249/6870 ( 47%)]  Loss: 7.024 (8.00)  LR: 1.313e-04  Time cost: 24:11/35:06 [25:21/43:52:47]  Acc_iter 3250        Data time: 0.00(0.01)  Forward time: 0.65(0.58)  Batch time: 0.65(0.58)
2024-10-25 20:34:22,579   INFO  Train:    1/40 (  2%) [3299/6870 ( 48%)]  Loss: 7.635 (7.99)  LR: 1.344e-04  Time cost: 24:40/34:37 [25:50/43:52:07]  Acc_iter 3300        Data time: 0.00(0.01)  Forward time: 0.57(0.58)  Batch time: 0.57(0.58)
2024-10-25 20:34:22,924   INFO  3090-1                      Fri Oct 25 20:34:22 2024  470.223.02
[0] NVIDIA GeForce RTX 3090 | 75'C,  92 % | 23240 / 24268 MB | ailab(23227M) gdm(4M) ailab(4M)
[1] NVIDIA GeForce RTX 3090 | 67'C,  94 % | 21776 / 24268 MB | ailab(21763M) gdm(4M) ailab(4M)
[2] NVIDIA GeForce RTX 3090 | 62'C,   0 % | 15228 / 24268 MB | ailab(15215M) gdm(4M) ailab(4M)
[3] NVIDIA GeForce RTX 3090 | 55'C,  95 % | 15294 / 24260 MB | ailab(15063M) gdm(26M) gdm(39M) ailab(93M) ailab(64M)

2024-10-25 20:34:42,910   INFO  Save latest model to /home/ailab/git/Team_3/baseline_code_and_model/03_3D객체검출차량용/02_baseline_code_and_model/output/waymo_models/dsvt_voxel_whole/default/ckpt/latest_model
2024-10-25 20:34:52,410   INFO  Train:    1/40 (  2%) [3349/6870 ( 49%)]  Loss: 7.022 (7.97)  LR: 1.375e-04  Time cost: 25:10/34:09 [26:20/43:52:56]  Acc_iter 3350        Data time: 0.00(0.01)  Forward time: 0.61(0.58)  Batch time: 0.61(0.58)
2024-10-25 20:35:21,470   INFO  Train:    1/40 (  2%) [3399/6870 ( 49%)]  Loss: 7.714 (7.96)  LR: 1.407e-04  Time cost: 25:39/33:39 [26:49/43:52:23]  Acc_iter 3400        Data time: 0.00(0.01)  Forward time: 0.54(0.58)  Batch time: 0.54(0.58)
2024-10-25 20:35:50,114   INFO  Train:    1/40 (  2%) [3449/6870 ( 50%)]  Loss: 7.213 (7.94)  LR: 1.440e-04  Time cost: 26:07/33:10 [27:18/43:51:08]  Acc_iter 3450        Data time: 0.00(0.01)  Forward time: 0.56(0.58)  Batch time: 0.56(0.58)
2024-10-25 20:35:50,449   INFO  3090-1                      Fri Oct 25 20:35:50 2024  470.223.02
[0] NVIDIA GeForce RTX 3090 | 75'C, 100 % | 23240 / 24268 MB | ailab(23227M) gdm(4M) ailab(4M)
[1] NVIDIA GeForce RTX 3090 | 68'C,  99 % | 21776 / 24268 MB | ailab(21763M) gdm(4M) ailab(4M)
[2] NVIDIA GeForce RTX 3090 | 62'C,  27 % | 15228 / 24268 MB | ailab(15215M) gdm(4M) ailab(4M)
[3] NVIDIA GeForce RTX 3090 | 54'C,  95 % | 15294 / 24260 MB | ailab(15063M) gdm(26M) gdm(39M) ailab(93M) ailab(64M)

2024-10-25 20:36:19,516   INFO  Train:    1/40 (  2%) [3499/6870 ( 51%)]  Loss: 6.209 (7.93)  LR: 1.472e-04  Time cost: 26:37/32:41 [27:47/43:51:10]  Acc_iter 3500        Data time: 0.00(0.01)  Forward time: 0.60(0.58)  Batch time: 0.60(0.58)
2024-10-25 20:36:47,768   INFO  Train:    1/40 (  2%) [3549/6870 ( 52%)]  Loss: 7.407 (7.91)  LR: 1.506e-04  Time cost: 27:05/32:11 [28:16/43:49:19]  Acc_iter 3550        Data time: 0.01(0.01)  Forward time: 0.62(0.58)  Batch time: 0.63(0.58)
2024-10-25 20:37:17,353   INFO  Train:    1/40 (  2%) [3599/6870 ( 52%)]  Loss: 7.143 (7.89)  LR: 1.539e-04  Time cost: 27:35/31:42 [28:45/43:49:38]  Acc_iter 3600        Data time: 0.01(0.01)  Forward time: 0.57(0.58)  Batch time: 0.58(0.58)
2024-10-25 20:37:17,720   INFO  3090-1                      Fri Oct 25 20:37:17 2024  470.223.02
[0] NVIDIA GeForce RTX 3090 | 76'C, 100 % | 23240 / 24268 MB | ailab(23227M) gdm(4M) ailab(4M)
[1] NVIDIA GeForce RTX 3090 | 69'C, 100 % | 21776 / 24268 MB | ailab(21763M) gdm(4M) ailab(4M)
[2] NVIDIA GeForce RTX 3090 | 62'C,   0 % | 15228 / 24268 MB | ailab(15215M) gdm(4M) ailab(4M)
[3] NVIDIA GeForce RTX 3090 | 55'C, 100 % | 15294 / 24260 MB | ailab(15063M) gdm(26M) gdm(39M) ailab(93M) ailab(64M)

2024-10-25 20:37:46,422   INFO  Train:    1/40 (  2%) [3649/6870 ( 53%)]  Loss: 9.225 (7.88)  LR: 1.574e-04  Time cost: 28:04/31:13 [29:14/43:49:07]  Acc_iter 3650        Data time: 0.01(0.01)  Forward time: 0.62(0.58)  Batch time: 0.63(0.58)
2024-10-25 20:38:15,345   INFO  Train:    1/40 (  2%) [3699/6870 ( 54%)]  Loss: 6.264 (7.86)  LR: 1.608e-04  Time cost: 28:33/30:44 [29:43/43:48:23]  Acc_iter 3700        Data time: 0.00(0.01)  Forward time: 0.60(0.58)  Batch time: 0.60(0.58)
2024-10-25 20:38:44,046   INFO  Train:    1/40 (  2%) [3749/6870 ( 55%)]  Loss: 6.551 (7.84)  LR: 1.643e-04  Time cost: 29:01/30:15 [30:12/43:47:19]  Acc_iter 3750        Data time: 0.02(0.01)  Forward time: 0.49(0.58)  Batch time: 0.51(0.58)
2024-10-25 20:38:44,404   INFO  3090-1                      Fri Oct 25 20:38:44 2024  470.223.02
[0] NVIDIA GeForce RTX 3090 | 76'C, 100 % | 23240 / 24268 MB | ailab(23227M) gdm(4M) ailab(4M)
[1] NVIDIA GeForce RTX 3090 | 69'C, 100 % | 21776 / 24268 MB | ailab(21763M) gdm(4M) ailab(4M)
[2] NVIDIA GeForce RTX 3090 | 61'C,  24 % | 15228 / 24268 MB | ailab(15215M) gdm(4M) ailab(4M)
[3] NVIDIA GeForce RTX 3090 | 55'C,  90 % | 15292 / 24260 MB | ailab(15063M) gdm(26M) gdm(39M) ailab(93M) ailab(63M)

2024-10-25 20:39:12,997   INFO  Train:    1/40 (  2%) [3799/6870 ( 55%)]  Loss: 6.706 (7.83)  LR: 1.679e-04  Time cost: 29:30/29:45 [30:41/43:46:39]  Acc_iter 3800        Data time: 0.00(0.01)  Forward time: 0.57(0.58)  Batch time: 0.58(0.58)
2024-10-25 20:39:41,622   INFO  Train:    1/40 (  2%) [3849/6870 ( 56%)]  Loss: 7.374 (7.81)  LR: 1.715e-04  Time cost: 29:59/29:16 [31:09/43:45:30]  Acc_iter 3850        Data time: 0.01(0.01)  Forward time: 0.59(0.58)  Batch time: 0.60(0.58)
2024-10-25 20:39:42,514   INFO  Save latest model to /home/ailab/git/Team_3/baseline_code_and_model/03_3D객체검출차량용/02_baseline_code_and_model/output/waymo_models/dsvt_voxel_whole/default/ckpt/latest_model
2024-10-25 20:40:11,064   INFO  Train:    1/40 (  2%) [3899/6870 ( 57%)]  Loss: 8.230 (7.80)  LR: 1.751e-04  Time cost: 30:28/28:47 [31:39/43:45:33]  Acc_iter 3900        Data time: 0.02(0.01)  Forward time: 0.56(0.58)  Batch time: 0.58(0.58)
2024-10-25 20:40:11,392   INFO  3090-1                      Fri Oct 25 20:40:11 2024  470.223.02
[0] NVIDIA GeForce RTX 3090 | 76'C, 100 % | 23240 / 24268 MB | ailab(23227M) gdm(4M) ailab(4M)
[1] NVIDIA GeForce RTX 3090 | 69'C, 100 % | 21776 / 24268 MB | ailab(21763M) gdm(4M) ailab(4M)
[2] NVIDIA GeForce RTX 3090 | 62'C,  46 % | 15228 / 24268 MB | ailab(15215M) gdm(4M) ailab(4M)
[3] NVIDIA GeForce RTX 3090 | 55'C,  95 % | 15294 / 24260 MB | ailab(15063M) gdm(26M) gdm(39M) ailab(93M) ailab(64M)

2024-10-25 20:40:39,685   INFO  Train:    1/40 (  2%) [3949/6870 ( 57%)]  Loss: 6.667 (7.78)  LR: 1.788e-04  Time cost: 30:57/28:18 [32:07/43:44:25]  Acc_iter 3950        Data time: 0.01(0.01)  Forward time: 0.72(0.58)  Batch time: 0.73(0.58)
2024-10-25 20:41:09,180   INFO  Train:    1/40 (  2%) [3999/6870 ( 58%)]  Loss: 6.871 (7.77)  LR: 1.825e-04  Time cost: 31:26/27:49 [32:37/43:44:32]  Acc_iter 4000        Data time: 0.00(0.01)  Forward time: 0.60(0.58)  Batch time: 0.60(0.58)
2024-10-25 20:41:38,679   INFO  Train:    1/40 (  2%) [4049/6870 ( 59%)]  Loss: 6.251 (7.76)  LR: 1.863e-04  Time cost: 31:56/27:20 [33:06/43:44:37]  Acc_iter 4050        Data time: 0.01(0.01)  Forward time: 0.47(0.58)  Batch time: 0.48(0.58)
2024-10-25 20:41:39,015   INFO  3090-1                      Fri Oct 25 20:41:39 2024  470.223.02
[0] NVIDIA GeForce RTX 3090 | 77'C,  82 % | 23240 / 24268 MB | ailab(23227M) gdm(4M) ailab(4M)
[1] NVIDIA GeForce RTX 3090 | 69'C,  84 % | 21776 / 24268 MB | ailab(21763M) gdm(4M) ailab(4M)
[2] NVIDIA GeForce RTX 3090 | 62'C,   0 % | 15228 / 24268 MB | ailab(15215M) gdm(4M) ailab(4M)
[3] NVIDIA GeForce RTX 3090 | 55'C, 100 % | 15294 / 24260 MB | ailab(15063M) gdm(26M) gdm(39M) ailab(93M) ailab(64M)

2024-10-25 20:42:09,125   INFO  Train:    1/40 (  2%) [4099/6870 ( 60%)]  Loss: 6.157 (7.75)  LR: 1.901e-04  Time cost: 32:26/26:52 [33:37/43:45:59]  Acc_iter 4100        Data time: 0.00(0.01)  Forward time: 0.56(0.58)  Batch time: 0.56(0.58)
2024-10-25 20:42:38,527   INFO  Train:    1/40 (  2%) [4149/6870 ( 60%)]  Loss: 6.709 (7.73)  LR: 1.939e-04  Time cost: 32:56/26:23 [34:06/43:45:54]  Acc_iter 4150        Data time: 0.00(0.01)  Forward time: 0.52(0.58)  Batch time: 0.52(0.58)
